{"C:\\Users\\espin\\Desktop\\Nueva carpeta\\challenge-qsur\\src\\App.tsx": {"path":"C:\\Users\\espin\\Desktop\\Nueva carpeta\\challenge-qsur\\src\\App.tsx","statementMap":{"0":{"start":{"line":1,"column":0},"end":{"line":1,"column":41}},"1":{"start":{"line":2,"column":0},"end":{"line":2,"column":57}},"2":{"start":{"line":3,"column":0},"end":{"line":3,"column":54}},"3":{"start":{"line":4,"column":0},"end":{"line":4,"column":58}},"4":{"start":{"line":5,"column":0},"end":{"line":5,"column":67}},"5":{"start":{"line":9,"column":32},"end":{"line":9,"column":59}},"6":{"start":{"line":10,"column":32},"end":{"line":10,"column":73}},"7":{"start":{"line":12,"column":30},"end":{"line":14,"column":3}},"8":{"start":{"line":13,"column":4},"end":{"line":13,"column":null}},"9":{"start":{"line":16,"column":2},"end":{"line":24,"column":null}},"10":{"start":{"line":20,"column":93},"end":{"line":20,"column":120}},"11":{"start":{"line":27,"column":0},"end":{"line":27,"column":null}}},"fnMap":{"0":{"name":"App","decl":{"start":{"line":8,"column":9},"end":{"line":8,"column":12}},"loc":{"start":{"line":8,"column":12},"end":{"line":25,"column":1}}},"1":{"name":"(anonymous_1)","decl":{"start":{"line":12,"column":30},"end":{"line":12,"column":31}},"loc":{"start":{"line":12,"column":55},"end":{"line":14,"column":3}}},"2":{"name":"(anonymous_2)","decl":{"start":{"line":20,"column":87},"end":{"line":20,"column":90}},"loc":{"start":{"line":20,"column":93},"end":{"line":20,"column":120}}}},"branchMap":{},"s":{"0":0,"1":0,"2":0,"3":0,"4":0,"5":0,"6":0,"7":0,"8":0,"9":0,"10":0,"11":0},"f":{"0":0,"1":0,"2":0},"b":{}}
,"C:\\Users\\espin\\Desktop\\Nueva carpeta\\challenge-qsur\\src\\assets\\NotFound.tsx": {"path":"C:\\Users\\espin\\Desktop\\Nueva carpeta\\challenge-qsur\\src\\assets\\NotFound.tsx","statementMap":{"0":{"start":{"line":1,"column":31},"end":{"line":83,"column":1}},"1":{"start":{"line":2,"column":4},"end":{"line":82,"column":6}},"2":{"start":{"line":1,"column":13},"end":{"line":1,"column":31}}},"fnMap":{"0":{"name":"(anonymous_0)","decl":{"start":{"line":1,"column":31},"end":{"line":1,"column":34}},"loc":{"start":{"line":1,"column":36},"end":{"line":83,"column":1}}}},"branchMap":{},"s":{"0":1,"1":2,"2":1},"f":{"0":2},"b":{}}
,"C:\\Users\\espin\\Desktop\\Nueva carpeta\\challenge-qsur\\src\\assets\\SearchIcon.tsx": {"path":"C:\\Users\\espin\\Desktop\\Nueva carpeta\\challenge-qsur\\src\\assets\\SearchIcon.tsx","statementMap":{"0":{"start":{"line":3,"column":26},"end":{"line":26,"column":3}},"1":{"start":{"line":4,"column":4},"end":{"line":25,"column":6}},"2":{"start":{"line":3,"column":13},"end":{"line":3,"column":26}}},"fnMap":{"0":{"name":"(anonymous_0)","decl":{"start":{"line":3,"column":26},"end":{"line":3,"column":27}},"loc":{"start":{"line":3,"column":110},"end":{"line":26,"column":3}}}},"branchMap":{"0":{"loc":{"start":{"line":3,"column":40},"end":{"line":3,"column":62}},"type":"default-arg","locations":[{"start":{"line":3,"column":48},"end":{"line":3,"column":62}}]},"1":{"loc":{"start":{"line":3,"column":64},"end":{"line":3,"column":75}},"type":"default-arg","locations":[{"start":{"line":3,"column":71},"end":{"line":3,"column":75}}]},"2":{"loc":{"start":{"line":3,"column":77},"end":{"line":3,"column":94}},"type":"default-arg","locations":[{"start":{"line":3,"column":91},"end":{"line":3,"column":94}}]}},"s":{"0":6,"1":6,"2":6},"f":{"0":6},"b":{"0":[5],"1":[5],"2":[5]}}
,"C:\\Users\\espin\\Desktop\\Nueva carpeta\\challenge-qsur\\src\\atoms\\index.ts": {"path":"C:\\Users\\espin\\Desktop\\Nueva carpeta\\challenge-qsur\\src\\atoms\\index.ts","statementMap":{"0":{"start":{"line":3,"column":0},"end":{"line":3,"column":30}},"1":{"start":{"line":5,"column":13},"end":{"line":8,"column":3}},"2":{"start":{"line":10,"column":13},"end":{"line":13,"column":3}},"3":{"start":{"line":15,"column":13},"end":{"line":18,"column":3}},"4":{"start":{"line":20,"column":13},"end":{"line":27,"column":3}},"5":{"start":{"line":29,"column":13},"end":{"line":32,"column":3}},"6":{"start":{"line":34,"column":13},"end":{"line":37,"column":3}},"7":{"start":{"line":39,"column":13},"end":{"line":42,"column":3}},"8":{"start":{"line":44,"column":13},"end":{"line":47,"column":3}},"9":{"start":{"line":49,"column":13},"end":{"line":52,"column":3}}},"fnMap":{},"branchMap":{},"s":{"0":6,"1":6,"2":6,"3":6,"4":6,"5":6,"6":6,"7":6,"8":6,"9":6},"f":{},"b":{}}
,"C:\\Users\\espin\\Desktop\\Nueva carpeta\\challenge-qsur\\src\\components\\Badge.tsx": {"path":"C:\\Users\\espin\\Desktop\\Nueva carpeta\\challenge-qsur\\src\\components\\Badge.tsx","statementMap":{"0":{"start":{"line":2,"column":0},"end":{"line":2,"column":27}},"1":{"start":{"line":9,"column":21},"end":{"line":18,"column":1}},"2":{"start":{"line":10,"column":4},"end":{"line":17,"column":null}},"3":{"start":{"line":9,"column":13},"end":{"line":9,"column":21}}},"fnMap":{"0":{"name":"(anonymous_0)","decl":{"start":{"line":9,"column":21},"end":{"line":9,"column":22}},"loc":{"start":{"line":9,"column":90},"end":{"line":18,"column":1}}}},"branchMap":{"0":{"loc":{"start":{"line":9,"column":35},"end":{"line":9,"column":54}},"type":"default-arg","locations":[{"start":{"line":9,"column":45},"end":{"line":9,"column":54}}]},"1":{"loc":{"start":{"line":12,"column":8},"end":{"line":12,"column":77}},"type":"binary-expr","locations":[{"start":{"line":12,"column":8},"end":{"line":12,"column":29}},{"start":{"line":12,"column":33},"end":{"line":12,"column":77}}]},"2":{"loc":{"start":{"line":13,"column":8},"end":{"line":13,"column":79}},"type":"binary-expr","locations":[{"start":{"line":13,"column":8},"end":{"line":13,"column":31}},{"start":{"line":13,"column":35},"end":{"line":13,"column":79}}]},"3":{"loc":{"start":{"line":14,"column":8},"end":{"line":14,"column":100}},"type":"binary-expr","locations":[{"start":{"line":14,"column":8},"end":{"line":14,"column":33}},{"start":{"line":14,"column":37},"end":{"line":14,"column":100}}]},"4":{"loc":{"start":{"line":15,"column":8},"end":{"line":15,"column":50}},"type":"binary-expr","locations":[{"start":{"line":15,"column":8},"end":{"line":15,"column":29}},{"start":{"line":15,"column":33},"end":{"line":15,"column":50}}]}},"s":{"0":2,"1":2,"2":11,"3":2},"f":{"0":11},"b":{"0":[0],"1":[11,7],"2":[11,2],"3":[11,1],"4":[11,1]}}
,"C:\\Users\\espin\\Desktop\\Nueva carpeta\\challenge-qsur\\src\\components\\Button.tsx": {"path":"C:\\Users\\espin\\Desktop\\Nueva carpeta\\challenge-qsur\\src\\components\\Button.tsx","statementMap":{"0":{"start":{"line":1,"column":0},"end":{"line":1,"column":87}},"1":{"start":{"line":2,"column":0},"end":{"line":2,"column":28}},"2":{"start":{"line":16,"column":15},"end":{"line":58,"column":2}},"3":{"start":{"line":17,"column":110},"end":{"line":17,"column":115}},"4":{"start":{"line":19,"column":62},"end":{"line":25,"column":5}},"5":{"start":{"line":20,"column":8},"end":{"line":23,"column":9}},"6":{"start":{"line":21,"column":12},"end":{"line":21,"column":31}},"7":{"start":{"line":22,"column":12},"end":{"line":22,"column":19}},"8":{"start":{"line":24,"column":8},"end":{"line":24,"column":21}},"9":{"start":{"line":27,"column":4},"end":{"line":57,"column":6}},"10":{"start":{"line":60,"column":0},"end":{"line":60,"column":30}},"11":{"start":{"line":61,"column":0},"end":{"line":61,"column":22}}},"fnMap":{"0":{"name":"(anonymous_0)","decl":{"start":{"line":16,"column":52},"end":{"line":16,"column":53}},"loc":{"start":{"line":16,"column":76},"end":{"line":58,"column":1}}},"1":{"name":"(anonymous_1)","decl":{"start":{"line":19,"column":62},"end":{"line":19,"column":63}},"loc":{"start":{"line":19,"column":68},"end":{"line":25,"column":5}}}},"branchMap":{"0":{"loc":{"start":{"line":17,"column":32},"end":{"line":17,"column":47}},"type":"default-arg","locations":[{"start":{"line":17,"column":39},"end":{"line":17,"column":47}}]},"1":{"loc":{"start":{"line":20,"column":8},"end":{"line":23,"column":9}},"type":"if","locations":[{"start":{"line":20,"column":8},"end":{"line":23,"column":9}}]},"2":{"loc":{"start":{"line":35,"column":16},"end":{"line":35,"column":109}},"type":"binary-expr","locations":[{"start":{"line":35,"column":16},"end":{"line":35,"column":37}},{"start":{"line":35,"column":41},"end":{"line":35,"column":109}}]},"3":{"loc":{"start":{"line":36,"column":16},"end":{"line":36,"column":106}},"type":"binary-expr","locations":[{"start":{"line":36,"column":16},"end":{"line":36,"column":39}},{"start":{"line":36,"column":43},"end":{"line":36,"column":106}}]},"4":{"loc":{"start":{"line":37,"column":16},"end":{"line":37,"column":105}},"type":"binary-expr","locations":[{"start":{"line":37,"column":16},"end":{"line":37,"column":41}},{"start":{"line":37,"column":45},"end":{"line":37,"column":105}}]},"5":{"loc":{"start":{"line":38,"column":16},"end":{"line":38,"column":71}},"type":"binary-expr","locations":[{"start":{"line":38,"column":16},"end":{"line":38,"column":24}},{"start":{"line":38,"column":28},"end":{"line":38,"column":71}}]},"6":{"loc":{"start":{"line":39,"column":16},"end":{"line":39,"column":79}},"type":"cond-expr","locations":[{"start":{"line":39,"column":28},"end":{"line":39,"column":55}},{"start":{"line":39,"column":58},"end":{"line":39,"column":79}}]},"7":{"loc":{"start":{"line":40,"column":16},"end":{"line":40,"column":51}},"type":"binary-expr","locations":[{"start":{"line":40,"column":16},"end":{"line":40,"column":24}},{"start":{"line":40,"column":28},"end":{"line":40,"column":51}}]},"8":{"loc":{"start":{"line":46,"column":13},"end":{"line":54,"column":20}},"type":"cond-expr","locations":[{"start":{"line":47,"column":16},"end":{"line":52,"column":null}},{"start":{"line":54,"column":16},"end":{"line":54,"column":20}}]},"9":{"loc":{"start":{"line":50,"column":24},"end":{"line":50,"column":63}},"type":"binary-expr","locations":[{"start":{"line":50,"column":24},"end":{"line":50,"column":45}},{"start":{"line":50,"column":49},"end":{"line":50,"column":63}}]},"10":{"loc":{"start":{"line":51,"column":24},"end":{"line":51,"column":71}},"type":"binary-expr","locations":[{"start":{"line":51,"column":24},"end":{"line":51,"column":47}},{"start":{"line":51,"column":51},"end":{"line":51,"column":71}}]}},"s":{"0":7,"1":7,"2":7,"3":107,"4":107,"5":10,"6":1,"7":1,"8":9,"9":107,"10":7,"11":7},"f":{"0":107,"1":10},"b":{"0":[25],"1":[1],"2":[107,60],"3":[107,37],"4":[107,10],"5":[107,1],"6":[2,105],"7":[107,1],"8":[2,105],"9":[2,2],"10":[2,0]}}
,"C:\\Users\\espin\\Desktop\\Nueva carpeta\\challenge-qsur\\src\\components\\Divider.tsx": {"path":"C:\\Users\\espin\\Desktop\\Nueva carpeta\\challenge-qsur\\src\\components\\Divider.tsx","statementMap":{"0":{"start":{"line":1,"column":23},"end":{"line":2,"column":null}},"1":{"start":{"line":2,"column":4},"end":{"line":2,"column":99}},"2":{"start":{"line":1,"column":13},"end":{"line":1,"column":23}}},"fnMap":{"0":{"name":"(anonymous_0)","decl":{"start":{"line":1,"column":23},"end":{"line":1,"column":24}},"loc":{"start":{"line":2,"column":4},"end":{"line":2,"column":99}}}},"branchMap":{},"s":{"0":1,"1":3,"2":1},"f":{"0":3},"b":{}}
,"C:\\Users\\espin\\Desktop\\Nueva carpeta\\challenge-qsur\\src\\components\\Dropdown.tsx": {"path":"C:\\Users\\espin\\Desktop\\Nueva carpeta\\challenge-qsur\\src\\components\\Dropdown.tsx","statementMap":{"0":{"start":{"line":13,"column":0},"end":{"line":13,"column":24}},"1":{"start":{"line":1,"column":0},"end":{"line":1,"column":62}},"2":{"start":{"line":14,"column":2},"end":{"line":35,"column":4}},"3":{"start":{"line":24,"column":12},"end":{"line":28,"column":null}}},"fnMap":{"0":{"name":"Dropdown","decl":{"start":{"line":13,"column":24},"end":{"line":13,"column":32}},"loc":{"start":{"line":13,"column":105},"end":{"line":36,"column":1}}},"1":{"name":"(anonymous_1)","decl":{"start":{"line":23,"column":21},"end":{"line":23,"column":22}},"loc":{"start":{"line":24,"column":12},"end":{"line":28,"column":null}}}},"branchMap":{},"s":{"0":1,"1":1,"2":10,"3":18},"f":{"0":10,"1":18},"b":{}}
,"C:\\Users\\espin\\Desktop\\Nueva carpeta\\challenge-qsur\\src\\components\\Input.tsx": {"path":"C:\\Users\\espin\\Desktop\\Nueva carpeta\\challenge-qsur\\src\\components\\Input.tsx","statementMap":{"0":{"start":{"line":1,"column":0},"end":{"line":1,"column":93}},"1":{"start":{"line":2,"column":0},"end":{"line":2,"column":27}},"2":{"start":{"line":16,"column":14},"end":{"line":77,"column":null}},"3":{"start":{"line":33,"column":28},"end":{"line":33,"column":35}},"4":{"start":{"line":34,"column":8},"end":{"line":76,"column":10}},"5":{"start":{"line":65,"column":45},"end":{"line":65,"column":71}},"6":{"start":{"line":80,"column":0},"end":{"line":80,"column":28}},"7":{"start":{"line":81,"column":0},"end":{"line":81,"column":21}}},"fnMap":{"0":{"name":"(anonymous_0)","decl":{"start":{"line":17,"column":4},"end":{"line":17,"column":null}},"loc":{"start":{"line":32,"column":8},"end":{"line":77,"column":5}}},"1":{"name":"(anonymous_1)","decl":{"start":{"line":65,"column":38},"end":{"line":65,"column":39}},"loc":{"start":{"line":65,"column":45},"end":{"line":65,"column":71}}}},"branchMap":{"0":{"loc":{"start":{"line":35,"column":21},"end":{"line":35,"column":49}},"type":"binary-expr","locations":[{"start":{"line":35,"column":21},"end":{"line":35,"column":34}},{"start":{"line":35,"column":38},"end":{"line":35,"column":49}}]},"1":{"loc":{"start":{"line":39,"column":24},"end":{"line":39,"column":65}},"type":"binary-expr","locations":[{"start":{"line":39,"column":24},"end":{"line":39,"column":32}},{"start":{"line":39,"column":36},"end":{"line":39,"column":65}}]},"2":{"loc":{"start":{"line":41,"column":24},"end":{"line":41,"column":56}},"type":"binary-expr","locations":[{"start":{"line":41,"column":24},"end":{"line":41,"column":32}},{"start":{"line":41,"column":36},"end":{"line":41,"column":56}}]},"3":{"loc":{"start":{"line":42,"column":24},"end":{"line":42,"column":87}},"type":"cond-expr","locations":[{"start":{"line":42,"column":31},"end":{"line":42,"column":63}},{"start":{"line":42,"column":66},"end":{"line":42,"column":87}}]},"4":{"loc":{"start":{"line":47,"column":28},"end":{"line":47,"column":75}},"type":"binary-expr","locations":[{"start":{"line":47,"column":28},"end":{"line":47,"column":36}},{"start":{"line":47,"column":40},"end":{"line":47,"column":75}}]},"5":{"loc":{"start":{"line":49,"column":28},"end":{"line":49,"column":113}},"type":"cond-expr","locations":[{"start":{"line":49,"column":35},"end":{"line":49,"column":60}},{"start":{"line":49,"column":63},"end":{"line":49,"column":113}}]},"6":{"loc":{"start":{"line":59,"column":32},"end":{"line":59,"column":68}},"type":"cond-expr","locations":[{"start":{"line":59,"column":43},"end":{"line":59,"column":63}},{"start":{"line":59,"column":66},"end":{"line":59,"column":68}}]},"7":{"loc":{"start":{"line":64,"column":34},"end":{"line":64,"column":59}},"type":"binary-expr","locations":[{"start":{"line":64,"column":34},"end":{"line":64,"column":49}},{"start":{"line":64,"column":53},"end":{"line":64,"column":59}}]},"8":{"loc":{"start":{"line":68,"column":39},"end":{"line":68,"column":67}},"type":"cond-expr","locations":[{"start":{"line":68,"column":46},"end":{"line":68,"column":55}},{"start":{"line":68,"column":58},"end":{"line":68,"column":67}}]},"9":{"loc":{"start":{"line":69,"column":44},"end":{"line":69,"column":76}},"type":"cond-expr","locations":[{"start":{"line":69,"column":51},"end":{"line":69,"column":60}},{"start":{"line":69,"column":63},"end":{"line":69,"column":76}}]}},"s":{"0":5,"1":5,"2":5,"3":97,"4":97,"5":11,"6":5,"7":5},"f":{"0":97,"1":11},"b":{"0":[97,16],"1":[97,1],"2":[97,1],"3":[1,96],"4":[97,1],"5":[1,96],"6":[1,96],"7":[97,37],"8":[1,96],"9":[1,96]}}
,"C:\\Users\\espin\\Desktop\\Nueva carpeta\\challenge-qsur\\src\\components\\Modal.tsx": {"path":"C:\\Users\\espin\\Desktop\\Nueva carpeta\\challenge-qsur\\src\\components\\Modal.tsx","statementMap":{"0":{"start":{"line":2,"column":0},"end":{"line":2,"column":73}},"1":{"start":{"line":12,"column":20},"end":{"line":30,"column":1}},"2":{"start":{"line":13,"column":4},"end":{"line":29,"column":6}},"3":{"start":{"line":32,"column":0},"end":{"line":32,"column":27}}},"fnMap":{"0":{"name":"(anonymous_0)","decl":{"start":{"line":12,"column":20},"end":{"line":12,"column":21}},"loc":{"start":{"line":12,"column":97},"end":{"line":30,"column":1}}}},"branchMap":{"0":{"loc":{"start":{"line":12,"column":60},"end":{"line":12,"column":73}},"type":"default-arg","locations":[{"start":{"line":12,"column":68},"end":{"line":12,"column":73}}]},"1":{"loc":{"start":{"line":15,"column":13},"end":{"line":26,"column":null}},"type":"cond-expr","locations":[{"start":{"line":16,"column":16},"end":{"line":23,"column":null}},{"start":{"line":26,"column":16},"end":{"line":26,"column":21}}]}},"s":{"0":3,"1":3,"2":32,"3":3},"f":{"0":32},"b":{"0":[31],"1":[31,1]}}
,"C:\\Users\\espin\\Desktop\\Nueva carpeta\\challenge-qsur\\src\\components\\Pagination.tsx": {"path":"C:\\Users\\espin\\Desktop\\Nueva carpeta\\challenge-qsur\\src\\components\\Pagination.tsx","statementMap":{"0":{"start":{"line":1,"column":0},"end":{"line":1,"column":30}},"1":{"start":{"line":2,"column":0},"end":{"line":2,"column":90}},"2":{"start":{"line":3,"column":0},"end":{"line":3,"column":87}},"3":{"start":{"line":4,"column":0},"end":{"line":4,"column":86}},"4":{"start":{"line":6,"column":0},"end":{"line":6,"column":27}},"5":{"start":{"line":8,"column":19},"end":{"line":14,"column":null}},"6":{"start":{"line":9,"column":4},"end":{"line":13,"column":null}},"7":{"start":{"line":72,"column":4},"end":{"line":72,"column":14}},"8":{"start":{"line":16,"column":0},"end":{"line":16,"column":null}},"9":{"start":{"line":18,"column":26},"end":{"line":21,"column":null}},"10":{"start":{"line":20,"column":8},"end":{"line":20,"column":99}},"11":{"start":{"line":73,"column":4},"end":{"line":73,"column":21}},"12":{"start":{"line":23,"column":0},"end":{"line":23,"column":null}},"13":{"start":{"line":25,"column":23},"end":{"line":27,"column":2}},"14":{"start":{"line":26,"column":4},"end":{"line":26,"column":63}},"15":{"start":{"line":75,"column":4},"end":{"line":75,"column":18}},"16":{"start":{"line":28,"column":0},"end":{"line":28,"column":null}},"17":{"start":{"line":35,"column":23},"end":{"line":43,"column":null}},"18":{"start":{"line":36,"column":4},"end":{"line":42,"column":null}},"19":{"start":{"line":76,"column":4},"end":{"line":76,"column":18}},"20":{"start":{"line":45,"column":0},"end":{"line":45,"column":null}},"21":{"start":{"line":47,"column":27},"end":{"line":51,"column":null}},"22":{"start":{"line":48,"column":4},"end":{"line":50,"column":null}},"23":{"start":{"line":78,"column":4},"end":{"line":78,"column":22}},"24":{"start":{"line":53,"column":0},"end":{"line":53,"column":null}},"25":{"start":{"line":55,"column":23},"end":{"line":59,"column":null}},"26":{"start":{"line":56,"column":4},"end":{"line":58,"column":null}},"27":{"start":{"line":77,"column":4},"end":{"line":77,"column":18}},"28":{"start":{"line":61,"column":0},"end":{"line":61,"column":null}},"29":{"start":{"line":63,"column":27},"end":{"line":67,"column":null}},"30":{"start":{"line":64,"column":4},"end":{"line":66,"column":null}},"31":{"start":{"line":74,"column":4},"end":{"line":74,"column":22}},"32":{"start":{"line":69,"column":0},"end":{"line":69,"column":null}}},"fnMap":{"0":{"name":"(anonymous_0)","decl":{"start":{"line":8,"column":19},"end":{"line":8,"column":20}},"loc":{"start":{"line":9,"column":4},"end":{"line":13,"column":null}}},"1":{"name":"(anonymous_1)","decl":{"start":{"line":19,"column":4},"end":{"line":19,"column":5}},"loc":{"start":{"line":20,"column":8},"end":{"line":20,"column":99}}},"2":{"name":"(anonymous_2)","decl":{"start":{"line":25,"column":83},"end":{"line":25,"column":84}},"loc":{"start":{"line":26,"column":4},"end":{"line":26,"column":63}}},"3":{"name":"(anonymous_3)","decl":{"start":{"line":35,"column":23},"end":{"line":35,"column":24}},"loc":{"start":{"line":36,"column":4},"end":{"line":42,"column":null}}},"4":{"name":"(anonymous_4)","decl":{"start":{"line":47,"column":27},"end":{"line":47,"column":28}},"loc":{"start":{"line":48,"column":4},"end":{"line":50,"column":null}}},"5":{"name":"(anonymous_5)","decl":{"start":{"line":55,"column":23},"end":{"line":55,"column":24}},"loc":{"start":{"line":56,"column":4},"end":{"line":58,"column":null}}},"6":{"name":"(anonymous_6)","decl":{"start":{"line":63,"column":27},"end":{"line":63,"column":28}},"loc":{"start":{"line":64,"column":4},"end":{"line":66,"column":null}}}},"branchMap":{"0":{"loc":{"start":{"line":37,"column":22},"end":{"line":37,"column":51}},"type":"cond-expr","locations":[{"start":{"line":37,"column":33},"end":{"line":37,"column":39}},{"start":{"line":37,"column":42},"end":{"line":37,"column":51}}]},"1":{"loc":{"start":{"line":38,"column":24},"end":{"line":38,"column":156}},"type":"cond-expr","locations":[{"start":{"line":38,"column":35},"end":{"line":38,"column":91}},{"start":{"line":38,"column":94},"end":{"line":38,"column":156}}]}},"s":{"0":1,"1":1,"2":1,"3":1,"4":1,"5":1,"6":2,"7":1,"8":1,"9":1,"10":2,"11":1,"12":1,"13":1,"14":2,"15":1,"16":1,"17":1,"18":10,"19":1,"20":1,"21":1,"22":3,"23":1,"24":1,"25":1,"26":3,"27":1,"28":1,"29":1,"30":3,"31":1,"32":1},"f":{"0":2,"1":2,"2":2,"3":10,"4":3,"5":3,"6":3},"b":{"0":[1,9],"1":[1,9]}}
,"C:\\Users\\espin\\Desktop\\Nueva carpeta\\challenge-qsur\\src\\components\\RadioGroup.tsx": {"path":"C:\\Users\\espin\\Desktop\\Nueva carpeta\\challenge-qsur\\src\\components\\RadioGroup.tsx","statementMap":{"0":{"start":{"line":1,"column":0},"end":{"line":1,"column":55}},"1":{"start":{"line":2,"column":0},"end":{"line":2,"column":58}},"2":{"start":{"line":3,"column":0},"end":{"line":3,"column":110}},"3":{"start":{"line":4,"column":0},"end":{"line":4,"column":116}},"4":{"start":{"line":5,"column":0},"end":{"line":5,"column":27}},"5":{"start":{"line":25,"column":27},"end":{"line":47,"column":1}},"6":{"start":{"line":32,"column":24},"end":{"line":35,"column":5}},"7":{"start":{"line":33,"column":8},"end":{"line":33,"column":29}},"8":{"start":{"line":33,"column":22},"end":{"line":33,"column":29}},"9":{"start":{"line":34,"column":8},"end":{"line":34,"column":19}},"10":{"start":{"line":37,"column":4},"end":{"line":46,"column":6}},"11":{"start":{"line":25,"column":13},"end":{"line":25,"column":27}},"12":{"start":{"line":50,"column":23},"end":{"line":56,"column":1}},"13":{"start":{"line":51,"column":4},"end":{"line":55,"column":6}},"14":{"start":{"line":59,"column":18},"end":{"line":90,"column":1}},"15":{"start":{"line":60,"column":29},"end":{"line":61,"column":null}},"16":{"start":{"line":64,"column":4},"end":{"line":89,"column":6}},"17":{"start":{"line":93,"column":23},"end":{"line":111,"column":1}},"18":{"start":{"line":94,"column":44},"end":{"line":102,"column":4}},"19":{"start":{"line":104,"column":4},"end":{"line":110,"column":6}},"20":{"start":{"line":113,"column":20},"end":{"line":122,"column":1}},"21":{"start":{"line":114,"column":32},"end":{"line":119,"column":4}},"22":{"start":{"line":121,"column":4},"end":{"line":121,"column":71}},"23":{"start":{"line":124,"column":31},"end":{"line":152,"column":1}},"24":{"start":{"line":125,"column":44},"end":{"line":125,"column":59}},"25":{"start":{"line":127,"column":30},"end":{"line":130,"column":5}},"26":{"start":{"line":128,"column":8},"end":{"line":128,"column":25}},"27":{"start":{"line":129,"column":8},"end":{"line":129,"column":32}},"28":{"start":{"line":132,"column":4},"end":{"line":132,"column":53}},"29":{"start":{"line":132,"column":20},"end":{"line":132,"column":42}},"30":{"start":{"line":134,"column":4},"end":{"line":151,"column":6}},"31":{"start":{"line":139,"column":24},"end":{"line":139,"column":null}},"32":{"start":{"line":124,"column":13},"end":{"line":124,"column":31}}},"fnMap":{"0":{"name":"(anonymous_0)","decl":{"start":{"line":25,"column":27},"end":{"line":25,"column":28}},"loc":{"start":{"line":31,"column":23},"end":{"line":47,"column":1}}},"1":{"name":"(anonymous_1)","decl":{"start":{"line":29,"column":15},"end":{"line":29,"column":18}},"loc":{"start":{"line":29,"column":20},"end":{"line":29,"column":24}}},"2":{"name":"(anonymous_2)","decl":{"start":{"line":32,"column":24},"end":{"line":32,"column":27}},"loc":{"start":{"line":32,"column":29},"end":{"line":35,"column":5}}},"3":{"name":"(anonymous_3)","decl":{"start":{"line":50,"column":23},"end":{"line":50,"column":24}},"loc":{"start":{"line":50,"column":38},"end":{"line":56,"column":1}}},"4":{"name":"(anonymous_4)","decl":{"start":{"line":59,"column":18},"end":{"line":59,"column":19}},"loc":{"start":{"line":59,"column":33},"end":{"line":90,"column":1}}},"5":{"name":"(anonymous_5)","decl":{"start":{"line":93,"column":23},"end":{"line":93,"column":24}},"loc":{"start":{"line":93,"column":38},"end":{"line":111,"column":1}}},"6":{"name":"(anonymous_6)","decl":{"start":{"line":113,"column":20},"end":{"line":113,"column":21}},"loc":{"start":{"line":113,"column":35},"end":{"line":122,"column":1}}},"7":{"name":"(anonymous_7)","decl":{"start":{"line":124,"column":31},"end":{"line":124,"column":32}},"loc":{"start":{"line":124,"column":96},"end":{"line":152,"column":1}}},"8":{"name":"(anonymous_8)","decl":{"start":{"line":124,"column":59},"end":{"line":124,"column":62}},"loc":{"start":{"line":124,"column":64},"end":{"line":124,"column":68}}},"9":{"name":"(anonymous_9)","decl":{"start":{"line":127,"column":30},"end":{"line":127,"column":31}},"loc":{"start":{"line":127,"column":49},"end":{"line":130,"column":5}}},"10":{"name":"(anonymous_10)","decl":{"start":{"line":132,"column":14},"end":{"line":132,"column":17}},"loc":{"start":{"line":132,"column":20},"end":{"line":132,"column":42}}},"11":{"name":"(anonymous_11)","decl":{"start":{"line":138,"column":31},"end":{"line":138,"column":32}},"loc":{"start":{"line":139,"column":24},"end":{"line":139,"column":null}}}},"branchMap":{"0":{"loc":{"start":{"line":26,"column":4},"end":{"line":26,"column":20}},"type":"default-arg","locations":[{"start":{"line":26,"column":15},"end":{"line":26,"column":20}}]},"1":{"loc":{"start":{"line":27,"column":4},"end":{"line":27,"column":18}},"type":"default-arg","locations":[{"start":{"line":27,"column":16},"end":{"line":27,"column":18}}]},"2":{"loc":{"start":{"line":29,"column":4},"end":{"line":29,"column":24}},"type":"default-arg","locations":[{"start":{"line":29,"column":15},"end":{"line":29,"column":24}}]},"3":{"loc":{"start":{"line":33,"column":8},"end":{"line":33,"column":29}},"type":"if","locations":[{"start":{"line":33,"column":8},"end":{"line":33,"column":29}}]},"4":{"loc":{"start":{"line":40,"column":26},"end":{"line":40,"column":null}},"type":"cond-expr","locations":[{"start":{"line":40,"column":37},"end":{"line":40,"column":68}},{"start":{"line":40,"column":71},"end":{"line":40,"column":null}}]},"5":{"loc":{"start":{"line":43,"column":38},"end":{"line":43,"column":115}},"type":"cond-expr","locations":[{"start":{"line":43,"column":46},"end":{"line":43,"column":86}},{"start":{"line":43,"column":89},"end":{"line":43,"column":115}}]},"6":{"loc":{"start":{"line":61,"column":8},"end":{"line":61,"column":92}},"type":"cond-expr","locations":[{"start":{"line":61,"column":26},"end":{"line":61,"column":62}},{"start":{"line":61,"column":66},"end":{"line":61,"column":92}}]},"7":{"loc":{"start":{"line":61,"column":26},"end":{"line":61,"column":62}},"type":"cond-expr","locations":[{"start":{"line":61,"column":48},"end":{"line":61,"column":50}},{"start":{"line":61,"column":53},"end":{"line":61,"column":62}}]},"8":{"loc":{"start":{"line":61,"column":66},"end":{"line":61,"column":92}},"type":"cond-expr","locations":[{"start":{"line":61,"column":80},"end":{"line":61,"column":82}},{"start":{"line":61,"column":85},"end":{"line":61,"column":92}}]},"9":{"loc":{"start":{"line":69,"column":16},"end":{"line":78,"column":26}},"type":"cond-expr","locations":[{"start":{"line":70,"column":22},"end":{"line":74,"column":22}},{"start":{"line":75,"column":22},"end":{"line":78,"column":26}}]},"10":{"loc":{"start":{"line":70,"column":25},"end":{"line":73,"column":null}},"type":"cond-expr","locations":[{"start":{"line":71,"column":26},"end":{"line":71,"column":45}},{"start":{"line":72,"column":26},"end":{"line":73,"column":null}}]},"11":{"loc":{"start":{"line":72,"column":116},"end":{"line":72,"column":null}},"type":"binary-expr","locations":[{"start":{"line":72,"column":116},"end":{"line":72,"column":130}},{"start":{"line":72,"column":134},"end":{"line":72,"column":null}}]},"12":{"loc":{"start":{"line":75,"column":22},"end":{"line":78,"column":26}},"type":"cond-expr","locations":[{"start":{"line":76,"column":26},"end":{"line":76,"column":76}},{"start":{"line":77,"column":26},"end":{"line":78,"column":26}}]},"13":{"loc":{"start":{"line":76,"column":44},"end":{"line":76,"column":74}},"type":"binary-expr","locations":[{"start":{"line":76,"column":44},"end":{"line":76,"column":58}},{"start":{"line":76,"column":62},"end":{"line":76,"column":74}}]},"14":{"loc":{"start":{"line":77,"column":116},"end":{"line":77,"column":null}},"type":"binary-expr","locations":[{"start":{"line":77,"column":116},"end":{"line":77,"column":130}},{"start":{"line":77,"column":134},"end":{"line":77,"column":null}}]},"15":{"loc":{"start":{"line":107,"column":26},"end":{"line":107,"column":85}},"type":"cond-expr","locations":[{"start":{"line":107,"column":40},"end":{"line":107,"column":51}},{"start":{"line":107,"column":54},"end":{"line":107,"column":85}}]},"16":{"loc":{"start":{"line":108,"column":41},"end":{"line":108,"column":69}},"type":"cond-expr","locations":[{"start":{"line":108,"column":55},"end":{"line":108,"column":57}},{"start":{"line":108,"column":60},"end":{"line":108,"column":69}}]},"17":{"loc":{"start":{"line":124,"column":48},"end":{"line":124,"column":68}},"type":"default-arg","locations":[{"start":{"line":124,"column":59},"end":{"line":124,"column":68}}]},"18":{"loc":{"start":{"line":140,"column":113},"end":{"line":140,"column":161}},"type":"cond-expr","locations":[{"start":{"line":140,"column":138},"end":{"line":140,"column":147}},{"start":{"line":140,"column":150},"end":{"line":140,"column":161}}]}},"s":{"0":1,"1":1,"2":1,"3":1,"4":1,"5":1,"6":0,"7":0,"8":0,"9":0,"10":0,"11":1,"12":1,"13":5,"14":1,"15":15,"16":15,"17":1,"18":15,"19":15,"20":1,"21":15,"22":15,"23":1,"24":5,"25":5,"26":1,"27":1,"28":5,"29":4,"30":5,"31":15,"32":1},"f":{"0":0,"1":0,"2":0,"3":5,"4":15,"5":15,"6":15,"7":5,"8":0,"9":1,"10":4,"11":15},"b":{"0":[0],"1":[0],"2":[0],"3":[0],"4":[0,0],"5":[0,0],"6":[5,10],"7":[0,5],"8":[0,10],"9":[5,10],"10":[0,5],"11":[5,0],"12":[0,10],"13":[0,0],"14":[10,5],"15":[0,15],"16":[0,15],"17":[0],"18":[5,10]}}
,"C:\\Users\\espin\\Desktop\\Nueva carpeta\\challenge-qsur\\src\\components\\Select.tsx": {"path":"C:\\Users\\espin\\Desktop\\Nueva carpeta\\challenge-qsur\\src\\components\\Select.tsx","statementMap":{"0":{"start":{"line":1,"column":0},"end":{"line":1,"column":28}},"1":{"start":{"line":2,"column":0},"end":{"line":2,"column":53}},"2":{"start":{"line":5,"column":0},"end":{"line":5,"column":58}},"3":{"start":{"line":6,"column":0},"end":{"line":6,"column":101}},"4":{"start":{"line":7,"column":0},"end":{"line":7,"column":50}},"5":{"start":{"line":31,"column":22},"end":{"line":150,"column":1}},"6":{"start":{"line":42,"column":31},"end":{"line":42,"column":47}},"7":{"start":{"line":43,"column":31},"end":{"line":43,"column":47}},"8":{"start":{"line":52,"column":46},"end":{"line":52,"column":66}},"9":{"start":{"line":54,"column":25},"end":{"line":56,"column":5}},"10":{"start":{"line":55,"column":8},"end":{"line":55,"column":86}},"11":{"start":{"line":55,"column":44},"end":{"line":55,"column":82}},"12":{"start":{"line":58,"column":25},"end":{"line":60,"column":null}},"13":{"start":{"line":59,"column":14},"end":{"line":59,"column":78}},"14":{"start":{"line":63,"column":30},"end":{"line":68,"column":5}},"15":{"start":{"line":64,"column":8},"end":{"line":64,"column":27}},"16":{"start":{"line":65,"column":8},"end":{"line":65,"column":28}},"17":{"start":{"line":66,"column":8},"end":{"line":66,"column":41}},"18":{"start":{"line":67,"column":8},"end":{"line":67,"column":40}},"19":{"start":{"line":70,"column":4},"end":{"line":149,"column":6}},"20":{"start":{"line":108,"column":81},"end":{"line":108,"column":100}},"21":{"start":{"line":110,"column":105},"end":{"line":110,"column":124}},"22":{"start":{"line":125,"column":52},"end":{"line":125,"column":72}},"23":{"start":{"line":126,"column":52},"end":{"line":126,"column":72}},"24":{"start":{"line":127,"column":32},"end":{"line":142,"column":34}},"25":{"start":{"line":31,"column":13},"end":{"line":31,"column":22}}},"fnMap":{"0":{"name":"(anonymous_0)","decl":{"start":{"line":31,"column":22},"end":{"line":31,"column":27}},"loc":{"start":{"line":51,"column":21},"end":{"line":150,"column":1}}},"1":{"name":"(anonymous_1)","decl":{"start":{"line":42,"column":19},"end":{"line":42,"column":20}},"loc":{"start":{"line":42,"column":31},"end":{"line":42,"column":47}}},"2":{"name":"(anonymous_2)","decl":{"start":{"line":43,"column":19},"end":{"line":43,"column":20}},"loc":{"start":{"line":43,"column":31},"end":{"line":43,"column":47}}},"3":{"name":"(anonymous_3)","decl":{"start":{"line":54,"column":25},"end":{"line":54,"column":26}},"loc":{"start":{"line":54,"column":57},"end":{"line":56,"column":5}}},"4":{"name":"(anonymous_4)","decl":{"start":{"line":55,"column":32},"end":{"line":55,"column":33}},"loc":{"start":{"line":55,"column":44},"end":{"line":55,"column":82}}},"5":{"name":"(anonymous_5)","decl":{"start":{"line":59,"column":8},"end":{"line":59,"column":11}},"loc":{"start":{"line":59,"column":14},"end":{"line":59,"column":78}}},"6":{"name":"(anonymous_6)","decl":{"start":{"line":63,"column":30},"end":{"line":63,"column":31}},"loc":{"start":{"line":63,"column":73},"end":{"line":68,"column":5}}},"7":{"name":"(anonymous_7)","decl":{"start":{"line":108,"column":74},"end":{"line":108,"column":75}},"loc":{"start":{"line":108,"column":81},"end":{"line":108,"column":100}}},"8":{"name":"(anonymous_8)","decl":{"start":{"line":110,"column":98},"end":{"line":110,"column":99}},"loc":{"start":{"line":110,"column":105},"end":{"line":110,"column":124}}},"9":{"name":"(anonymous_9)","decl":{"start":{"line":124,"column":42},"end":{"line":124,"column":43}},"loc":{"start":{"line":124,"column":56},"end":{"line":143,"column":29}}}},"branchMap":{"0":{"loc":{"start":{"line":42,"column":4},"end":{"line":42,"column":47}},"type":"default-arg","locations":[{"start":{"line":42,"column":19},"end":{"line":42,"column":47}}]},"1":{"loc":{"start":{"line":43,"column":4},"end":{"line":43,"column":47}},"type":"default-arg","locations":[{"start":{"line":43,"column":19},"end":{"line":43,"column":47}}]},"2":{"loc":{"start":{"line":45,"column":4},"end":{"line":45,"column":23}},"type":"default-arg","locations":[{"start":{"line":45,"column":15},"end":{"line":45,"column":23}}]},"3":{"loc":{"start":{"line":75,"column":20},"end":{"line":75,"column":83}},"type":"cond-expr","locations":[{"start":{"line":75,"column":27},"end":{"line":75,"column":52}},{"start":{"line":75,"column":55},"end":{"line":75,"column":83}}]},"4":{"loc":{"start":{"line":84,"column":23},"end":{"line":84,"column":55}},"type":"cond-expr","locations":[{"start":{"line":84,"column":31},"end":{"line":84,"column":50}},{"start":{"line":84,"column":53},"end":{"line":84,"column":55}}]},"5":{"loc":{"start":{"line":94,"column":24},"end":{"line":94,"column":87}},"type":"cond-expr","locations":[{"start":{"line":94,"column":31},"end":{"line":94,"column":63}},{"start":{"line":94,"column":66},"end":{"line":94,"column":87}}]},"6":{"loc":{"start":{"line":95,"column":24},"end":{"line":95,"column":80}},"type":"cond-expr","locations":[{"start":{"line":95,"column":48},"end":{"line":95,"column":65}},{"start":{"line":95,"column":68},"end":{"line":95,"column":80}}]},"7":{"loc":{"start":{"line":95,"column":24},"end":{"line":95,"column":45}},"type":"binary-expr","locations":[{"start":{"line":95,"column":24},"end":{"line":95,"column":35}},{"start":{"line":95,"column":39},"end":{"line":95,"column":45}}]},"8":{"loc":{"start":{"line":99,"column":80},"end":{"line":99,"column":121}},"type":"cond-expr","locations":[{"start":{"line":99,"column":88},"end":{"line":99,"column":107}},{"start":{"line":99,"column":110},"end":{"line":99,"column":121}}]},"9":{"loc":{"start":{"line":101,"column":46},"end":{"line":101,"column":70}},"type":"cond-expr","locations":[{"start":{"line":101,"column":53},"end":{"line":101,"column":60}},{"start":{"line":101,"column":63},"end":{"line":101,"column":70}}]},"10":{"loc":{"start":{"line":109,"column":33},"end":{"line":121,"column":40}},"type":"cond-expr","locations":[{"start":{"line":110,"column":36},"end":{"line":119,"column":null}},{"start":{"line":121,"column":36},"end":{"line":121,"column":40}}]},"11":{"loc":{"start":{"line":135,"column":44},"end":{"line":137,"column":85}},"type":"cond-expr","locations":[{"start":{"line":136,"column":50},"end":{"line":136,"column":113}},{"start":{"line":137,"column":50},"end":{"line":137,"column":85}}]}},"s":{"0":5,"1":5,"2":5,"3":5,"4":5,"5":5,"6":0,"7":0,"8":44,"9":44,"10":0,"11":0,"12":44,"13":24,"14":44,"15":0,"16":0,"17":0,"18":0,"19":44,"20":0,"21":0,"22":105,"23":105,"24":105,"25":5},"f":{"0":44,"1":0,"2":0,"3":0,"4":0,"5":24,"6":0,"7":0,"8":0,"9":105},"b":{"0":[0],"1":[0],"2":[44],"3":[1,43],"4":[38,6],"5":[1,43],"6":[1,43],"7":[44,28],"8":[38,6],"9":[1,43],"10":[0,44],"11":[3,102]}}
,"C:\\Users\\espin\\Desktop\\Nueva carpeta\\challenge-qsur\\src\\components\\Switch.tsx": {"path":"C:\\Users\\espin\\Desktop\\Nueva carpeta\\challenge-qsur\\src\\components\\Switch.tsx","statementMap":{"0":{"start":{"line":1,"column":0},"end":{"line":1,"column":58}},"1":{"start":{"line":2,"column":0},"end":{"line":2,"column":27}},"2":{"start":{"line":14,"column":22},"end":{"line":42,"column":1}},"3":{"start":{"line":15,"column":4},"end":{"line":41,"column":6}},"4":{"start":{"line":14,"column":13},"end":{"line":14,"column":22}}},"fnMap":{"0":{"name":"(anonymous_0)","decl":{"start":{"line":14,"column":22},"end":{"line":14,"column":23}},"loc":{"start":{"line":14,"column":91},"end":{"line":42,"column":1}}}},"branchMap":{"0":{"loc":{"start":{"line":19,"column":22},"end":{"line":19,"column":35}},"type":"binary-expr","locations":[{"start":{"line":19,"column":22},"end":{"line":19,"column":26}},{"start":{"line":19,"column":30},"end":{"line":19,"column":35}}]}},"s":{"0":1,"1":1,"2":1,"3":6,"4":1},"f":{"0":6},"b":{"0":[6,6]}}
,"C:\\Users\\espin\\Desktop\\Nueva carpeta\\challenge-qsur\\src\\components\\Table.tsx": {"path":"C:\\Users\\espin\\Desktop\\Nueva carpeta\\challenge-qsur\\src\\components\\Table.tsx","statementMap":{"0":{"start":{"line":1,"column":0},"end":{"line":1,"column":30}},"1":{"start":{"line":2,"column":0},"end":{"line":2,"column":27}},"2":{"start":{"line":37,"column":48},"end":{"line":40,"column":null}},"3":{"start":{"line":38,"column":8},"end":{"line":39,"column":null}},"4":{"start":{"line":43,"column":44},"end":{"line":46,"column":null}},"5":{"start":{"line":44,"column":8},"end":{"line":45,"column":null}},"6":{"start":{"line":49,"column":48},"end":{"line":52,"column":null}},"7":{"start":{"line":50,"column":8},"end":{"line":51,"column":null}},"8":{"start":{"line":55,"column":42},"end":{"line":58,"column":null}},"9":{"start":{"line":56,"column":8},"end":{"line":57,"column":null}},"10":{"start":{"line":61,"column":44},"end":{"line":64,"column":null}},"11":{"start":{"line":62,"column":8},"end":{"line":63,"column":null}},"12":{"start":{"line":67,"column":44},"end":{"line":70,"column":null}},"13":{"start":{"line":68,"column":8},"end":{"line":69,"column":null}},"14":{"start":{"line":73,"column":50},"end":{"line":76,"column":null}},"15":{"start":{"line":74,"column":8},"end":{"line":75,"column":null}},"16":{"start":{"line":80,"column":50},"end":{"line":80,"column":60}},"17":{"start":{"line":81,"column":8},"end":{"line":87,"column":10}},"18":{"start":{"line":91,"column":0},"end":{"line":91,"column":21}}},"fnMap":{"0":{"name":"(anonymous_0)","decl":{"start":{"line":37,"column":48},"end":{"line":37,"column":49}},"loc":{"start":{"line":38,"column":8},"end":{"line":39,"column":null}}},"1":{"name":"(anonymous_1)","decl":{"start":{"line":43,"column":44},"end":{"line":43,"column":45}},"loc":{"start":{"line":44,"column":8},"end":{"line":45,"column":null}}},"2":{"name":"(anonymous_2)","decl":{"start":{"line":49,"column":48},"end":{"line":49,"column":49}},"loc":{"start":{"line":50,"column":8},"end":{"line":51,"column":null}}},"3":{"name":"(anonymous_3)","decl":{"start":{"line":55,"column":42},"end":{"line":55,"column":43}},"loc":{"start":{"line":56,"column":8},"end":{"line":57,"column":null}}},"4":{"name":"(anonymous_4)","decl":{"start":{"line":61,"column":44},"end":{"line":61,"column":45}},"loc":{"start":{"line":62,"column":8},"end":{"line":63,"column":null}}},"5":{"name":"(anonymous_5)","decl":{"start":{"line":67,"column":44},"end":{"line":67,"column":45}},"loc":{"start":{"line":68,"column":8},"end":{"line":69,"column":null}}},"6":{"name":"(anonymous_6)","decl":{"start":{"line":73,"column":50},"end":{"line":73,"column":51}},"loc":{"start":{"line":74,"column":8},"end":{"line":75,"column":null}}},"7":{"name":"(anonymous_7)","decl":{"start":{"line":79,"column":4},"end":{"line":79,"column":10}},"loc":{"start":{"line":79,"column":10},"end":{"line":88,"column":5}}}},"branchMap":{},"s":{"0":1,"1":1,"2":1,"3":4,"4":1,"5":6,"6":1,"7":2,"8":1,"9":4,"10":1,"11":2,"12":1,"13":2,"14":1,"15":2,"16":17,"17":17,"18":1},"f":{"0":4,"1":6,"2":2,"3":4,"4":2,"5":2,"6":2,"7":17},"b":{}}
,"C:\\Users\\espin\\Desktop\\Nueva carpeta\\challenge-qsur\\src\\components\\Tabs.tsx": {"path":"C:\\Users\\espin\\Desktop\\Nueva carpeta\\challenge-qsur\\src\\components\\Tabs.tsx","statementMap":{"0":{"start":{"line":2,"column":0},"end":{"line":2,"column":45}},"1":{"start":{"line":3,"column":0},"end":{"line":3,"column":27}},"2":{"start":{"line":27,"column":17},"end":{"line":38,"column":1}},"3":{"start":{"line":28,"column":4},"end":{"line":37,"column":6}},"4":{"start":{"line":81,"column":9},"end":{"line":81,"column":17}},"5":{"start":{"line":40,"column":17},"end":{"line":49,"column":1}},"6":{"start":{"line":41,"column":4},"end":{"line":48,"column":6}},"7":{"start":{"line":81,"column":19},"end":{"line":81,"column":27}},"8":{"start":{"line":51,"column":17},"end":{"line":65,"column":1}},"9":{"start":{"line":52,"column":4},"end":{"line":64,"column":6}},"10":{"start":{"line":81,"column":29},"end":{"line":81,"column":37}},"11":{"start":{"line":67,"column":19},"end":{"line":79,"column":1}},"12":{"start":{"line":68,"column":4},"end":{"line":78,"column":6}},"13":{"start":{"line":81,"column":39},"end":{"line":81,"column":49}}},"fnMap":{"0":{"name":"(anonymous_0)","decl":{"start":{"line":27,"column":17},"end":{"line":27,"column":18}},"loc":{"start":{"line":27,"column":96},"end":{"line":38,"column":1}}},"1":{"name":"(anonymous_1)","decl":{"start":{"line":40,"column":17},"end":{"line":40,"column":18}},"loc":{"start":{"line":40,"column":90},"end":{"line":49,"column":1}}},"2":{"name":"(anonymous_2)","decl":{"start":{"line":51,"column":17},"end":{"line":51,"column":18}},"loc":{"start":{"line":51,"column":82},"end":{"line":65,"column":1}}},"3":{"name":"(anonymous_3)","decl":{"start":{"line":67,"column":19},"end":{"line":67,"column":20}},"loc":{"start":{"line":67,"column":71},"end":{"line":79,"column":1}}}},"branchMap":{"0":{"loc":{"start":{"line":61,"column":13},"end":{"line":61,"column":57}},"type":"binary-expr","locations":[{"start":{"line":61,"column":13},"end":{"line":61,"column":17}},{"start":{"line":61,"column":21},"end":{"line":61,"column":57}}]}},"s":{"0":1,"1":1,"2":1,"3":9,"4":1,"5":1,"6":9,"7":1,"8":1,"9":6,"10":1,"11":1,"12":4,"13":1},"f":{"0":9,"1":9,"2":6,"3":4},"b":{"0":[6,1]}}
,"C:\\Users\\espin\\Desktop\\Nueva carpeta\\challenge-qsur\\src\\components\\Textarea.tsx": {"path":"C:\\Users\\espin\\Desktop\\Nueva carpeta\\challenge-qsur\\src\\components\\Textarea.tsx","statementMap":{"0":{"start":{"line":1,"column":0},"end":{"line":1,"column":27}},"1":{"start":{"line":12,"column":24},"end":{"line":26,"column":1}},"2":{"start":{"line":13,"column":4},"end":{"line":25,"column":null}},"3":{"start":{"line":12,"column":13},"end":{"line":12,"column":24}}},"fnMap":{"0":{"name":"(anonymous_0)","decl":{"start":{"line":12,"column":24},"end":{"line":12,"column":25}},"loc":{"start":{"line":12,"column":96},"end":{"line":26,"column":1}}}},"branchMap":{},"s":{"0":3,"1":3,"2":35,"3":3},"f":{"0":35},"b":{}}
,"C:\\Users\\espin\\Desktop\\Nueva carpeta\\challenge-qsur\\src\\components\\Tooltip.tsx": {"path":"C:\\Users\\espin\\Desktop\\Nueva carpeta\\challenge-qsur\\src\\components\\Tooltip.tsx","statementMap":{"0":{"start":{"line":2,"column":0},"end":{"line":2,"column":27}},"1":{"start":{"line":3,"column":0},"end":{"line":3,"column":35}},"2":{"start":{"line":14,"column":16},"end":{"line":34,"column":1}},"3":{"start":{"line":15,"column":2},"end":{"line":33,"column":4}},"4":{"start":{"line":36,"column":0},"end":{"line":36,"column":23}}},"fnMap":{"0":{"name":"(anonymous_0)","decl":{"start":{"line":14,"column":16},"end":{"line":14,"column":17}},"loc":{"start":{"line":14,"column":93},"end":{"line":34,"column":1}}}},"branchMap":{"0":{"loc":{"start":{"line":14,"column":49},"end":{"line":14,"column":61}},"type":"default-arg","locations":[{"start":{"line":14,"column":56},"end":{"line":14,"column":61}}]},"1":{"loc":{"start":{"line":14,"column":63},"end":{"line":14,"column":80}},"type":"default-arg","locations":[{"start":{"line":14,"column":79},"end":{"line":14,"column":80}}]}},"s":{"0":2,"1":2,"2":2,"3":11,"4":2},"f":{"0":11},"b":{"0":[10],"1":[10]}}
,"C:\\Users\\espin\\Desktop\\Nueva carpeta\\challenge-qsur\\src\\components\\Cards\\Card.tsx": {"path":"C:\\Users\\espin\\Desktop\\Nueva carpeta\\challenge-qsur\\src\\components\\Cards\\Card.tsx","statementMap":{"0":{"start":{"line":1,"column":0},"end":{"line":1,"column":30}},"1":{"start":{"line":2,"column":0},"end":{"line":2,"column":27}},"2":{"start":{"line":13,"column":20},"end":{"line":31,"column":1}},"3":{"start":{"line":14,"column":4},"end":{"line":30,"column":null}},"4":{"start":{"line":13,"column":13},"end":{"line":13,"column":20}}},"fnMap":{"0":{"name":"(anonymous_0)","decl":{"start":{"line":13,"column":20},"end":{"line":13,"column":21}},"loc":{"start":{"line":13,"column":93},"end":{"line":31,"column":1}}}},"branchMap":{},"s":{"0":1,"1":1,"2":1,"3":1,"4":1},"f":{"0":1},"b":{}}
,"C:\\Users\\espin\\Desktop\\Nueva carpeta\\challenge-qsur\\src\\components\\Cards\\CardProduct.tsx": {"path":"C:\\Users\\espin\\Desktop\\Nueva carpeta\\challenge-qsur\\src\\components\\Cards\\CardProduct.tsx","statementMap":{"0":{"start":{"line":31,"column":0},"end":{"line":31,"column":16}},"1":{"start":{"line":1,"column":0},"end":{"line":1,"column":40}},"2":{"start":{"line":2,"column":0},"end":{"line":2,"column":73}},"3":{"start":{"line":3,"column":0},"end":{"line":3,"column":84}},"4":{"start":{"line":4,"column":0},"end":{"line":4,"column":73}},"5":{"start":{"line":5,"column":0},"end":{"line":5,"column":87}},"6":{"start":{"line":7,"column":0},"end":{"line":7,"column":39}},"7":{"start":{"line":9,"column":0},"end":{"line":9,"column":31}},"8":{"start":{"line":10,"column":0},"end":{"line":10,"column":33}},"9":{"start":{"line":11,"column":0},"end":{"line":11,"column":33}},"10":{"start":{"line":32,"column":44},"end":{"line":32,"column":82}},"11":{"start":{"line":33,"column":25},"end":{"line":33,"column":55}},"12":{"start":{"line":36,"column":23},"end":{"line":42,"column":5}},"13":{"start":{"line":37,"column":8},"end":{"line":41,"column":null}},"14":{"start":{"line":44,"column":29},"end":{"line":47,"column":5}},"15":{"start":{"line":45,"column":8},"end":{"line":45,"column":28}},"16":{"start":{"line":46,"column":8},"end":{"line":46,"column":null}},"17":{"start":{"line":49,"column":30},"end":{"line":72,"column":5}},"18":{"start":{"line":50,"column":21},"end":{"line":50,"column":40}},"19":{"start":{"line":51,"column":8},"end":{"line":51,"column":25}},"20":{"start":{"line":51,"column":19},"end":{"line":51,"column":25}},"21":{"start":{"line":54,"column":8},"end":{"line":57,"column":9}},"22":{"start":{"line":55,"column":12},"end":{"line":55,"column":null}},"23":{"start":{"line":56,"column":12},"end":{"line":56,"column":18}},"24":{"start":{"line":60,"column":8},"end":{"line":63,"column":9}},"25":{"start":{"line":61,"column":12},"end":{"line":61,"column":null}},"26":{"start":{"line":62,"column":12},"end":{"line":62,"column":18}},"27":{"start":{"line":65,"column":23},"end":{"line":65,"column":39}},"28":{"start":{"line":66,"column":8},"end":{"line":70,"column":null}},"29":{"start":{"line":67,"column":27},"end":{"line":67,"column":57}},"30":{"start":{"line":68,"column":12},"end":{"line":68,"column":null}},"31":{"start":{"line":69,"column":12},"end":{"line":69,"column":null}},"32":{"start":{"line":71,"column":8},"end":{"line":71,"column":null}},"33":{"start":{"line":74,"column":30},"end":{"line":81,"column":5}},"34":{"start":{"line":75,"column":8},"end":{"line":75,"column":28}},"35":{"start":{"line":76,"column":8},"end":{"line":76,"column":null}},"36":{"start":{"line":77,"column":8},"end":{"line":77,"column":null}},"37":{"start":{"line":78,"column":8},"end":{"line":80,"column":9}},"38":{"start":{"line":79,"column":12},"end":{"line":79,"column":null}},"39":{"start":{"line":83,"column":28},"end":{"line":95,"column":5}},"40":{"start":{"line":84,"column":8},"end":{"line":93,"column":null}},"41":{"start":{"line":97,"column":29},"end":{"line":100,"column":5}},"42":{"start":{"line":98,"column":8},"end":{"line":98,"column":28}},"43":{"start":{"line":99,"column":8},"end":{"line":99,"column":null}},"44":{"start":{"line":103,"column":24},"end":{"line":109,"column":5}},"45":{"start":{"line":104,"column":8},"end":{"line":104,"column":null}},"46":{"start":{"line":104,"column":33},"end":{"line":104,"column":null}},"47":{"start":{"line":105,"column":8},"end":{"line":108,"column":null}},"48":{"start":{"line":111,"column":4},"end":{"line":173,"column":5}},"49":{"start":{"line":112,"column":8},"end":{"line":172,"column":null}},"50":{"start":{"line":175,"column":4},"end":{"line":239,"column":null}}},"fnMap":{"0":{"name":"CardProduct","decl":{"start":{"line":31,"column":16},"end":{"line":31,"column":27}},"loc":{"start":{"line":31,"column":169},"end":{"line":240,"column":1}}},"1":{"name":"(anonymous_1)","decl":{"start":{"line":36,"column":23},"end":{"line":36,"column":24}},"loc":{"start":{"line":36,"column":38},"end":{"line":42,"column":5}}},"2":{"name":"(anonymous_2)","decl":{"start":{"line":44,"column":29},"end":{"line":44,"column":30}},"loc":{"start":{"line":44,"column":53},"end":{"line":47,"column":5}}},"3":{"name":"(anonymous_3)","decl":{"start":{"line":49,"column":30},"end":{"line":49,"column":31}},"loc":{"start":{"line":49,"column":73},"end":{"line":72,"column":5}}},"4":{"name":"(anonymous_4)","decl":{"start":{"line":66,"column":24},"end":{"line":66,"column":25}},"loc":{"start":{"line":66,"column":34},"end":{"line":70,"column":9}}},"5":{"name":"(anonymous_5)","decl":{"start":{"line":74,"column":30},"end":{"line":74,"column":31}},"loc":{"start":{"line":74,"column":54},"end":{"line":81,"column":5}}},"6":{"name":"(anonymous_6)","decl":{"start":{"line":83,"column":28},"end":{"line":83,"column":31}},"loc":{"start":{"line":83,"column":33},"end":{"line":95,"column":5}}},"7":{"name":"(anonymous_7)","decl":{"start":{"line":97,"column":29},"end":{"line":97,"column":30}},"loc":{"start":{"line":97,"column":53},"end":{"line":100,"column":5}}},"8":{"name":"(anonymous_8)","decl":{"start":{"line":103,"column":24},"end":{"line":103,"column":25}},"loc":{"start":{"line":103,"column":43},"end":{"line":109,"column":5}}}},"branchMap":{"0":{"loc":{"start":{"line":32,"column":68},"end":{"line":32,"column":81}},"type":"binary-expr","locations":[{"start":{"line":32,"column":68},"end":{"line":32,"column":73}},{"start":{"line":32,"column":77},"end":{"line":32,"column":81}}]},"1":{"loc":{"start":{"line":51,"column":8},"end":{"line":51,"column":25}},"type":"if","locations":[{"start":{"line":51,"column":8},"end":{"line":51,"column":25}}]},"2":{"loc":{"start":{"line":54,"column":8},"end":{"line":57,"column":9}},"type":"if","locations":[{"start":{"line":54,"column":8},"end":{"line":57,"column":9}}]},"3":{"loc":{"start":{"line":60,"column":8},"end":{"line":63,"column":9}},"type":"if","locations":[{"start":{"line":60,"column":8},"end":{"line":63,"column":9}}]},"4":{"loc":{"start":{"line":78,"column":8},"end":{"line":80,"column":9}},"type":"if","locations":[{"start":{"line":78,"column":8},"end":{"line":80,"column":9}}]},"5":{"loc":{"start":{"line":90,"column":19},"end":{"line":90,"column":44}},"type":"binary-expr","locations":[{"start":{"line":90,"column":19},"end":{"line":90,"column":31}},{"start":{"line":90,"column":35},"end":{"line":90,"column":44}}]},"6":{"loc":{"start":{"line":104,"column":8},"end":{"line":104,"column":null}},"type":"if","locations":[{"start":{"line":104,"column":8},"end":{"line":104,"column":null}}]},"7":{"loc":{"start":{"line":111,"column":4},"end":{"line":173,"column":5}},"type":"if","locations":[{"start":{"line":111,"column":4},"end":{"line":173,"column":5}}]},"8":{"loc":{"start":{"line":117,"column":25},"end":{"line":140,"column":null}},"type":"cond-expr","locations":[{"start":{"line":118,"column":28},"end":{"line":127,"column":null}},{"start":{"line":130,"column":28},"end":{"line":139,"column":null}}]},"9":{"loc":{"start":{"line":119,"column":42},"end":{"line":119,"column":76}},"type":"binary-expr","locations":[{"start":{"line":119,"column":42},"end":{"line":119,"column":54}},{"start":{"line":119,"column":58},"end":{"line":119,"column":76}}]},"10":{"loc":{"start":{"line":150,"column":33},"end":{"line":150,"column":152}},"type":"binary-expr","locations":[{"start":{"line":150,"column":33},"end":{"line":150,"column":52}},{"start":{"line":150,"column":56},"end":{"line":150,"column":152}}]},"11":{"loc":{"start":{"line":154,"column":60},"end":{"line":154,"column":105}},"type":"cond-expr","locations":[{"start":{"line":154,"column":82},"end":{"line":154,"column":91}},{"start":{"line":154,"column":94},"end":{"line":154,"column":105}}]},"12":{"loc":{"start":{"line":155,"column":33},"end":{"line":155,"column":76}},"type":"cond-expr","locations":[{"start":{"line":155,"column":55},"end":{"line":155,"column":63}},{"start":{"line":155,"column":66},"end":{"line":155,"column":76}}]},"13":{"loc":{"start":{"line":161,"column":29},"end":{"line":165,"column":null}},"type":"binary-expr","locations":[{"start":{"line":161,"column":29},"end":{"line":161,"column":48}},{"start":{"line":161,"column":52},"end":{"line":161,"column":71}},{"start":{"line":162,"column":32},"end":{"line":165,"column":55}}]},"14":{"loc":{"start":{"line":179,"column":17},"end":{"line":200,"column":null}},"type":"cond-expr","locations":[{"start":{"line":180,"column":20},"end":{"line":188,"column":null}},{"start":{"line":191,"column":20},"end":{"line":199,"column":null}}]},"15":{"loc":{"start":{"line":181,"column":34},"end":{"line":181,"column":68}},"type":"binary-expr","locations":[{"start":{"line":181,"column":34},"end":{"line":181,"column":46}},{"start":{"line":181,"column":50},"end":{"line":181,"column":68}}]},"16":{"loc":{"start":{"line":193,"column":33},"end":{"line":193,"column":66}},"type":"cond-expr","locations":[{"start":{"line":193,"column":38},"end":{"line":193,"column":47}},{"start":{"line":193,"column":50},"end":{"line":193,"column":66}}]},"17":{"loc":{"start":{"line":202,"column":89},"end":{"line":202,"column":106}},"type":"cond-expr","locations":[{"start":{"line":202,"column":94},"end":{"line":202,"column":98}},{"start":{"line":202,"column":101},"end":{"line":202,"column":106}}]},"18":{"loc":{"start":{"line":210,"column":106},"end":{"line":210,"column":151}},"type":"cond-expr","locations":[{"start":{"line":210,"column":114},"end":{"line":210,"column":132}},{"start":{"line":210,"column":135},"end":{"line":210,"column":151}}]},"19":{"loc":{"start":{"line":213,"column":56},"end":{"line":213,"column":137}},"type":"cond-expr","locations":[{"start":{"line":213,"column":78},"end":{"line":213,"column":87}},{"start":{"line":213,"column":90},"end":{"line":213,"column":137}}]},"20":{"loc":{"start":{"line":213,"column":90},"end":{"line":213,"column":137}},"type":"cond-expr","locations":[{"start":{"line":213,"column":114},"end":{"line":213,"column":125}},{"start":{"line":213,"column":128},"end":{"line":213,"column":137}}]},"21":{"loc":{"start":{"line":214,"column":29},"end":{"line":214,"column":72}},"type":"cond-expr","locations":[{"start":{"line":214,"column":51},"end":{"line":214,"column":59}},{"start":{"line":214,"column":62},"end":{"line":214,"column":72}}]},"22":{"loc":{"start":{"line":216,"column":25},"end":{"line":223,"column":null}},"type":"binary-expr","locations":[{"start":{"line":216,"column":25},"end":{"line":216,"column":44}},{"start":{"line":216,"column":48},"end":{"line":216,"column":67}},{"start":{"line":217,"column":28},"end":{"line":222,"column":null}}]}},"s":{"0":1,"1":1,"2":1,"3":1,"4":1,"5":1,"6":1,"7":1,"8":1,"9":1,"10":5,"11":5,"12":5,"13":5,"14":5,"15":0,"16":0,"17":5,"18":0,"19":0,"20":0,"21":0,"22":0,"23":0,"24":0,"25":0,"26":0,"27":0,"28":0,"29":0,"30":0,"31":0,"32":0,"33":5,"34":0,"35":0,"36":0,"37":0,"38":0,"39":5,"40":1,"41":5,"42":1,"43":1,"44":5,"45":5,"46":0,"47":5,"48":5,"49":1,"50":4},"f":{"0":5,"1":5,"2":0,"3":0,"4":0,"5":0,"6":1,"7":1,"8":5},"b":{"0":[5,5],"1":[0],"2":[0],"3":[0],"4":[0],"5":[1,1],"6":[0],"7":[1],"8":[0,1],"9":[0,0],"10":[1,1],"11":[1,0],"12":[1,0],"13":[1,1,1],"14":[0,4],"15":[0,0],"16":[4,0],"17":[4,0],"18":[4,0],"19":[3,1],"20":[1,0],"21":[3,1],"22":[4,3,3]}}
,"C:\\Users\\espin\\Desktop\\Nueva carpeta\\challenge-qsur\\src\\components\\Header\\EditItemModal.tsx": {"path":"C:\\Users\\espin\\Desktop\\Nueva carpeta\\challenge-qsur\\src\\components\\Header\\EditItemModal.tsx","statementMap":{"0":{"start":{"line":47,"column":0},"end":{"line":47,"column":16}},"1":{"start":{"line":1,"column":0},"end":{"line":1,"column":51}},"2":{"start":{"line":2,"column":0},"end":{"line":2,"column":73}},"3":{"start":{"line":3,"column":0},"end":{"line":3,"column":80}},"4":{"start":{"line":4,"column":0},"end":{"line":4,"column":73}},"5":{"start":{"line":5,"column":0},"end":{"line":5,"column":38}},"6":{"start":{"line":7,"column":0},"end":{"line":7,"column":31}},"7":{"start":{"line":8,"column":0},"end":{"line":8,"column":39}},"8":{"start":{"line":9,"column":0},"end":{"line":9,"column":39}},"9":{"start":{"line":10,"column":0},"end":{"line":10,"column":35}},"10":{"start":{"line":11,"column":0},"end":{"line":11,"column":35}},"11":{"start":{"line":13,"column":0},"end":{"line":13,"column":40}},"12":{"start":{"line":14,"column":0},"end":{"line":14,"column":45}},"13":{"start":{"line":16,"column":23},"end":{"line":19,"column":null}},"14":{"start":{"line":38,"column":17},"end":{"line":45,"column":null}},"15":{"start":{"line":48,"column":17},"end":{"line":48,"column":45}},"16":{"start":{"line":49,"column":30},"end":{"line":49,"column":50}},"17":{"start":{"line":50,"column":30},"end":{"line":50,"column":42}},"18":{"start":{"line":51,"column":42},"end":{"line":51,"column":54}},"19":{"start":{"line":52,"column":32},"end":{"line":52,"column":90}},"20":{"start":{"line":53,"column":44},"end":{"line":53,"column":73}},"21":{"start":{"line":54,"column":25},"end":{"line":54,"column":55}},"22":{"start":{"line":55,"column":36},"end":{"line":55,"column":57}},"23":{"start":{"line":56,"column":30},"end":{"line":63,"column":6}},"24":{"start":{"line":64,"column":34},"end":{"line":64,"column":49}},"25":{"start":{"line":67,"column":4},"end":{"line":76,"column":null}},"26":{"start":{"line":68,"column":8},"end":{"line":75,"column":9}},"27":{"start":{"line":69,"column":12},"end":{"line":69,"column":null}},"28":{"start":{"line":70,"column":12},"end":{"line":70,"column":null}},"29":{"start":{"line":71,"column":12},"end":{"line":71,"column":null}},"30":{"start":{"line":72,"column":12},"end":{"line":72,"column":null}},"31":{"start":{"line":73,"column":12},"end":{"line":73,"column":null}},"32":{"start":{"line":74,"column":12},"end":{"line":74,"column":null}},"33":{"start":{"line":79,"column":4},"end":{"line":83,"column":null}},"34":{"start":{"line":80,"column":8},"end":{"line":82,"column":9}},"35":{"start":{"line":81,"column":12},"end":{"line":81,"column":null}},"36":{"start":{"line":85,"column":25},"end":{"line":141,"column":5}},"37":{"start":{"line":86,"column":8},"end":{"line":86,"column":null}},"38":{"start":{"line":87,"column":36},"end":{"line":87,"column":51}},"39":{"start":{"line":88,"column":22},"end":{"line":88,"column":26}},"40":{"start":{"line":91,"column":8},"end":{"line":97,"column":9}},"41":{"start":{"line":92,"column":12},"end":{"line":92,"column":null}},"42":{"start":{"line":93,"column":12},"end":{"line":93,"column":null}},"43":{"start":{"line":94,"column":15},"end":{"line":97,"column":9}},"44":{"start":{"line":95,"column":12},"end":{"line":95,"column":null}},"45":{"start":{"line":96,"column":12},"end":{"line":96,"column":null}},"46":{"start":{"line":100,"column":8},"end":{"line":106,"column":9}},"47":{"start":{"line":101,"column":12},"end":{"line":101,"column":null}},"48":{"start":{"line":102,"column":12},"end":{"line":102,"column":null}},"49":{"start":{"line":103,"column":15},"end":{"line":106,"column":9}},"50":{"start":{"line":104,"column":12},"end":{"line":104,"column":null}},"51":{"start":{"line":105,"column":12},"end":{"line":105,"column":null}},"52":{"start":{"line":109,"column":8},"end":{"line":115,"column":9}},"53":{"start":{"line":110,"column":12},"end":{"line":110,"column":null}},"54":{"start":{"line":111,"column":12},"end":{"line":111,"column":null}},"55":{"start":{"line":112,"column":15},"end":{"line":115,"column":9}},"56":{"start":{"line":113,"column":12},"end":{"line":113,"column":null}},"57":{"start":{"line":114,"column":12},"end":{"line":114,"column":null}},"58":{"start":{"line":118,"column":8},"end":{"line":124,"column":9}},"59":{"start":{"line":119,"column":12},"end":{"line":119,"column":null}},"60":{"start":{"line":120,"column":12},"end":{"line":120,"column":null}},"61":{"start":{"line":121,"column":15},"end":{"line":124,"column":9}},"62":{"start":{"line":122,"column":12},"end":{"line":122,"column":null}},"63":{"start":{"line":123,"column":12},"end":{"line":123,"column":null}},"64":{"start":{"line":127,"column":8},"end":{"line":130,"column":9}},"65":{"start":{"line":128,"column":12},"end":{"line":128,"column":null}},"66":{"start":{"line":129,"column":12},"end":{"line":129,"column":null}},"67":{"start":{"line":133,"column":8},"end":{"line":136,"column":9}},"68":{"start":{"line":134,"column":12},"end":{"line":134,"column":null}},"69":{"start":{"line":135,"column":12},"end":{"line":135,"column":null}},"70":{"start":{"line":138,"column":8},"end":{"line":138,"column":null}},"71":{"start":{"line":139,"column":8},"end":{"line":139,"column":null}},"72":{"start":{"line":140,"column":8},"end":{"line":140,"column":null}},"73":{"start":{"line":143,"column":29},"end":{"line":145,"column":5}},"74":{"start":{"line":144,"column":8},"end":{"line":144,"column":null}},"75":{"start":{"line":147,"column":30},"end":{"line":172,"column":5}},"76":{"start":{"line":148,"column":21},"end":{"line":148,"column":40}},"77":{"start":{"line":149,"column":8},"end":{"line":149,"column":25}},"78":{"start":{"line":149,"column":19},"end":{"line":149,"column":25}},"79":{"start":{"line":152,"column":8},"end":{"line":156,"column":9}},"80":{"start":{"line":153,"column":12},"end":{"line":153,"column":null}},"81":{"start":{"line":154,"column":12},"end":{"line":154,"column":null}},"82":{"start":{"line":155,"column":12},"end":{"line":155,"column":18}},"83":{"start":{"line":159,"column":8},"end":{"line":163,"column":9}},"84":{"start":{"line":160,"column":12},"end":{"line":160,"column":null}},"85":{"start":{"line":161,"column":12},"end":{"line":161,"column":null}},"86":{"start":{"line":162,"column":12},"end":{"line":162,"column":18}},"87":{"start":{"line":165,"column":23},"end":{"line":165,"column":39}},"88":{"start":{"line":166,"column":8},"end":{"line":170,"column":null}},"89":{"start":{"line":167,"column":27},"end":{"line":167,"column":57}},"90":{"start":{"line":168,"column":12},"end":{"line":168,"column":null}},"91":{"start":{"line":169,"column":12},"end":{"line":169,"column":null}},"92":{"start":{"line":171,"column":8},"end":{"line":171,"column":null}},"93":{"start":{"line":174,"column":30},"end":{"line":180,"column":5}},"94":{"start":{"line":175,"column":8},"end":{"line":175,"column":null}},"95":{"start":{"line":176,"column":8},"end":{"line":178,"column":9}},"96":{"start":{"line":177,"column":12},"end":{"line":177,"column":null}},"97":{"start":{"line":179,"column":8},"end":{"line":179,"column":null}},"98":{"start":{"line":182,"column":25},"end":{"line":204,"column":5}},"99":{"start":{"line":183,"column":8},"end":{"line":183,"column":null}},"100":{"start":{"line":185,"column":8},"end":{"line":187,"column":9}},"101":{"start":{"line":186,"column":12},"end":{"line":186,"column":18}},"102":{"start":{"line":190,"column":8},"end":{"line":199,"column":null}},"103":{"start":{"line":202,"column":8},"end":{"line":202,"column":null}},"104":{"start":{"line":203,"column":8},"end":{"line":203,"column":59}},"105":{"start":{"line":206,"column":22},"end":{"line":215,"column":5}},"106":{"start":{"line":207,"column":8},"end":{"line":207,"column":null}},"107":{"start":{"line":208,"column":8},"end":{"line":208,"column":null}},"108":{"start":{"line":209,"column":8},"end":{"line":209,"column":null}},"109":{"start":{"line":210,"column":8},"end":{"line":210,"column":null}},"110":{"start":{"line":211,"column":8},"end":{"line":211,"column":null}},"111":{"start":{"line":212,"column":8},"end":{"line":214,"column":9}},"112":{"start":{"line":213,"column":12},"end":{"line":213,"column":null}},"113":{"start":{"line":217,"column":24},"end":{"line":220,"column":5}},"114":{"start":{"line":218,"column":8},"end":{"line":218,"column":null}},"115":{"start":{"line":219,"column":8},"end":{"line":219,"column":null}},"116":{"start":{"line":222,"column":25},"end":{"line":229,"column":5}},"117":{"start":{"line":223,"column":8},"end":{"line":223,"column":25}},"118":{"start":{"line":223,"column":19},"end":{"line":223,"column":25}},"119":{"start":{"line":225,"column":8},"end":{"line":228,"column":9}},"120":{"start":{"line":226,"column":12},"end":{"line":226,"column":null}},"121":{"start":{"line":227,"column":12},"end":{"line":227,"column":null}},"122":{"start":{"line":231,"column":30},"end":{"line":240,"column":5}},"123":{"start":{"line":233,"column":22},"end":{"line":233,"column":49}},"124":{"start":{"line":234,"column":8},"end":{"line":234,"column":null}},"125":{"start":{"line":235,"column":8},"end":{"line":239,"column":9}},"126":{"start":{"line":236,"column":12},"end":{"line":236,"column":null}},"127":{"start":{"line":238,"column":12},"end":{"line":238,"column":null}},"128":{"start":{"line":242,"column":33},"end":{"line":251,"column":5}},"129":{"start":{"line":244,"column":22},"end":{"line":244,"column":48}},"130":{"start":{"line":245,"column":8},"end":{"line":245,"column":null}},"131":{"start":{"line":246,"column":8},"end":{"line":250,"column":9}},"132":{"start":{"line":247,"column":12},"end":{"line":247,"column":null}},"133":{"start":{"line":249,"column":12},"end":{"line":249,"column":null}},"134":{"start":{"line":253,"column":4},"end":{"line":253,"column":null}},"135":{"start":{"line":253,"column":15},"end":{"line":253,"column":null}},"136":{"start":{"line":255,"column":4},"end":{"line":397,"column":null}},"137":{"start":{"line":300,"column":32},"end":{"line":300,"column":null}},"138":{"start":{"line":301,"column":32},"end":{"line":305,"column":33}},"139":{"start":{"line":302,"column":36},"end":{"line":302,"column":null}},"140":{"start":{"line":304,"column":36},"end":{"line":304,"column":null}},"141":{"start":{"line":321,"column":45},"end":{"line":321,"column":65}},"142":{"start":{"line":351,"column":32},"end":{"line":351,"column":null}},"143":{"start":{"line":352,"column":32},"end":{"line":356,"column":33}},"144":{"start":{"line":353,"column":36},"end":{"line":353,"column":null}},"145":{"start":{"line":355,"column":36},"end":{"line":355,"column":null}},"146":{"start":{"line":371,"column":32},"end":{"line":371,"column":null}},"147":{"start":{"line":372,"column":32},"end":{"line":372,"column":null}},"148":{"start":{"line":378,"column":54},"end":{"line":378,"column":66}},"149":{"start":{"line":379,"column":54},"end":{"line":379,"column":66}}},"fnMap":{"0":{"name":"EditItemModal","decl":{"start":{"line":47,"column":16},"end":{"line":47,"column":29}},"loc":{"start":{"line":47,"column":96},"end":{"line":398,"column":1}}},"1":{"name":"(anonymous_1)","decl":{"start":{"line":67,"column":14},"end":{"line":67,"column":17}},"loc":{"start":{"line":67,"column":19},"end":{"line":76,"column":5}}},"2":{"name":"(anonymous_2)","decl":{"start":{"line":79,"column":14},"end":{"line":79,"column":17}},"loc":{"start":{"line":79,"column":19},"end":{"line":83,"column":5}}},"3":{"name":"(anonymous_3)","decl":{"start":{"line":85,"column":25},"end":{"line":85,"column":37}},"loc":{"start":{"line":85,"column":39},"end":{"line":141,"column":5}}},"4":{"name":"(anonymous_4)","decl":{"start":{"line":143,"column":29},"end":{"line":143,"column":32}},"loc":{"start":{"line":143,"column":34},"end":{"line":145,"column":5}}},"5":{"name":"(anonymous_5)","decl":{"start":{"line":147,"column":30},"end":{"line":147,"column":31}},"loc":{"start":{"line":147,"column":73},"end":{"line":172,"column":5}}},"6":{"name":"(anonymous_6)","decl":{"start":{"line":166,"column":24},"end":{"line":166,"column":25}},"loc":{"start":{"line":166,"column":34},"end":{"line":170,"column":9}}},"7":{"name":"(anonymous_7)","decl":{"start":{"line":174,"column":30},"end":{"line":174,"column":33}},"loc":{"start":{"line":174,"column":35},"end":{"line":180,"column":5}}},"8":{"name":"(anonymous_8)","decl":{"start":{"line":182,"column":25},"end":{"line":182,"column":26}},"loc":{"start":{"line":182,"column":48},"end":{"line":204,"column":5}}},"9":{"name":"(anonymous_9)","decl":{"start":{"line":206,"column":22},"end":{"line":206,"column":25}},"loc":{"start":{"line":206,"column":27},"end":{"line":215,"column":5}}},"10":{"name":"(anonymous_10)","decl":{"start":{"line":217,"column":24},"end":{"line":217,"column":27}},"loc":{"start":{"line":217,"column":29},"end":{"line":220,"column":5}}},"11":{"name":"(anonymous_11)","decl":{"start":{"line":222,"column":25},"end":{"line":222,"column":28}},"loc":{"start":{"line":222,"column":30},"end":{"line":229,"column":5}}},"12":{"name":"(anonymous_12)","decl":{"start":{"line":231,"column":30},"end":{"line":231,"column":31}},"loc":{"start":{"line":231,"column":46},"end":{"line":240,"column":5}}},"13":{"name":"(anonymous_13)","decl":{"start":{"line":242,"column":33},"end":{"line":242,"column":34}},"loc":{"start":{"line":242,"column":49},"end":{"line":251,"column":5}}},"14":{"name":"(anonymous_14)","decl":{"start":{"line":299,"column":38},"end":{"line":299,"column":39}},"loc":{"start":{"line":299,"column":44},"end":{"line":306,"column":29}}},"15":{"name":"(anonymous_15)","decl":{"start":{"line":321,"column":38},"end":{"line":321,"column":39}},"loc":{"start":{"line":321,"column":45},"end":{"line":321,"column":65}}},"16":{"name":"(anonymous_16)","decl":{"start":{"line":350,"column":38},"end":{"line":350,"column":39}},"loc":{"start":{"line":350,"column":44},"end":{"line":357,"column":29}}},"17":{"name":"(anonymous_17)","decl":{"start":{"line":370,"column":38},"end":{"line":370,"column":39}},"loc":{"start":{"line":370,"column":44},"end":{"line":373,"column":29}}},"18":{"name":"(anonymous_18)","decl":{"start":{"line":378,"column":42},"end":{"line":378,"column":43}},"loc":{"start":{"line":378,"column":54},"end":{"line":378,"column":66}}},"19":{"name":"(anonymous_19)","decl":{"start":{"line":379,"column":42},"end":{"line":379,"column":43}},"loc":{"start":{"line":379,"column":54},"end":{"line":379,"column":66}}}},"branchMap":{"0":{"loc":{"start":{"line":68,"column":8},"end":{"line":75,"column":9}},"type":"if","locations":[{"start":{"line":68,"column":8},"end":{"line":75,"column":9}}]},"1":{"loc":{"start":{"line":71,"column":31},"end":{"line":71,"column":79}},"type":"cond-expr","locations":[{"start":{"line":71,"column":58},"end":{"line":71,"column":66}},{"start":{"line":71,"column":69},"end":{"line":71,"column":79}}]},"2":{"loc":{"start":{"line":72,"column":28},"end":{"line":72,"column":46}},"type":"binary-expr","locations":[{"start":{"line":72,"column":28},"end":{"line":72,"column":38}},{"start":{"line":72,"column":42},"end":{"line":72,"column":46}}]},"3":{"loc":{"start":{"line":73,"column":21},"end":{"line":73,"column":74}},"type":"cond-expr","locations":[{"start":{"line":73,"column":48},"end":{"line":73,"column":69}},{"start":{"line":73,"column":72},"end":{"line":73,"column":74}}]},"4":{"loc":{"start":{"line":74,"column":24},"end":{"line":74,"column":84}},"type":"cond-expr","locations":[{"start":{"line":74,"column":54},"end":{"line":74,"column":78}},{"start":{"line":74,"column":81},"end":{"line":74,"column":84}}]},"5":{"loc":{"start":{"line":80,"column":8},"end":{"line":82,"column":9}},"type":"if","locations":[{"start":{"line":80,"column":8},"end":{"line":82,"column":9}}]},"6":{"loc":{"start":{"line":91,"column":8},"end":{"line":97,"column":9}},"type":"if","locations":[{"start":{"line":91,"column":8},"end":{"line":97,"column":9}},{"start":{"line":94,"column":15},"end":{"line":97,"column":9}}]},"7":{"loc":{"start":{"line":94,"column":15},"end":{"line":97,"column":9}},"type":"if","locations":[{"start":{"line":94,"column":15},"end":{"line":97,"column":9}}]},"8":{"loc":{"start":{"line":100,"column":8},"end":{"line":106,"column":9}},"type":"if","locations":[{"start":{"line":100,"column":8},"end":{"line":106,"column":9}},{"start":{"line":103,"column":15},"end":{"line":106,"column":9}}]},"9":{"loc":{"start":{"line":103,"column":15},"end":{"line":106,"column":9}},"type":"if","locations":[{"start":{"line":103,"column":15},"end":{"line":106,"column":9}}]},"10":{"loc":{"start":{"line":103,"column":19},"end":{"line":103,"column":61}},"type":"binary-expr","locations":[{"start":{"line":103,"column":19},"end":{"line":103,"column":39}},{"start":{"line":103,"column":43},"end":{"line":103,"column":61}}]},"11":{"loc":{"start":{"line":109,"column":8},"end":{"line":115,"column":9}},"type":"if","locations":[{"start":{"line":109,"column":8},"end":{"line":115,"column":9}},{"start":{"line":112,"column":15},"end":{"line":115,"column":9}}]},"12":{"loc":{"start":{"line":112,"column":15},"end":{"line":115,"column":9}},"type":"if","locations":[{"start":{"line":112,"column":15},"end":{"line":115,"column":9}}]},"13":{"loc":{"start":{"line":112,"column":19},"end":{"line":112,"column":66}},"type":"binary-expr","locations":[{"start":{"line":112,"column":19},"end":{"line":112,"column":42}},{"start":{"line":112,"column":46},"end":{"line":112,"column":66}}]},"14":{"loc":{"start":{"line":118,"column":8},"end":{"line":124,"column":9}},"type":"if","locations":[{"start":{"line":118,"column":8},"end":{"line":124,"column":9}},{"start":{"line":121,"column":15},"end":{"line":124,"column":9}}]},"15":{"loc":{"start":{"line":121,"column":15},"end":{"line":124,"column":9}},"type":"if","locations":[{"start":{"line":121,"column":15},"end":{"line":124,"column":9}}]},"16":{"loc":{"start":{"line":127,"column":8},"end":{"line":130,"column":9}},"type":"if","locations":[{"start":{"line":127,"column":8},"end":{"line":130,"column":9}}]},"17":{"loc":{"start":{"line":133,"column":8},"end":{"line":136,"column":9}},"type":"if","locations":[{"start":{"line":133,"column":8},"end":{"line":136,"column":9}}]},"18":{"loc":{"start":{"line":149,"column":8},"end":{"line":149,"column":25}},"type":"if","locations":[{"start":{"line":149,"column":8},"end":{"line":149,"column":25}}]},"19":{"loc":{"start":{"line":152,"column":8},"end":{"line":156,"column":9}},"type":"if","locations":[{"start":{"line":152,"column":8},"end":{"line":156,"column":9}}]},"20":{"loc":{"start":{"line":159,"column":8},"end":{"line":163,"column":9}},"type":"if","locations":[{"start":{"line":159,"column":8},"end":{"line":163,"column":9}}]},"21":{"loc":{"start":{"line":176,"column":8},"end":{"line":178,"column":9}},"type":"if","locations":[{"start":{"line":176,"column":8},"end":{"line":178,"column":9}}]},"22":{"loc":{"start":{"line":185,"column":8},"end":{"line":187,"column":9}},"type":"if","locations":[{"start":{"line":185,"column":8},"end":{"line":187,"column":9}}]},"23":{"loc":{"start":{"line":191,"column":16},"end":{"line":191,"column":29}},"type":"binary-expr","locations":[{"start":{"line":191,"column":16},"end":{"line":191,"column":24}},{"start":{"line":191,"column":28},"end":{"line":191,"column":29}}]},"24":{"loc":{"start":{"line":195,"column":19},"end":{"line":195,"column":44}},"type":"binary-expr","locations":[{"start":{"line":195,"column":19},"end":{"line":195,"column":31}},{"start":{"line":195,"column":35},"end":{"line":195,"column":44}}]},"25":{"loc":{"start":{"line":196,"column":23},"end":{"line":196,"column":52}},"type":"binary-expr","locations":[{"start":{"line":196,"column":23},"end":{"line":196,"column":38}},{"start":{"line":196,"column":42},"end":{"line":196,"column":52}}]},"26":{"loc":{"start":{"line":212,"column":8},"end":{"line":214,"column":9}},"type":"if","locations":[{"start":{"line":212,"column":8},"end":{"line":214,"column":9}}]},"27":{"loc":{"start":{"line":223,"column":8},"end":{"line":223,"column":25}},"type":"if","locations":[{"start":{"line":223,"column":8},"end":{"line":223,"column":25}}]},"28":{"loc":{"start":{"line":225,"column":8},"end":{"line":228,"column":9}},"type":"if","locations":[{"start":{"line":225,"column":8},"end":{"line":228,"column":9}}]},"29":{"loc":{"start":{"line":235,"column":8},"end":{"line":239,"column":9}},"type":"if","locations":[{"start":{"line":235,"column":8},"end":{"line":239,"column":9}},{"start":{"line":237,"column":15},"end":{"line":239,"column":9}}]},"30":{"loc":{"start":{"line":235,"column":12},"end":{"line":235,"column":65}},"type":"binary-expr","locations":[{"start":{"line":235,"column":12},"end":{"line":235,"column":17}},{"start":{"line":235,"column":22},"end":{"line":235,"column":42}},{"start":{"line":235,"column":46},"end":{"line":235,"column":64}}]},"31":{"loc":{"start":{"line":246,"column":8},"end":{"line":250,"column":9}},"type":"if","locations":[{"start":{"line":246,"column":8},"end":{"line":250,"column":9}},{"start":{"line":248,"column":15},"end":{"line":250,"column":9}}]},"32":{"loc":{"start":{"line":246,"column":12},"end":{"line":246,"column":64}},"type":"binary-expr","locations":[{"start":{"line":246,"column":12},"end":{"line":246,"column":17}},{"start":{"line":246,"column":22},"end":{"line":246,"column":42}},{"start":{"line":246,"column":46},"end":{"line":246,"column":63}}]},"33":{"loc":{"start":{"line":253,"column":4},"end":{"line":253,"column":null}},"type":"if","locations":[{"start":{"line":253,"column":4},"end":{"line":253,"column":null}}]},"34":{"loc":{"start":{"line":265,"column":25},"end":{"line":287,"column":null}},"type":"cond-expr","locations":[{"start":{"line":266,"column":28},"end":{"line":275,"column":null}},{"start":{"line":278,"column":28},"end":{"line":286,"column":null}}]},"35":{"loc":{"start":{"line":267,"column":42},"end":{"line":267,"column":76}},"type":"binary-expr","locations":[{"start":{"line":267,"column":42},"end":{"line":267,"column":54}},{"start":{"line":267,"column":58},"end":{"line":267,"column":76}}]},"36":{"loc":{"start":{"line":290,"column":25},"end":{"line":290,"column":98}},"type":"binary-expr","locations":[{"start":{"line":290,"column":25},"end":{"line":290,"column":36}},{"start":{"line":290,"column":40},"end":{"line":290,"column":98}}]},"37":{"loc":{"start":{"line":301,"column":32},"end":{"line":305,"column":33}},"type":"if","locations":[{"start":{"line":301,"column":32},"end":{"line":305,"column":33}},{"start":{"line":303,"column":39},"end":{"line":305,"column":33}}]},"38":{"loc":{"start":{"line":311,"column":25},"e
[...]
end":{"line":87,"column":36}},"29":{"start":{"line":89,"column":8},"end":{"line":91,"column":11}},"30":{"start":{"line":90,"column":12},"end":{"line":90,"column":null}},"31":{"start":{"line":93,"column":10},"end":{"line":97,"column":11}},"32":{"start":{"line":94,"column":12},"end":{"line":96,"column":null}},"33":{"start":{"line":99,"column":10},"end":{"line":101,"column":11}},"34":{"start":{"line":100,"column":12},"end":{"line":100,"column":null}},"35":{"start":{"line":103,"column":10},"end":{"line":105,"column":11}},"36":{"start":{"line":104,"column":12},"end":{"line":104,"column":null}},"37":{"start":{"line":107,"column":10},"end":{"line":109,"column":11}},"38":{"start":{"line":108,"column":12},"end":{"line":108,"column":null}},"39":{"start":{"line":111,"column":10},"end":{"line":113,"column":11}},"40":{"start":{"line":112,"column":12},"end":{"line":112,"column":null}},"41":{"start":{"line":115,"column":10},"end":{"line":117,"column":11}},"42":{"start":{"line":116,"column":12},"end":{"line":116,"column":null}},"43":{"start":{"line":119,"column":8},"end":{"line":125,"column":null}},"44":{"start":{"line":128,"column":28},"end":{"line":135,"column":5}},"45":{"start":{"line":129,"column":8},"end":{"line":134,"column":null}},"46":{"start":{"line":137,"column":24},"end":{"line":144,"column":5}},"47":{"start":{"line":138,"column":8},"end":{"line":143,"column":null}},"48":{"start":{"line":146,"column":4},"end":{"line":151,"column":null}}},"fnMap":{"0":{"name":"useHistory","decl":{"start":{"line":24,"column":16},"end":{"line":24,"column":26}},"loc":{"start":{"line":24,"column":26},"end":{"line":71,"column":1}}},"1":{"name":"(anonymous_1)","decl":{"start":{"line":28,"column":14},"end":{"line":28,"column":17}},"loc":{"start":{"line":28,"column":19},"end":{"line":43,"column":5}}},"2":{"name":"(anonymous_2)","decl":{"start":{"line":34,"column":57},"end":{"line":34,"column":58}},"loc":{"start":{"line":34,"column":74},"end":{"line":37,"column":18}}},"3":{"name":"(anonymous_3)","decl":{"start":{"line":46,"column":14},"end":{"line":46,"column":17}},"loc":{"start":{"line":46,"column":19},"end":{"line":48,"column":5}}},"4":{"name":"(anonymous_4)","decl":{"start":{"line":51,"column":21},"end":{"line":51,"column":22}},"loc":{"start":{"line":51,"column":75},"end":{"line":59,"column":5}}},"5":{"name":"(anonymous_5)","decl":{"start":{"line":58,"column":18},"end":{"line":58,"column":19}},"loc":{"start":{"line":58,"column":34},"end":{"line":58,"column":59}}},"6":{"name":"(anonymous_6)","decl":{"start":{"line":62,"column":25},"end":{"line":62,"column":28}},"loc":{"start":{"line":62,"column":30},"end":{"line":64,"column":5}}},"7":{"name":"useHistoryLogger","decl":{"start":{"line":74,"column":16},"end":{"line":74,"column":32}},"loc":{"start":{"line":74,"column":32},"end":{"line":152,"column":1}}},"8":{"name":"(anonymous_8)","decl":{"start":{"line":77,"column":28},"end":{"line":77,"column":29}},"loc":{"start":{"line":77,"column":73},"end":{"line":84,"column":5}}},"9":{"name":"(anonymous_9)","decl":{"start":{"line":86,"column":26},"end":{"line":86,"column":27}},"loc":{"start":{"line":86,"column":119},"end":{"line":126,"column":5}}},"10":{"name":"(anonymous_10)","decl":{"start":{"line":128,"column":28},"end":{"line":128,"column":29}},"loc":{"start":{"line":128,"column":73},"end":{"line":135,"column":5}}},"11":{"name":"(anonymous_11)","decl":{"start":{"line":137,"column":24},"end":{"line":137,"column":25}},"loc":{"start":{"line":137,"column":69},"end":{"line":144,"column":5}}}},"branchMap":{"0":{"loc":{"start":{"line":31,"column":12},"end":{"line":39,"column":13}},"type":"if","locations":[{"start":{"line":31,"column":12},"end":{"line":39,"column":13}}]},"1":{"loc":{"start":{"line":82,"column":51},"end":{"line":82,"column":99}},"type":"cond-expr","locations":[{"start":{"line":82,"column":78},"end":{"line":82,"column":86}},{"start":{"line":82,"column":89},"end":{"line":82,"column":99}}]},"2":{"loc":{"start":{"line":89,"column":8},"end":{"line":91,"column":11}},"type":"if","locations":[{"start":{"line":89,"column":8},"end":{"line":91,"column":11}}]},"3":{"loc":{"start":{"line":93,"column":10},"end":{"line":97,"column":11}},"type":"if","locations":[{"start":{"line":93,"column":10},"end":{"line":97,"column":11}}]},"4":{"loc":{"start":{"line":95,"column":37},"end":{"line":95,"column":88}},"type":"cond-expr","locations":[{"start":{"line":95,"column":67},"end":{"line":95,"column":75}},{"start":{"line":95,"column":78},"end":{"line":95,"column":88}}]},"5":{"loc":{"start":{"line":95,"column":96},"end":{"line":95,"column":147}},"type":"cond-expr","locations":[{"start":{"line":95,"column":126},"end":{"line":95,"column":134}},{"start":{"line":95,"column":137},"end":{"line":95,"column":147}}]},"6":{"loc":{"start":{"line":99,"column":10},"end":{"line":101,"column":11}},"type":"if","locations":[{"start":{"line":99,"column":10},"end":{"line":101,"column":11}}]},"7":{"loc":{"start":{"line":103,"column":10},"end":{"line":105,"column":11}},"type":"if","locations":[{"start":{"line":103,"column":10},"end":{"line":105,"column":11}}]},"8":{"loc":{"start":{"line":103,"column":15},"end":{"line":103,"column":34}},"type":"binary-expr","locations":[{"start":{"line":103,"column":15},"end":{"line":103,"column":28}},{"start":{"line":103,"column":32},"end":{"line":103,"column":34}}]},"9":{"loc":{"start":{"line":103,"column":41},"end":{"line":103,"column":60}},"type":"binary-expr","locations":[{"start":{"line":103,"column":41},"end":{"line":103,"column":54}},{"start":{"line":103,"column":58},"end":{"line":103,"column":60}}]},"10":{"loc":{"start":{"line":104,"column":25},"end":{"line":104,"column":119}},"type":"cond-expr","locations":[{"start":{"line":104,"column":42},"end":{"line":104,"column":97}},{"start":{"line":104,"column":101},"end":{"line":104,"column":119}}]},"11":{"loc":{"start":{"line":104,"column":42},"end":{"line":104,"column":97}},"type":"cond-expr","locations":[{"start":{"line":104,"column":58},"end":{"line":104,"column":78}},{"start":{"line":104,"column":81},"end":{"line":104,"column":97}}]},"12":{"loc":{"start":{"line":107,"column":10},"end":{"line":109,"column":11}},"type":"if","locations":[{"start":{"line":107,"column":10},"end":{"line":109,"column":11}}]},"13":{"loc":{"start":{"line":107,"column":15},"end":{"line":107,"column":33}},"type":"binary-expr","locations":[{"start":{"line":107,"column":15},"end":{"line":107,"column":28}},{"start":{"line":107,"column":32},"end":{"line":107,"column":33}}]},"14":{"loc":{"start":{"line":107,"column":40},"end":{"line":107,"column":58}},"type":"binary-expr","locations":[{"start":{"line":107,"column":40},"end":{"line":107,"column":53}},{"start":{"line":107,"column":57},"end":{"line":107,"column":58}}]},"15":{"loc":{"start":{"line":108,"column":48},"end":{"line":108,"column":66}},"type":"binary-expr","locations":[{"start":{"line":108,"column":48},"end":{"line":108,"column":61}},{"start":{"line":108,"column":65},"end":{"line":108,"column":66}}]},"16":{"loc":{"start":{"line":108,"column":74},"end":{"line":108,"column":92}},"type":"binary-expr","locations":[{"start":{"line":108,"column":74},"end":{"line":108,"column":87}},{"start":{"line":108,"column":91},"end":{"line":108,"column":92}}]},"17":{"loc":{"start":{"line":111,"column":10},"end":{"line":113,"column":11}},"type":"if","locations":[{"start":{"line":111,"column":10},"end":{"line":113,"column":11}}]},"18":{"loc":{"start":{"line":111,"column":15},"end":{"line":111,"column":36}},"type":"binary-expr","locations":[{"start":{"line":111,"column":15},"end":{"line":111,"column":31}},{"start":{"line":111,"column":35},"end":{"line":111,"column":36}}]},"19":{"loc":{"start":{"line":111,"column":43},"end":{"line":111,"column":64}},"type":"binary-expr","locations":[{"start":{"line":111,"column":43},"end":{"line":111,"column":59}},{"start":{"line":111,"column":63},"end":{"line":111,"column":64}}]},"20":{"loc":{"start":{"line":112,"column":49},"end":{"line":112,"column":70}},"type":"binary-expr","locations":[{"start":{"line":112,"column":49},"end":{"line":112,"column":65}},{"start":{"line":112,"column":69},"end":{"line":112,"column":70}}]},"21":{"loc":{"start":{"line":112,"column":76},"end":{"line":112,"column":97}},"type":"binary-expr","locations":[{"start":{"line":112,"column":76},"end":{"line":112,"column":92}},{"start":{"line":112,"column":96},"end":{"line":112,"column":97}}]},"22":{"loc":{"start":{"line":115,"column":10},"end":{"line":117,"column":11}},"type":"if","locations":[{"start":{"line":115,"column":10},"end":{"line":117,"column":11}}]},"23":{"loc":{"start":{"line":142,"column":67},"end":{"line":142,"column":85}},"type":"binary-expr","locations":[{"start":{"line":142,"column":67},"end":{"line":142,"column":80}},{"start":{"line":142,"column":84},"end":{"line":142,"column":85}}]}},"s":{"0":0,"1":0,"2":0,"3":0,"4":0,"5":0,"6":0,"7":0,"8":0,"9":0,"10":0,"11":0,"12":0,"13":0,"14":0,"15":0,"16":0,"17":0,"18":0,"19":0,"20":0,"21":0,"22":0,"23":0,"24":0,"25":0,"26":0,"27":0,"28":0,"29":0,"30":0,"31":0,"32":0,"33":0,"34":0,"35":0,"36":0,"37":0,"38":0,"39":0,"40":0,"41":0,"42":0,"43":0,"44":0,"45":0,"46":0,"47":0,"48":0},"f":{"0":0,"1":0,"2":0,"3":0,"4":0,"5":0,"6":0,"7":0,"8":0,"9":0,"10":0,"11":0},"b":{"0":[0],"1":[0,0],"2":[0],"3":[0],"4":[0,0],"5":[0,0],"6":[0],"7":[0],"8":[0,0],"9":[0,0],"10":[0,0],"11":[0,0],"12":[0],"13":[0,0],"14":[0,0],"15":[0,0],"16":[0,0],"17":[0],"18":[0,0],"19":[0,0],"20":[0,0],"21":[0,0],"22":[0],"23":[0,0]}}
,"C:\\Users\\espin\\Desktop\\Nueva carpeta\\challenge-qsur\\src\\hooks\\useLocalStorage.ts": {"path":"C:\\Users\\espin\\Desktop\\Nueva carpeta\\challenge-qsur\\src\\hooks\\useLocalStorage.ts","statementMap":{"0":{"start":{"line":1,"column":0},"end":{"line":1,"column":33}},"1":{"start":{"line":3,"column":31},"end":{"line":32,"column":1}},"2":{"start":{"line":4,"column":42},"end":{"line":16,"column":6}},"3":{"start":{"line":5,"column":8},"end":{"line":7,"column":9}},"4":{"start":{"line":6,"column":12},"end":{"line":6,"column":32}},"5":{"start":{"line":8,"column":8},"end":{"line":15,"column":9}},"6":{"start":{"line":9,"column":25},"end":{"line":9,"column":57}},"7":{"start":{"line":11,"column":12},"end":{"line":11,"column":58}},"8":{"start":{"line":13,"column":12},"end":{"line":13,"column":31}},"9":{"start":{"line":14,"column":12},"end":{"line":14,"column":32}},"10":{"start":{"line":18,"column":21},"end":{"line":29,"column":5}},"11":{"start":{"line":19,"column":8},"end":{"line":28,"column":9}},"12":{"start":{"line":20,"column":33},"end":{"line":20,"column":87}},"13":{"start":{"line":22,"column":12},"end":{"line":22,"column":41}},"14":{"start":{"line":23,"column":12},"end":{"line":25,"column":13}},"15":{"start":{"line":24,"column":16},"end":{"line":24,"column":79}},"16":{"start":{"line":27,"column":12},"end":{"line":27,"column":31}},"17":{"start":{"line":31,"column":4},"end":{"line":31,"column":44}},"18":{"start":{"line":3,"column":13},"end":{"line":3,"column":31}}},"fnMap":{"0":{"name":"(anonymous_0)","decl":{"start":{"line":3,"column":31},"end":{"line":3,"column":35}},"loc":{"start":{"line":3,"column":67},"end":{"line":32,"column":1}}},"1":{"name":"(anonymous_1)","decl":{"start":{"line":4,"column":54},"end":{"line":4,"column":57}},"loc":{"start":{"line":4,"column":59},"end":{"line":16,"column":5}}},"2":{"name":"(anonymous_2)","decl":{"start":{"line":18,"column":21},"end":{"line":18,"column":22}},"loc":{"start":{"line":18,"column":52},"end":{"line":29,"column":5}}}},"branchMap":{"0":{"loc":{"start":{"line":5,"column":8},"end":{"line":7,"column":9}},"type":"if","locations":[{"start":{"line":5,"column":8},"end":{"line":7,"column":9}}]},"1":{"loc":{"start":{"line":11,"column":19},"end":{"line":11,"column":57}},"type":"cond-expr","locations":[{"start":{"line":11,"column":26},"end":{"line":11,"column":42}},{"start":{"line":11,"column":45},"end":{"line":11,"column":57}}]},"2":{"loc":{"start":{"line":20,"column":33},"end":{"line":20,"column":87}},"type":"cond-expr","locations":[{"start":{"line":20,"column":61},"end":{"line":20,"column":79}},{"start":{"line":20,"column":82},"end":{"line":20,"column":87}}]},"3":{"loc":{"start":{"line":23,"column":12},"end":{"line":25,"column":13}},"type":"if","locations":[{"start":{"line":23,"column":12},"end":{"line":25,"column":13}}]}},"s":{"0":0,"1":0,"2":0,"3":0,"4":0,"5":0,"6":0,"7":0,"8":0,"9":0,"10":0,"11":0,"12":0,"13":0,"14":0,"15":0,"16":0,"17":0,"18":0},"f":{"0":0,"1":0,"2":0},"b":{"0":[0],"1":[0,0],"2":[0,0],"3":[0]}}
,"C:\\Users\\espin\\Desktop\\Nueva carpeta\\challenge-qsur\\src\\hooks\\useSales.ts": {"path":"C:\\Users\\espin\\Desktop\\Nueva carpeta\\challenge-qsur\\src\\hooks\\useSales.ts","statementMap":{"0":{"start":{"line":1,"column":0},"end":{"line":1,"column":74}},"1":{"start":{"line":2,"column":0},"end":{"line":2,"column":51}},"2":{"start":{"line":5,"column":0},"end":{"line":5,"column":36}},"3":{"start":{"line":15,"column":24},"end":{"line":80,"column":1}},"4":{"start":{"line":16,"column":23},"end":{"line":16,"column":56}},"5":{"start":{"line":17,"column":20},"end":{"line":17,"column":50}},"6":{"start":{"line":18,"column":19},"end":{"line":18,"column":47}},"7":{"start":{"line":19,"column":16},"end":{"line":19,"column":41}},"8":{"start":{"line":21,"column":21},"end":{"line":34,"column":3}},"9":{"start":{"line":22,"column":4},"end":{"line":22,"column":27}},"10":{"start":{"line":22,"column":21},"end":{"line":22,"column":27}},"11":{"start":{"line":25,"column":30},"end":{"line":31,"column":null}},"12":{"start":{"line":33,"column":4},"end":{"line":33,"column":null}},"13":{"start":{"line":33,"column":32},"end":{"line":33,"column":55}},"14":{"start":{"line":36,"column":33},"end":{"line":50,"column":3}},"15":{"start":{"line":38,"column":25},"end":{"line":38,"column":63}},"16":{"start":{"line":38,"column":48},"end":{"line":38,"column":62}},"17":{"start":{"line":39,"column":4},"end":{"line":39,"column":29}},"18":{"start":{"line":39,"column":23},"end":{"line":39,"column":29}},"19":{"start":{"line":42,"column":30},"end":{"line":48,"column":null}},"20":{"start":{"line":49,"column":4},"end":{"line":49,"column":null}},"21":{"start":{"line":49,"column":30},"end":{"line":49,"column":53}},"22":{"start":{"line":52,"column":37},"end":{"line":73,"column":3}},"23":{"start":{"line":53,"column":24},"end":{"line":53,"column":34}},"24":{"start":{"line":54,"column":24},"end":{"line":54,"column":65}},"25":{"start":{"line":57,"column":29},"end":{"line":58,"column":null}},"26":{"start":{"line":58,"column":6},"end":{"line":58,"column":62}},"27":{"start":{"line":61,"column":4},"end":{"line":61,"column":null}},"28":{"start":{"line":61,"column":39},"end":{"line":61,"column":null}},"29":{"start":{"line":64,"column":23},"end":{"line":64,"column":82}},"30":{"start":{"line":64,"column":62},"end":{"line":64,"column":78}},"31":{"start":{"line":67,"column":24},"end":{"line":68,"column":null}},"32":{"start":{"line":72,"column":4},"end":{"line":72,"column":null}},"33":{"start":{"line":75,"column":2},"end":{"line":79,"column":null}},"34":{"start":{"line":15,"column":13},"end":{"line":15,"column":24}}},"fnMap":{"0":{"name":"(anonymous_0)","decl":{"start":{"line":15,"column":24},"end":{"line":15,"column":27}},"loc":{"start":{"line":15,"column":29},"end":{"line":80,"column":1}}},"1":{"name":"(anonymous_1)","decl":{"start":{"line":21,"column":21},"end":{"line":21,"column":22}},"loc":{"start":{"line":21,"column":66},"end":{"line":34,"column":3}}},"2":{"name":"(anonymous_2)","decl":{"start":{"line":33,"column":17},"end":{"line":33,"column":18}},"loc":{"start":{"line":33,"column":32},"end":{"line":33,"column":55}}},"3":{"name":"(anonymous_3)","decl":{"start":{"line":36,"column":33},"end":{"line":36,"column":34}},"loc":{"start":{"line":36,"column":69},"end":{"line":50,"column":3}}},"4":{"name":"(anonymous_4)","decl":{"start":{"line":38,"column":40},"end":{"line":38,"column":44}},"loc":{"start":{"line":38,"column":48},"end":{"line":38,"column":62}}},"5":{"name":"(anonymous_5)","decl":{"start":{"line":49,"column":17},"end":{"line":49,"column":26}},"loc":{"start":{"line":49,"column":30},"end":{"line":49,"column":53}}},"6":{"name":"(anonymous_6)","decl":{"start":{"line":52,"column":37},"end":{"line":52,"column":40}},"loc":{"start":{"line":52,"column":42},"end":{"line":73,"column":3}}},"7":{"name":"(anonymous_7)","decl":{"start":{"line":57,"column":46},"end":{"line":57,"column":50}},"loc":{"start":{"line":58,"column":6},"end":{"line":58,"column":62}}},"8":{"name":"(anonymous_8)","decl":{"start":{"line":64,"column":47},"end":{"line":64,"column":48}},"loc":{"start":{"line":64,"column":62},"end":{"line":64,"column":78}}}},"branchMap":{"0":{"loc":{"start":{"line":22,"column":4},"end":{"line":22,"column":27}},"type":"if","locations":[{"start":{"line":22,"column":4},"end":{"line":22,"column":27}}]},"1":{"loc":{"start":{"line":39,"column":4},"end":{"line":39,"column":29}},"type":"if","locations":[{"start":{"line":39,"column":4},"end":{"line":39,"column":29}}]},"2":{"loc":{"start":{"line":58,"column":6},"end":{"line":58,"column":62}},"type":"binary-expr","locations":[{"start":{"line":58,"column":6},"end":{"line":58,"column":32}},{"start":{"line":58,"column":36},"end":{"line":58,"column":62}}]},"3":{"loc":{"start":{"line":61,"column":4},"end":{"line":61,"column":null}},"type":"if","locations":[{"start":{"line":61,"column":4},"end":{"line":61,"column":null}}]}},"s":{"0":0,"1":0,"2":0,"3":0,"4":0,"5":0,"6":0,"7":0,"8":0,"9":0,"10":0,"11":0,"12":0,"13":0,"14":0,"15":0,"16":0,"17":0,"18":0,"19":0,"20":0,"21":0,"22":0,"23":0,"24":0,"25":0,"26":0,"27":0,"28":0,"29":0,"30":0,"31":0,"32":0,"33":0,"34":0},"f":{"0":0,"1":0,"2":0,"3":0,"4":0,"5":0,"6":0,"7":0,"8":0},"b":{"0":[0],"1":[0],"2":[0,0],"3":[0]}}
,"C:\\Users\\espin\\Desktop\\Nueva carpeta\\challenge-qsur\\src\\store\\salesAtoms.ts": {"path":"C:\\Users\\espin\\Desktop\\Nueva carpeta\\challenge-qsur\\src\\store\\salesAtoms.ts","statementMap":{"0":{"start":{"line":1,"column":0},"end":{"line":1,"column":39}},"1":{"start":{"line":11,"column":13},"end":{"line":14,"column":null}},"2":{"start":{"line":16,"column":13},"end":{"line":22,"column":null}},"3":{"start":{"line":19,"column":22},"end":{"line":19,"column":41}},"4":{"start":{"line":20,"column":4},"end":{"line":20,"column":null}},"5":{"start":{"line":20,"column":45},"end":{"line":20,"column":81}},"6":{"start":{"line":24,"column":13},"end":{"line":44,"column":null}},"7":{"start":{"line":27,"column":22},"end":{"line":27,"column":41}},"8":{"start":{"line":28,"column":49},"end":{"line":28,"column":51}},"9":{"start":{"line":29,"column":19},"end":{"line":29,"column":103}},"10":{"start":{"line":32,"column":4},"end":{"line":34,"column":null}},"11":{"start":{"line":33,"column":6},"end":{"line":33,"column":null}},"12":{"start":{"line":37,"column":4},"end":{"line":40,"column":null}},"13":{"start":{"line":38,"column":20},"end":{"line":38,"column":50}},"14":{"start":{"line":39,"column":6},"end":{"line":39,"column":null}},"15":{"start":{"line":42,"column":4},"end":{"line":42,"column":null}}},"fnMap":{"0":{"name":"(anonymous_0)","decl":{"start":{"line":18,"column":7},"end":{"line":18,"column":8}},"loc":{"start":{"line":18,"column":19},"end":{"line":21,"column":3}}},"1":{"name":"(anonymous_1)","decl":{"start":{"line":20,"column":28},"end":{"line":20,"column":29}},"loc":{"start":{"line":20,"column":45},"end":{"line":20,"column":81}}},"2":{"name":"(anonymous_2)","decl":{"start":{"line":26,"column":7},"end":{"line":26,"column":8}},"loc":{"start":{"line":26,"column":19},"end":{"line":43,"column":3}}},"3":{"name":"(anonymous_3)","decl":{"start":{"line":32,"column":19},"end":{"line":32,"column":20}},"loc":{"start":{"line":32,"column":29},"end":{"line":34,"column":5}}},"4":{"name":"(anonymous_4)","decl":{"start":{"line":37,"column":22},"end":{"line":37,"column":23}},"loc":{"start":{"line":37,"column":31},"end":{"line":40,"column":5}}}},"branchMap":{},"s":{"0":0,"1":0,"2":0,"3":0,"4":0,"5":0,"6":0,"7":0,"8":0,"9":0,"10":0,"11":0,"12":0,"13":0,"14":0,"15":0},"f":{"0":0,"1":0,"2":0,"3":0,"4":0},"b":{}}
}
