TN:
SF:src\App.tsx
FN:8,App
FN:12,(anonymous_1)
FN:20,(anonymous_2)
FNF:3
FNH:0
FNDA:0,App
FNDA:0,(anonymous_1)
FNDA:0,(anonymous_2)
DA:1,0
DA:2,0
DA:3,0
DA:4,0
DA:5,0
DA:9,0
DA:10,0
DA:12,0
DA:13,0
DA:16,0
DA:20,0
DA:27,0
LF:12
LH:0
BRF:0
BRH:0
end_of_record
TN:
SF:src\assets\NotFound.tsx
FN:1,(anonymous_0)
FNF:1
FNH:1
FNDA:2,(anonymous_0)
DA:1,1
DA:2,2
LF:2
LH:2
BRF:0
BRH:0
end_of_record
TN:
SF:src\assets\SearchIcon.tsx
FN:3,(anonymous_0)
FNF:1
FNH:1
FNDA:6,(anonymous_0)
DA:3,6
DA:4,6
LF:2
LH:2
BRDA:3,0,0,5
BRDA:3,1,0,5
BRDA:3,2,0,5
BRF:3
BRH:3
end_of_record
TN:
SF:src\atoms\index.ts
FNF:0
FNH:0
DA:3,6
DA:5,6
DA:10,6
DA:15,6
DA:20,6
DA:29,6
DA:34,6
DA:39,6
DA:44,6
DA:49,6
LF:10
LH:10
BRF:0
BRH:0
end_of_record
TN:
SF:src\components\Badge.tsx
FN:9,(anonymous_0)
FNF:1
FNH:1
FNDA:11,(anonymous_0)
DA:2,2
DA:9,2
DA:10,11
LF:3
LH:3
BRDA:9,0,0,0
BRDA:12,1,0,11
BRDA:12,1,1,7
BRDA:13,2,0,11
BRDA:13,2,1,2
BRDA:14,3,0,11
BRDA:14,3,1,1
BRDA:15,4,0,11
BRDA:15,4,1,1
BRF:9
BRH:8
end_of_record
TN:
SF:src\components\Button.tsx
FN:16,(anonymous_0)
FN:19,(anonymous_1)
FNF:2
FNH:2
FNDA:107,(anonymous_0)
FNDA:10,(anonymous_1)
DA:1,7
DA:2,7
DA:16,7
DA:17,107
DA:19,107
DA:20,10
DA:21,1
DA:22,1
DA:24,9
DA:27,107
DA:60,7
DA:61,7
LF:12
LH:12
BRDA:17,0,0,25
BRDA:20,1,0,1
BRDA:35,2,0,107
BRDA:35,2,1,60
BRDA:36,3,0,107
BRDA:36,3,1,37
BRDA:37,4,0,107
BRDA:37,4,1,10
BRDA:38,5,0,107
BRDA:38,5,1,1
BRDA:39,6,0,2
BRDA:39,6,1,105
BRDA:40,7,0,107
BRDA:40,7,1,1
BRDA:46,8,0,2
BRDA:46,8,1,105
BRDA:50,9,0,2
BRDA:50,9,1,2
BRDA:51,10,0,2
BRDA:51,10,1,0
BRF:20
BRH:19
end_of_record
TN:
SF:src\components\Divider.tsx
FN:1,(anonymous_0)
FNF:1
FNH:1
FNDA:3,(anonymous_0)
DA:1,1
DA:2,3
LF:2
LH:2
BRF:0
BRH:0
end_of_record
TN:
SF:src\components\Dropdown.tsx
FN:13,Dropdown
FN:23,(anonymous_1)
FNF:2
FNH:2
FNDA:10,Dropdown
FNDA:18,(anonymous_1)
DA:1,1
DA:13,1
DA:14,10
DA:24,18
LF:4
LH:4
BRF:0
BRH:0
end_of_record
TN:
SF:src\components\Input.tsx
FN:17,(anonymous_0)
FN:65,(anonymous_1)
FNF:2
FNH:2
FNDA:97,(anonymous_0)
FNDA:11,(anonymous_1)
DA:1,5
DA:2,5
DA:16,5
DA:33,97
DA:34,97
DA:65,11
DA:80,5
DA:81,5
LF:8
LH:8
BRDA:35,0,0,97
BRDA:35,0,1,16
BRDA:39,1,0,97
BRDA:39,1,1,1
BRDA:41,2,0,97
BRDA:41,2,1,1
BRDA:42,3,0,1
BRDA:42,3,1,96
BRDA:47,4,0,97
BRDA:47,4,1,1
BRDA:49,5,0,1
BRDA:49,5,1,96
BRDA:59,6,0,1
BRDA:59,6,1,96
BRDA:64,7,0,97
BRDA:64,7,1,37
BRDA:68,8,0,1
BRDA:68,8,1,96
BRDA:69,9,0,1
BRDA:69,9,1,96
BRF:20
BRH:20
end_of_record
TN:
SF:src\components\Modal.tsx
FN:12,(anonymous_0)
FNF:1
FNH:1
FNDA:32,(anonymous_0)
DA:2,3
DA:12,3
DA:13,32
DA:32,3
LF:4
LH:4
BRDA:12,0,0,31
BRDA:15,1,0,31
BRDA:15,1,1,1
BRF:3
BRH:3
end_of_record
TN:
SF:src\components\Pagination.tsx
FN:8,(anonymous_0)
FN:19,(anonymous_1)
FN:25,(anonymous_2)
FN:35,(anonymous_3)
FN:47,(anonymous_4)
FN:55,(anonymous_5)
FN:63,(anonymous_6)
FNF:7
FNH:7
FNDA:2,(anonymous_0)
FNDA:2,(anonymous_1)
FNDA:2,(anonymous_2)
FNDA:10,(anonymous_3)
FNDA:3,(anonymous_4)
FNDA:3,(anonymous_5)
FNDA:3,(anonymous_6)
DA:1,1
DA:2,1
DA:3,1
DA:4,1
DA:6,1
DA:8,1
DA:9,2
DA:16,1
DA:18,1
DA:20,2
DA:23,1
DA:25,1
DA:26,2
DA:28,1
DA:35,1
DA:36,10
DA:45,1
DA:47,1
DA:48,3
DA:53,1
DA:55,1
DA:56,3
DA:61,1
DA:63,1
DA:64,3
DA:69,1
DA:72,1
DA:73,1
DA:74,1
DA:75,1
DA:76,1
DA:77,1
DA:78,1
LF:33
LH:33
BRDA:37,0,0,1
BRDA:37,0,1,9
BRDA:38,1,0,1
BRDA:38,1,1,9
BRF:4
BRH:4
end_of_record
TN:
SF:src\components\RadioGroup.tsx
FN:25,(anonymous_0)
FN:29,(anonymous_1)
FN:32,(anonymous_2)
FN:50,(anonymous_3)
FN:59,(anonymous_4)
FN:93,(anonymous_5)
FN:113,(anonymous_6)
FN:124,(anonymous_7)
FN:124,(anonymous_8)
FN:127,(anonymous_9)
FN:132,(anonymous_10)
FN:138,(anonymous_11)
FNF:12
FNH:8
FNDA:0,(anonymous_0)
FNDA:0,(anonymous_1)
FNDA:0,(anonymous_2)
FNDA:5,(anonymous_3)
FNDA:15,(anonymous_4)
FNDA:15,(anonymous_5)
FNDA:15,(anonymous_6)
FNDA:5,(anonymous_7)
FNDA:0,(anonymous_8)
FNDA:1,(anonymous_9)
FNDA:4,(anonymous_10)
FNDA:15,(anonymous_11)
DA:1,1
DA:2,1
DA:3,1
DA:4,1
DA:5,1
DA:25,1
DA:32,0
DA:33,0
DA:34,0
DA:37,0
DA:50,1
DA:51,5
DA:59,1
DA:60,15
DA:64,15
DA:93,1
DA:94,15
DA:104,15
DA:113,1
DA:114,15
DA:121,15
DA:124,1
DA:125,5
DA:127,5
DA:128,1
DA:129,1
DA:132,5
DA:134,5
DA:139,15
LF:29
LH:25
BRDA:26,0,0,0
BRDA:27,1,0,0
BRDA:29,2,0,0
BRDA:33,3,0,0
BRDA:40,4,0,0
BRDA:40,4,1,0
BRDA:43,5,0,0
BRDA:43,5,1,0
BRDA:61,6,0,5
BRDA:61,6,1,10
BRDA:61,7,0,0
BRDA:61,7,1,5
BRDA:61,8,0,0
BRDA:61,8,1,10
BRDA:69,9,0,5
BRDA:69,9,1,10
BRDA:70,10,0,0
BRDA:70,10,1,5
BRDA:72,11,0,5
BRDA:72,11,1,0
BRDA:75,12,0,0
BRDA:75,12,1,10
BRDA:76,13,0,0
BRDA:76,13,1,0
BRDA:77,14,0,10
BRDA:77,14,1,5
BRDA:107,15,0,0
BRDA:107,15,1,15
BRDA:108,16,0,0
BRDA:108,16,1,15
BRDA:124,17,0,0
BRDA:140,18,0,5
BRDA:140,18,1,10
BRF:33
BRH:15
end_of_record
TN:
SF:src\components\Select.tsx
FN:31,(anonymous_0)
FN:42,(anonymous_1)
FN:43,(anonymous_2)
FN:54,(anonymous_3)
FN:55,(anonymous_4)
FN:59,(anonymous_5)
FN:63,(anonymous_6)
FN:108,(anonymous_7)
FN:110,(anonymous_8)
FN:124,(anonymous_9)
FNF:10
FNH:3
FNDA:44,(anonymous_0)
FNDA:0,(anonymous_1)
FNDA:0,(anonymous_2)
FNDA:0,(anonymous_3)
FNDA:0,(anonymous_4)
FNDA:24,(anonymous_5)
FNDA:0,(anonymous_6)
FNDA:0,(anonymous_7)
FNDA:0,(anonymous_8)
FNDA:105,(anonymous_9)
DA:1,5
DA:2,5
DA:5,5
DA:6,5
DA:7,5
DA:31,5
DA:42,0
DA:43,0
DA:52,44
DA:54,44
DA:55,0
DA:58,44
DA:59,24
DA:63,44
DA:64,0
DA:65,0
DA:66,0
DA:67,0
DA:70,44
DA:108,0
DA:110,0
DA:125,105
DA:126,105
DA:127,105
LF:24
LH:15
BRDA:42,0,0,0
BRDA:43,1,0,0
BRDA:45,2,0,44
BRDA:75,3,0,1
BRDA:75,3,1,43
BRDA:84,4,0,38
BRDA:84,4,1,6
BRDA:94,5,0,1
BRDA:94,5,1,43
BRDA:95,6,0,1
BRDA:95,6,1,43
BRDA:95,7,0,44
BRDA:95,7,1,28
BRDA:99,8,0,38
BRDA:99,8,1,6
BRDA:101,9,0,1
BRDA:101,9,1,43
BRDA:109,10,0,0
BRDA:109,10,1,44
BRDA:135,11,0,3
BRDA:135,11,1,102
BRF:21
BRH:18
end_of_record
TN:
SF:src\components\Switch.tsx
FN:14,(anonymous_0)
FNF:1
FNH:1
FNDA:6,(anonymous_0)
DA:1,1
DA:2,1
DA:14,1
DA:15,6
LF:4
LH:4
BRDA:19,0,0,6
BRDA:19,0,1,6
BRF:2
BRH:2
end_of_record
TN:
SF:src\components\Table.tsx
FN:37,(anonymous_0)
FN:43,(anonymous_1)
FN:49,(anonymous_2)
FN:55,(anonymous_3)
FN:61,(anonymous_4)
FN:67,(anonymous_5)
FN:73,(anonymous_6)
FN:79,(anonymous_7)
FNF:8
FNH:8
FNDA:4,(anonymous_0)
FNDA:6,(anonymous_1)
FNDA:2,(anonymous_2)
FNDA:4,(anonymous_3)
FNDA:2,(anonymous_4)
FNDA:2,(anonymous_5)
FNDA:2,(anonymous_6)
FNDA:17,(anonymous_7)
DA:1,1
DA:2,1
DA:37,1
DA:38,4
DA:43,1
DA:44,6
DA:49,1
DA:50,2
DA:55,1
DA:56,4
DA:61,1
DA:62,2
DA:67,1
DA:68,2
DA:73,1
DA:74,2
DA:80,17
DA:81,17
DA:91,1
LF:19
LH:19
BRF:0
BRH:0
end_of_record
TN:
SF:src\components\Tabs.tsx
FN:27,(anonymous_0)
FN:40,(anonymous_1)
FN:51,(anonymous_2)
FN:67,(anonymous_3)
FNF:4
FNH:4
FNDA:9,(anonymous_0)
FNDA:9,(anonymous_1)
FNDA:6,(anonymous_2)
FNDA:4,(anonymous_3)
DA:2,1
DA:3,1
DA:27,1
DA:28,9
DA:40,1
DA:41,9
DA:51,1
DA:52,6
DA:67,1
DA:68,4
DA:81,1
LF:11
LH:11
BRDA:61,0,0,6
BRDA:61,0,1,1
BRF:2
BRH:2
end_of_record
TN:
SF:src\components\Textarea.tsx
FN:12,(anonymous_0)
FNF:1
FNH:1
FNDA:35,(anonymous_0)
DA:1,3
DA:12,3
DA:13,35
LF:3
LH:3
BRF:0
BRH:0
end_of_record
TN:
SF:src\components\Tooltip.tsx
FN:14,(anonymous_0)
FNF:1
FNH:1
FNDA:11,(anonymous_0)
DA:2,2
DA:3,2
DA:14,2
DA:15,11
DA:36,2
LF:5
LH:5
BRDA:14,0,0,10
BRDA:14,1,0,10
BRF:2
BRH:2
end_of_record
TN:
SF:src\components\Cards\Card.tsx
FN:13,(anonymous_0)
FNF:1
FNH:1
FNDA:1,(anonymous_0)
DA:1,1
DA:2,1
DA:13,1
DA:14,1
LF:4
LH:4
BRF:0
BRH:0
end_of_record
TN:
SF:src\components\Cards\CardProduct.tsx
FN:31,CardProduct
FN:36,(anonymous_1)
FN:44,(anonymous_2)
FN:49,(anonymous_3)
FN:66,(anonymous_4)
FN:74,(anonymous_5)
FN:83,(anonymous_6)
FN:97,(anonymous_7)
FN:103,(anonymous_8)
FNF:9
FNH:5
FNDA:5,CardProduct
FNDA:5,(anonymous_1)
FNDA:0,(anonymous_2)
FNDA:0,(anonymous_3)
FNDA:0,(anonymous_4)
FNDA:0,(anonymous_5)
FNDA:1,(anonymous_6)
FNDA:1,(anonymous_7)
FNDA:5,(anonymous_8)
DA:1,1
DA:2,1
DA:3,1
DA:4,1
DA:5,1
DA:7,1
DA:9,1
DA:10,1
DA:11,1
DA:31,1
DA:32,5
DA:33,5
DA:36,5
DA:37,5
DA:44,5
DA:45,0
DA:46,0
DA:49,5
DA:50,0
DA:51,0
DA:54,0
DA:55,0
DA:56,0
DA:60,0
DA:61,0
DA:62,0
DA:65,0
DA:66,0
DA:67,0
DA:68,0
DA:69,0
DA:71,0
DA:74,5
DA:75,0
DA:76,0
DA:77,0
DA:78,0
DA:79,0
DA:83,5
DA:84,1
DA:97,5
DA:98,1
DA:99,1
DA:103,5
DA:104,5
DA:105,5
DA:111,5
DA:112,1
DA:175,4
LF:49
LH:28
BRDA:32,0,0,5
BRDA:32,0,1,5
BRDA:51,1,0,0
BRDA:54,2,0,0
BRDA:60,3,0,0
BRDA:78,4,0,0
BRDA:90,5,0,1
BRDA:90,5,1,1
BRDA:104,6,0,0
BRDA:111,7,0,1
BRDA:117,8,0,0
BRDA:117,8,1,1
BRDA:119,9,0,0
BRDA:119,9,1,0
BRDA:150,10,0,1
BRDA:150,10,1,1
BRDA:154,11,0,1
BRDA:154,11,1,0
BRDA:155,12,0,1
BRDA:155,12,1,0
BRDA:161,13,0,1
BRDA:161,13,1,1
BRDA:161,13,2,1
BRDA:179,14,0,0
BRDA:179,14,1,4
BRDA:181,15,0,0
BRDA:181,15,1,0
BRDA:193,16,0,4
BRDA:193,16,1,0
BRDA:202,17,0,4
BRDA:202,17,1,0
BRDA:210,18,0,4
BRDA:210,18,1,0
BRDA:213,19,0,3
BRDA:213,19,1,1
BRDA:213,20,0,1
BRDA:213,20,1,0
BRDA:214,21,0,3
BRDA:214,21,1,1
BRDA:216,22,0,4
BRDA:216,22,1,3
BRDA:216,22,2,3
BRF:42
BRH:25
end_of_record
TN:
SF:src\components\Header\EditItemModal.tsx
FN:47,EditItemModal
FN:67,(anonymous_1)
FN:79,(anonymous_2)
FN:85,(anonymous_3)
FN:143,(anonymous_4)
FN:147,(anonymous_5)
FN:166,(anonymous_6)
FN:174,(anonymous_7)
FN:182,(anonymous_8)
FN:206,(anonymous_9)
FN:217,(anonymous_10)
FN:222,(anonymous_11)
FN:231,(anonymous_12)
FN:242,(anonymous_13)
FN:299,(anonymous_14)
FN:321,(anonymous_15)
FN:350,(anonymous_16)
FN:370,(anonymous_17)
FN:378,(anonymous_18)
FN:379,(anonymous_19)
FNF:20
FNH:13
FNDA:13,EditItemModal
FNDA:4,(anonymous_1)
FNDA:8,(anonymous_2)
FNDA:1,(anonymous_3)
FNDA:0,(anonymous_4)
FNDA:0,(anonymous_5)
FNDA:0,(anonymous_6)
FNDA:0,(anonymous_7)
FNDA:1,(anonymous_8)
FNDA:0,(anonymous_9)
FNDA:0,(anonymous_10)
FNDA:2,(anonymous_11)
FNDA:1,(anonymous_12)
FNDA:1,(anonymous_13)
FNDA:1,(anonymous_14)
FNDA:1,(anonymous_15)
FNDA:1,(anonymous_16)
FNDA:0,(anonymous_17)
FNDA:39,(anonymous_18)
FNDA:39,(anonymous_19)
DA:1,1
DA:2,1
DA:3,1
DA:4,1
DA:5,1
DA:7,1
DA:8,1
DA:9,1
DA:10,1
DA:11,1
DA:13,1
DA:14,1
DA:16,1
DA:38,1
DA:47,1
DA:48,13
DA:49,13
DA:50,13
DA:51,13
DA:52,13
DA:53,13
DA:54,13
DA:55,13
DA:56,13
DA:64,13
DA:67,13
DA:68,4
DA:69,4
DA:70,4
DA:71,4
DA:72,4
DA:73,4
DA:74,4
DA:79,13
DA:80,8
DA:81,0
DA:85,13
DA:86,1
DA:87,1
DA:88,1
DA:91,1
DA:92,0
DA:93,0
DA:94,1
DA:95,0
DA:96,0
DA:100,1
DA:101,0
DA:102,0
DA:103,1
DA:104,0
DA:105,0
DA:109,1
DA:110,0
DA:111,0
DA:112,1
DA:113,0
DA:114,0
DA:118,1
DA:119,0
DA:120,0
DA:121,1
DA:122,0
DA:123,0
DA:127,1
DA:128,0
DA:129,0
DA:133,1
DA:134,0
DA:135,0
DA:138,1
DA:139,1
DA:140,1
DA:143,13
DA:144,0
DA:147,13
DA:148,0
DA:149,0
DA:152,0
DA:153,0
DA:154,0
DA:155,0
DA:159,0
DA:160,0
DA:161,0
DA:162,0
DA:165,0
DA:166,0
DA:167,0
DA:168,0
DA:169,0
DA:171,0
DA:174,13
DA:175,0
DA:176,0
DA:177,0
DA:179,0
DA:182,13
DA:183,1
DA:185,1
DA:186,0
DA:190,1
DA:202,1
DA:203,1
DA:206,13
DA:207,0
DA:208,0
DA:209,0
DA:210,0
DA:211,0
DA:212,0
DA:213,0
DA:217,13
DA:218,0
DA:219,0
DA:222,13
DA:223,2
DA:225,2
DA:226,1
DA:227,1
DA:231,13
DA:233,1
DA:234,1
DA:235,1
DA:236,0
DA:238,1
DA:242,13
DA:244,1
DA:245,1
DA:246,1
DA:247,0
DA:249,1
DA:253,13
DA:255,13
DA:300,1
DA:301,1
DA:302,0
DA:304,1
DA:321,1
DA:351,1
DA:352,1
DA:353,0
DA:355,1
DA:371,0
DA:372,0
DA:378,39
DA:379,39
LF:147
LH:89
BRDA:68,0,0,4
BRDA:71,1,0,4
BRDA:71,1,1,0
BRDA:72,2,0,4
BRDA:72,2,1,0
BRDA:73,3,0,4
BRDA:73,3,1,0
BRDA:74,4,0,4
BRDA:74,4,1,0
BRDA:80,5,0,0
BRDA:91,6,0,0
BRDA:91,6,1,1
BRDA:94,7,0,0
BRDA:100,8,0,0
BRDA:100,8,1,1
BRDA:103,9,0,0
BRDA:103,10,0,1
BRDA:103,10,1,1
BRDA:109,11,0,0
BRDA:109,11,1,1
BRDA:112,12,0,0
BRDA:112,13,0,1
BRDA:112,13,1,1
BRDA:118,14,0,0
BRDA:118,14,1,1
BRDA:121,15,0,0
BRDA:127,16,0,0
BRDA:133,17,0,0
BRDA:149,18,0,0
BRDA:152,19,0,0
BRDA:159,20,0,0
BRDA:176,21,0,0
BRDA:185,22,0,0
BRDA:191,23,0,1
BRDA:191,23,1,0
BRDA:195,24,0,1
BRDA:195,24,1,0
BRDA:196,25,0,1
BRDA:196,25,1,0
BRDA:212,26,0,0
BRDA:223,27,0,0
BRDA:225,28,0,1
BRDA:235,29,0,0
BRDA:235,29,1,1
BRDA:235,30,0,1
BRDA:235,30,1,1
BRDA:235,30,2,1
BRDA:246,31,0,0
BRDA:246,31,1,1
BRDA:246,32,0,1
BRDA:246,32,1,1
BRDA:246,32,2,1
BRDA:253,33,0,0
BRDA:265,34,0,9
BRDA:265,34,1,4
BRDA:267,35,0,9
BRDA:267,35,1,0
BRDA:290,36,0,13
BRDA:290,36,1,0
BRDA:301,37,0,0
BRDA:301,37,1,1
BRDA:311,38,0,13
BRDA:311,38,1,0
BRDA:326,39,0,13
BRDA:326,39,1,0
BRDA:341,40,0,13
BRDA:341,40,1,0
BRDA:352,41,0,0
BRDA:352,41,1,1
BRDA:362,42,0,13
BRDA:362,42,1,0
BRDA:380,43,0,13
BRDA:380,43,1,0
BRF:73
BRH:36
end_of_record
TN:
SF:src\components\Header\Header.tsx
FN:23,AppHeader
FN:29,(anonymous_1)
FN:36,(anonymous_2)
FN:41,(anonymous_3)
FN:47,(anonymous_4)
FN:51,(anonymous_5)
FN:72,(anonymous_6)
FN:73,(anonymous_7)
FN:79,(anonymous_8)
FN:80,(anonymous_9)
FN:81,(anonymous_10)
FN:92,(anonymous_11)
FNF:12
FNH:9
FNDA:8,AppHeader
FNDA:8,(anonymous_1)
FNDA:8,(anonymous_2)
FNDA:0,(anonymous_3)
FNDA:0,(anonymous_4)
FNDA:1,(anonymous_5)
FNDA:20,(anonymous_6)
FNDA:20,(anonymous_7)
FNDA:0,(anonymous_8)
FNDA:20,(anonymous_9)
FNDA:20,(anonymous_10)
FNDA:1,(anonymous_11)
DA:1,2
DA:2,2
DA:3,2
DA:4,2
DA:5,2
DA:6,2
DA:7,2
DA:10,2
DA:16,2
DA:23,2
DA:24,8
DA:25,8
DA:26,8
DA:29,8
DA:30,8
DA:33,7
DA:36,8
DA:39,8
DA:41,8
DA:42,0
DA:44,0
DA:47,8
DA:48,0
DA:51,8
DA:52,1
DA:53,1
DA:57,8
DA:72,20
DA:73,20
DA:79,0
DA:80,20
DA:81,20
DA:92,1
LF:33
LH:29
BRDA:30,0,0,1
BRDA:64,1,0,8
BRDA:64,1,1,5
BRF:3
BRH:3
end_of_record
TN:
SF:src\components\Header\NewItem.tsx
FN:26,NewCardModal
FN:37,(anonymous_1)
FN:41,(anonymous_2)
FN:58,(anonymous_3)
FN:65,(anonymous_4)
FN:72,(anonymous_5)
FN:97,(anonymous_6)
FN:108,(anonymous_7)
FN:113,(anonymous_8)
FN:118,(anonymous_9)
FN:167,(anonymous_10)
FN:182,(anonymous_11)
FN:209,(anonymous_12)
FN:222,(anonymous_13)
FN:226,(anonymous_14)
FN:227,(anonymous_15)
FNF:16
FNH:11
FNDA:14,NewCardModal
FNDA:0,(anonymous_1)
FNDA:0,(anonymous_2)
FNDA:0,(anonymous_3)
FNDA:0,(anonymous_4)
FNDA:1,(anonymous_5)
FNDA:2,(anonymous_6)
FNDA:1,(anonymous_7)
FNDA:2,(anonymous_8)
FNDA:2,(anonymous_9)
FNDA:2,(anonymous_10)
FNDA:2,(anonymous_11)
FNDA:1,(anonymous_12)
FNDA:0,(anonymous_13)
FNDA:42,(anonymous_14)
FNDA:42,(anonymous_15)
DA:1,1
DA:2,1
DA:3,1
DA:4,1
DA:5,1
DA:7,1
DA:8,1
DA:9,1
DA:10,1
DA:11,1
DA:13,1
DA:14,1
DA:15,1
DA:26,1
DA:27,14
DA:28,14
DA:29,14
DA:30,14
DA:31,14
DA:32,14
DA:33,14
DA:34,14
DA:35,14
DA:37,14
DA:38,0
DA:41,14
DA:42,0
DA:43,0
DA:46,0
DA:47,0
DA:48,0
DA:52,0
DA:53,0
DA:54,0
DA:57,0
DA:58,0
DA:59,0
DA:60,0
DA:62,0
DA:65,14
DA:66,0
DA:67,0
DA:68,0
DA:72,14
DA:73,1
DA:76,1
DA:77,0
DA:78,0
DA:82,1
DA:92,1
DA:93,1
DA:94,1
DA:97,14
DA:98,2
DA:99,2
DA:100,2
DA:101,2
DA:102,2
DA:103,2
DA:104,2
DA:108,14
DA:109,1
DA:110,1
DA:113,14
DA:115,2
DA:116,2
DA:118,14
DA:120,2
DA:121,2
DA:124,14
DA:167,2
DA:182,2
DA:209,1
DA:222,0
DA:226,42
DA:227,42
LF:76
LH:56
BRDA:43,0,0,0
BRDA:46,1,0,0
BRDA:52,2,0,0
BRDA:67,3,0,0
BRDA:76,4,0,0
BRDA:86,5,0,1
BRDA:86,5,1,1
BRDA:103,6,0,2
BRDA:134,7,0,0
BRDA:134,7,1,14
BRDA:136,8,0,0
BRDA:136,8,1,0
BRDA:172,9,0,14
BRDA:172,9,1,0
BRDA:187,10,0,14
BRDA:187,10,1,0
BRDA:200,11,0,14
BRDA:200,11,1,0
BRDA:228,12,0,14
BRDA:228,12,1,0
BRF:20
BRH:8
end_of_record
TN:
SF:src\components\Sidebar\Sidebar.tsx
FN:38,AppSidebar
FN:44,(anonymous_1)
FN:71,(anonymous_2)
FN:76,(anonymous_3)
FN:93,(anonymous_4)
FNF:5
FNH:3
FNDA:9,AppSidebar
FNDA:1,(anonymous_1)
FNDA:36,(anonymous_2)
FNDA:0,(anonymous_3)
FNDA:0,(anonymous_4)
DA:1,1
DA:2,1
DA:3,1
DA:4,1
DA:5,1
DA:6,1
DA:7,1
DA:8,1
DA:9,1
DA:10,1
DA:11,1
DA:12,1
DA:15,1
DA:38,1
DA:39,9
DA:40,9
DA:41,9
DA:44,9
DA:45,1
DA:46,1
DA:49,9
DA:72,36
LF:22
LH:22
BRDA:50,0,0,8
BRDA:50,0,1,1
BRDA:55,1,0,9
BRDA:55,1,1,8
BRDA:67,2,0,8
BRDA:67,2,1,1
BRDA:69,3,0,8
BRDA:69,3,1,1
BRDA:84,4,0,8
BRDA:84,4,1,1
BRDA:87,5,0,1
BRDA:87,5,1,7
BRF:12
BRH:12
end_of_record
TN:
SF:src\components\Sidebar\SidebarItem.tsx
FN:7,(anonymous_0)
FNF:1
FNH:1
FNDA:51,(anonymous_0)
DA:2,2
DA:3,2
DA:5,2
DA:7,2
DA:22,51
DA:23,51
DA:25,51
DA:42,2
LF:8
LH:8
BRDA:29,0,0,10
BRDA:29,0,1,41
BRDA:30,1,0,11
BRDA:30,1,1,40
BRDA:34,2,0,51
BRDA:34,2,1,10
BRF:6
BRH:6
end_of_record
TN:
SF:src\hooks\useHistoryStore.ts
FN:24,useHistory
FN:28,(anonymous_1)
FN:34,(anonymous_2)
FN:46,(anonymous_3)
FN:51,(anonymous_4)
FN:58,(anonymous_5)
FN:62,(anonymous_6)
FN:74,useHistoryLogger
FN:77,(anonymous_8)
FN:86,(anonymous_9)
FN:128,(anonymous_10)
FN:137,(anonymous_11)
FNF:12
FNH:0
FNDA:0,useHistory
FNDA:0,(anonymous_1)
FNDA:0,(anonymous_2)
FNDA:0,(anonymous_3)
FNDA:0,(anonymous_4)
FNDA:0,(anonymous_5)
FNDA:0,(anonymous_6)
FNDA:0,useHistoryLogger
FNDA:0,(anonymous_8)
FNDA:0,(anonymous_9)
FNDA:0,(anonymous_10)
FNDA:0,(anonymous_11)
DA:1,0
DA:2,0
DA:18,0
DA:24,0
DA:25,0
DA:28,0
DA:29,0
DA:30,0
DA:31,0
DA:32,0
DA:34,0
DA:38,0
DA:41,0
DA:46,0
DA:47,0
DA:51,0
DA:52,0
DA:58,0
DA:62,0
DA:63,0
DA:66,0
DA:74,0
DA:75,0
DA:77,0
DA:78,0
DA:86,0
DA:87,0
DA:89,0
DA:90,0
DA:93,0
DA:94,0
DA:99,0
DA:100,0
DA:103,0
DA:104,0
DA:107,0
DA:108,0
DA:111,0
DA:112,0
DA:115,0
DA:116,0
DA:119,0
DA:128,0
DA:129,0
DA:137,0
DA:138,0
DA:146,0
LF:47
LH:0
BRDA:31,0,0,0
BRDA:82,1,0,0
BRDA:82,1,1,0
BRDA:89,2,0,0
BRDA:93,3,0,0
BRDA:95,4,0,0
BRDA:95,4,1,0
BRDA:95,5,0,0
BRDA:95,5,1,0
BRDA:99,6,0,0
BRDA:103,7,0,0
BRDA:103,8,0,0
BRDA:103,8,1,0
BRDA:103,9,0,0
BRDA:103,9,1,0
BRDA:104,10,0,0
BRDA:104,10,1,0
BRDA:104,11,0,0
BRDA:104,11,1,0
BRDA:107,12,0,0
BRDA:107,13,0,0
BRDA:107,13,1,0
BRDA:107,14,0,0
BRDA:107,14,1,0
BRDA:108,15,0,0
BRDA:108,15,1,0
BRDA:108,16,0,0
BRDA:108,16,1,0
BRDA:111,17,0,0
BRDA:111,18,0,0
BRDA:111,18,1,0
BRDA:111,19,0,0
BRDA:111,19,1,0
BRDA:112,20,0,0
BRDA:112,20,1,0
BRDA:112,21,0,0
BRDA:112,21,1,0
BRDA:115,22,0,0
BRDA:142,23,0,0
BRDA:142,23,1,0
BRF:40
BRH:0
end_of_record
TN:
SF:src\hooks\useLocalStorage.ts
FN:3,(anonymous_0)
FN:4,(anonymous_1)
FN:18,(anonymous_2)
FNF:3
FNH:0
FNDA:0,(anonymous_0)
FNDA:0,(anonymous_1)
FNDA:0,(anonymous_2)
DA:1,0
DA:3,0
DA:4,0
DA:5,0
DA:6,0
DA:8,0
DA:9,0
DA:11,0
DA:13,0
DA:14,0
DA:18,0
DA:19,0
DA:20,0
DA:22,0
DA:23,0
DA:24,0
DA:27,0
DA:31,0
LF:18
LH:0
BRDA:5,0,0,0
BRDA:11,1,0,0
BRDA:11,1,1,0
BRDA:20,2,0,0
BRDA:20,2,1,0
BRDA:23,3,0,0
BRF:6
BRH:0
end_of_record
TN:
SF:src\hooks\useSales.ts
FN:15,(anonymous_0)
FN:21,(anonymous_1)
FN:33,(anonymous_2)
FN:36,(anonymous_3)
FN:38,(anonymous_4)
FN:49,(anonymous_5)
FN:52,(anonymous_6)
FN:57,(anonymous_7)
FN:64,(anonymous_8)
FNF:9
FNH:0
FNDA:0,(anonymous_0)
FNDA:0,(anonymous_1)
FNDA:0,(anonymous_2)
FNDA:0,(anonymous_3)
FNDA:0,(anonymous_4)
FNDA:0,(anonymous_5)
FNDA:0,(anonymous_6)
FNDA:0,(anonymous_7)
FNDA:0,(anonymous_8)
DA:1,0
DA:2,0
DA:5,0
DA:15,0
DA:16,0
DA:17,0
DA:18,0
DA:19,0
DA:21,0
DA:22,0
DA:25,0
DA:33,0
DA:36,0
DA:38,0
DA:39,0
DA:42,0
DA:49,0
DA:52,0
DA:53,0
DA:54,0
DA:57,0
DA:58,0
DA:61,0
DA:64,0
DA:67,0
DA:72,0
DA:75,0
LF:27
LH:0
BRDA:22,0,0,0
BRDA:39,1,0,0
BRDA:58,2,0,0
BRDA:58,2,1,0
BRDA:61,3,0,0
BRF:5
BRH:0
end_of_record
TN:
SF:src\store\salesAtoms.ts
FN:18,(anonymous_0)
FN:20,(anonymous_1)
FN:26,(anonymous_2)
FN:32,(anonymous_3)
FN:37,(anonymous_4)
FNF:5
FNH:0
FNDA:0,(anonymous_0)
FNDA:0,(anonymous_1)
FNDA:0,(anonymous_2)
FNDA:0,(anonymous_3)
FNDA:0,(anonymous_4)
DA:1,0
DA:11,0
DA:16,0
DA:19,0
DA:20,0
DA:24,0
DA:27,0
DA:28,0
DA:29,0
DA:32,0
DA:33,0
DA:37,0
DA:38,0
DA:39,0
DA:42,0
LF:15
LH:0
BRF:0
BRH:0
end_of_record
