TN:
SF:src\App.tsx
FN:8,App
FN:12,(anonymous_1)
FN:20,(anonymous_2)
FNF:3
FNH:0
FNDA:0,App
FNDA:0,(anonymous_1)
FNDA:0,(anonymous_2)
DA:1,0
DA:2,0
DA:3,0
DA:4,0
DA:5,0
DA:9,0
DA:10,0
DA:12,0
DA:13,0
DA:16,0
DA:20,0
DA:28,0
LF:12
LH:0
BRF:0
BRH:0
end_of_record
TN:
SF:src\assets\NotFound.tsx
FN:1,(anonymous_0)
FNF:1
FNH:1
FNDA:5,(anonymous_0)
DA:1,2
DA:2,5
LF:2
LH:2
BRF:0
BRH:0
end_of_record
TN:
SF:src\assets\SearchIcon.tsx
FN:3,(anonymous_0)
FNF:1
FNH:1
FNDA:6,(anonymous_0)
DA:3,8
DA:4,6
LF:2
LH:2
BRDA:3,0,0,5
BRDA:3,1,0,5
BRDA:3,2,0,5
BRF:3
BRH:3
end_of_record
TN:
SF:src\atoms\index.ts
FNF:0
FNH:0
DA:3,9
DA:5,9
DA:10,9
DA:15,9
DA:20,9
DA:29,9
DA:34,9
DA:39,9
DA:44,9
DA:49,9
LF:10
LH:10
BRF:0
BRH:0
end_of_record
TN:
SF:src\components\Badge.tsx
FN:9,(anonymous_0)
FNF:1
FNH:1
FNDA:11,(anonymous_0)
DA:2,4
DA:9,4
DA:10,11
LF:3
LH:3
BRDA:9,0,0,0
BRDA:12,1,0,11
BRDA:12,1,1,7
BRDA:13,2,0,11
BRDA:13,2,1,2
BRDA:14,3,0,11
BRDA:14,3,1,1
BRDA:15,4,0,11
BRDA:15,4,1,1
BRF:9
BRH:8
end_of_record
TN:
SF:src\components\Button.tsx
FN:16,(anonymous_0)
FN:19,(anonymous_1)
FNF:2
FNH:2
FNDA:96,(anonymous_0)
FNDA:8,(anonymous_1)
DA:1,10
DA:2,10
DA:16,10
DA:17,96
DA:19,96
DA:20,8
DA:21,1
DA:22,1
DA:24,7
DA:27,96
DA:60,10
DA:61,10
LF:12
LH:12
BRDA:17,0,0,23
BRDA:20,1,0,1
BRDA:35,2,0,96
BRDA:35,2,1,53
BRDA:36,3,0,96
BRDA:36,3,1,34
BRDA:37,4,0,96
BRDA:37,4,1,9
BRDA:38,5,0,96
BRDA:38,5,1,1
BRDA:39,6,0,2
BRDA:39,6,1,94
BRDA:40,7,0,96
BRDA:40,7,1,1
BRDA:46,8,0,2
BRDA:46,8,1,94
BRDA:50,9,0,2
BRDA:50,9,1,2
BRDA:51,10,0,2
BRDA:51,10,1,0
BRF:20
BRH:19
end_of_record
TN:
SF:src\components\Divider.tsx
FN:1,(anonymous_0)
FNF:1
FNH:1
FNDA:17,(anonymous_0)
DA:1,2
DA:2,17
LF:2
LH:2
BRF:0
BRH:0
end_of_record
TN:
SF:src\components\Dropdown.tsx
FN:13,Dropdown
FN:23,(anonymous_1)
FNF:2
FNH:2
FNDA:8,Dropdown
FNDA:16,(anonymous_1)
DA:1,2
DA:13,2
DA:14,8
DA:24,16
LF:4
LH:4
BRF:0
BRH:0
end_of_record
TN:
SF:src\components\Input.tsx
FN:17,(anonymous_0)
FN:65,(anonymous_1)
FNF:2
FNH:2
FNDA:89,(anonymous_0)
FNDA:10,(anonymous_1)
DA:1,7
DA:2,7
DA:16,7
DA:33,89
DA:34,89
DA:65,10
DA:80,7
DA:81,7
LF:8
LH:8
BRDA:35,0,0,89
BRDA:35,0,1,11
BRDA:39,1,0,89
BRDA:39,1,1,1
BRDA:41,2,0,89
BRDA:41,2,1,1
BRDA:42,3,0,1
BRDA:42,3,1,88
BRDA:47,4,0,89
BRDA:47,4,1,1
BRDA:49,5,0,1
BRDA:49,5,1,88
BRDA:59,6,0,1
BRDA:59,6,1,88
BRDA:64,7,0,89
BRDA:64,7,1,36
BRDA:68,8,0,1
BRDA:68,8,1,88
BRDA:69,9,0,1
BRDA:69,9,1,88
BRF:20
BRH:20
end_of_record
TN:
SF:src\components\Modal.tsx
FN:12,(anonymous_0)
FNF:1
FNH:1
FNDA:31,(anonymous_0)
DA:2,4
DA:12,4
DA:13,31
DA:32,4
LF:4
LH:4
BRDA:12,0,0,30
BRDA:15,1,0,30
BRDA:15,1,1,1
BRF:3
BRH:3
end_of_record
TN:
SF:src\components\Pagination.tsx
FN:8,(anonymous_0)
FN:19,(anonymous_1)
FN:25,(anonymous_2)
FN:35,(anonymous_3)
FN:47,(anonymous_4)
FN:55,(anonymous_5)
FN:63,(anonymous_6)
FNF:7
FNH:7
FNDA:2,(anonymous_0)
FNDA:2,(anonymous_1)
FNDA:2,(anonymous_2)
FNDA:10,(anonymous_3)
FNDA:3,(anonymous_4)
FNDA:3,(anonymous_5)
FNDA:3,(anonymous_6)
DA:1,2
DA:2,2
DA:3,2
DA:4,2
DA:6,2
DA:8,2
DA:9,2
DA:16,2
DA:18,2
DA:20,2
DA:23,2
DA:25,2
DA:26,2
DA:28,2
DA:35,2
DA:36,10
DA:45,2
DA:47,2
DA:48,3
DA:53,2
DA:55,2
DA:56,3
DA:61,2
DA:63,2
DA:64,3
DA:69,2
DA:72,2
DA:73,2
DA:74,2
DA:75,2
DA:76,2
DA:77,2
DA:78,2
LF:33
LH:33
BRDA:37,0,0,1
BRDA:37,0,1,9
BRDA:38,1,0,1
BRDA:38,1,1,9
BRF:4
BRH:4
end_of_record
TN:
SF:src\components\RadioGroup.tsx
FN:25,(anonymous_0)
FN:29,(anonymous_1)
FN:32,(anonymous_2)
FN:50,(anonymous_3)
FN:59,(anonymous_4)
FN:93,(anonymous_5)
FN:113,(anonymous_6)
FN:124,(anonymous_7)
FN:124,(anonymous_8)
FN:127,(anonymous_9)
FN:132,(anonymous_10)
FN:138,(anonymous_11)
FNF:12
FNH:9
FNDA:20,(anonymous_0)
FNDA:0,(anonymous_1)
FNDA:3,(anonymous_2)
FNDA:3,(anonymous_3)
FNDA:9,(anonymous_4)
FNDA:9,(anonymous_5)
FNDA:9,(anonymous_6)
FNDA:3,(anonymous_7)
FNDA:0,(anonymous_8)
FNDA:0,(anonymous_9)
FNDA:3,(anonymous_10)
FNDA:9,(anonymous_11)
DA:1,2
DA:2,2
DA:3,2
DA:4,2
DA:5,2
DA:25,2
DA:32,20
DA:33,3
DA:34,2
DA:37,20
DA:50,2
DA:51,3
DA:59,2
DA:60,9
DA:64,9
DA:93,2
DA:94,9
DA:104,9
DA:113,2
DA:114,9
DA:121,9
DA:124,2
DA:125,3
DA:127,3
DA:128,0
DA:129,0
DA:132,3
DA:134,3
DA:139,9
LF:29
LH:27
BRDA:26,0,0,18
BRDA:27,1,0,19
BRDA:29,2,0,0
BRDA:33,3,0,1
BRDA:40,4,0,2
BRDA:40,4,1,18
BRDA:43,5,0,8
BRDA:43,5,1,12
BRDA:61,6,0,3
BRDA:61,6,1,6
BRDA:61,7,0,0
BRDA:61,7,1,3
BRDA:61,8,0,0
BRDA:61,8,1,6
BRDA:69,9,0,3
BRDA:69,9,1,6
BRDA:70,10,0,0
BRDA:70,10,1,3
BRDA:72,11,0,3
BRDA:72,11,1,0
BRDA:75,12,0,0
BRDA:75,12,1,6
BRDA:76,13,0,0
BRDA:76,13,1,0
BRDA:77,14,0,6
BRDA:77,14,1,3
BRDA:107,15,0,0
BRDA:107,15,1,9
BRDA:108,16,0,0
BRDA:108,16,1,9
BRDA:124,17,0,0
BRDA:140,18,0,3
BRDA:140,18,1,6
BRF:33
BRH:22
end_of_record
TN:
SF:src\components\Select.tsx
FN:31,(anonymous_0)
FN:42,(anonymous_1)
FN:43,(anonymous_2)
FN:54,(anonymous_3)
FN:55,(anonymous_4)
FN:59,(anonymous_5)
FN:63,(anonymous_6)
FN:108,(anonymous_7)
FN:110,(anonymous_8)
FN:124,(anonymous_9)
FNF:10
FNH:3
FNDA:33,(anonymous_0)
FNDA:0,(anonymous_1)
FNDA:0,(anonymous_2)
FNDA:0,(anonymous_3)
FNDA:0,(anonymous_4)
FNDA:16,(anonymous_5)
FNDA:0,(anonymous_6)
FNDA:0,(anonymous_7)
FNDA:0,(anonymous_8)
FNDA:73,(anonymous_9)
DA:1,6
DA:2,6
DA:5,6
DA:6,6
DA:7,6
DA:31,6
DA:42,0
DA:43,0
DA:52,33
DA:54,33
DA:55,0
DA:58,33
DA:59,16
DA:63,33
DA:64,0
DA:65,0
DA:66,0
DA:67,0
DA:70,33
DA:108,0
DA:110,0
DA:125,73
DA:126,73
DA:127,73
LF:24
LH:15
BRDA:42,0,0,0
BRDA:43,1,0,0
BRDA:45,2,0,33
BRDA:75,3,0,1
BRDA:75,3,1,32
BRDA:84,4,0,27
BRDA:84,4,1,6
BRDA:94,5,0,1
BRDA:94,5,1,32
BRDA:95,6,0,1
BRDA:95,6,1,32
BRDA:95,7,0,33
BRDA:95,7,1,27
BRDA:99,8,0,27
BRDA:99,8,1,6
BRDA:101,9,0,1
BRDA:101,9,1,32
BRDA:109,10,0,0
BRDA:109,10,1,33
BRDA:135,11,0,3
BRDA:135,11,1,70
BRF:21
BRH:18
end_of_record
TN:
SF:src\components\Switch.tsx
FN:14,(anonymous_0)
FNF:1
FNH:1
FNDA:36,(anonymous_0)
DA:1,2
DA:2,2
DA:14,2
DA:15,36
LF:4
LH:4
BRDA:19,0,0,36
BRDA:19,0,1,35
BRF:2
BRH:2
end_of_record
TN:
SF:src\components\Table.tsx
FN:37,(anonymous_0)
FN:43,(anonymous_1)
FN:49,(anonymous_2)
FN:55,(anonymous_3)
FN:61,(anonymous_4)
FN:67,(anonymous_5)
FN:73,(anonymous_6)
FN:79,(anonymous_7)
FNF:8
FNH:8
FNDA:4,(anonymous_0)
FNDA:6,(anonymous_1)
FNDA:2,(anonymous_2)
FNDA:4,(anonymous_3)
FNDA:2,(anonymous_4)
FNDA:2,(anonymous_5)
FNDA:2,(anonymous_6)
FNDA:17,(anonymous_7)
DA:1,2
DA:2,2
DA:37,2
DA:38,4
DA:43,2
DA:44,6
DA:49,2
DA:50,2
DA:55,2
DA:56,4
DA:61,2
DA:62,2
DA:67,2
DA:68,2
DA:73,2
DA:74,2
DA:80,17
DA:81,17
DA:91,2
LF:19
LH:19
BRF:0
BRH:0
end_of_record
TN:
SF:src\components\Tabs.tsx
FN:27,(anonymous_0)
FN:40,(anonymous_1)
FN:51,(anonymous_2)
FN:67,(anonymous_3)
FNF:4
FNH:0
FNDA:0,(anonymous_0)
FNDA:0,(anonymous_1)
FNDA:0,(anonymous_2)
FNDA:0,(anonymous_3)
DA:2,1
DA:3,1
DA:27,1
DA:28,0
DA:40,1
DA:41,0
DA:51,1
DA:52,0
DA:67,1
DA:68,0
DA:81,1
LF:11
LH:7
BRDA:61,0,0,0
BRDA:61,0,1,0
BRF:2
BRH:0
end_of_record
TN:
SF:src\components\Textarea.tsx
FN:12,(anonymous_0)
FNF:1
FNH:1
FNDA:26,(anonymous_0)
DA:1,3
DA:12,3
DA:13,26
LF:3
LH:3
BRF:0
BRH:0
end_of_record
TN:
SF:src\components\Tooltip.tsx
FN:14,(anonymous_0)
FNF:1
FNH:1
FNDA:4,(anonymous_0)
DA:2,2
DA:3,2
DA:14,2
DA:15,4
DA:36,2
LF:5
LH:5
BRDA:14,0,0,4
BRDA:14,1,0,4
BRF:2
BRH:2
end_of_record
TN:
SF:src\components\Cards\Card.tsx
FN:13,(anonymous_0)
FNF:1
FNH:1
FNDA:22,(anonymous_0)
DA:1,3
DA:2,3
DA:13,3
DA:14,22
LF:4
LH:4
BRF:0
BRH:0
end_of_record
TN:
SF:src\components\Cards\CardProduct.tsx
FN:31,CardProduct
FN:36,(anonymous_1)
FN:44,(anonymous_2)
FN:49,(anonymous_3)
FN:66,(anonymous_4)
FN:74,(anonymous_5)
FN:83,(anonymous_6)
FN:97,(anonymous_7)
FN:103,(anonymous_8)
FNF:9
FNH:5
FNDA:5,CardProduct
FNDA:5,(anonymous_1)
FNDA:0,(anonymous_2)
FNDA:0,(anonymous_3)
FNDA:0,(anonymous_4)
FNDA:0,(anonymous_5)
FNDA:1,(anonymous_6)
FNDA:1,(anonymous_7)
FNDA:5,(anonymous_8)
DA:1,2
DA:2,2
DA:3,2
DA:4,2
DA:5,2
DA:7,2
DA:9,2
DA:10,2
DA:11,2
DA:31,2
DA:32,5
DA:33,5
DA:36,5
DA:37,5
DA:44,5
DA:45,0
DA:46,0
DA:49,5
DA:50,0
DA:51,0
DA:54,0
DA:55,0
DA:56,0
DA:60,0
DA:61,0
DA:62,0
DA:65,0
DA:66,0
DA:67,0
DA:68,0
DA:69,0
DA:71,0
DA:74,5
DA:75,0
DA:76,0
DA:77,0
DA:78,0
DA:79,0
DA:83,5
DA:84,1
DA:97,5
DA:98,1
DA:99,1
DA:103,5
DA:104,5
DA:105,5
DA:111,5
DA:112,1
DA:175,4
LF:49
LH:28
BRDA:32,0,0,5
BRDA:32,0,1,5
BRDA:51,1,0,0
BRDA:54,2,0,0
BRDA:60,3,0,0
BRDA:78,4,0,0
BRDA:90,5,0,1
BRDA:90,5,1,1
BRDA:104,6,0,0
BRDA:111,7,0,1
BRDA:117,8,0,0
BRDA:117,8,1,1
BRDA:119,9,0,0
BRDA:119,9,1,0
BRDA:150,10,0,1
BRDA:150,10,1,1
BRDA:154,11,0,1
BRDA:154,11,1,0
BRDA:155,12,0,1
BRDA:155,12,1,0
BRDA:161,13,0,1
BRDA:161,13,1,1
BRDA:161,13,2,1
BRDA:179,14,0,0
BRDA:179,14,1,4
BRDA:181,15,0,0
BRDA:181,15,1,0
BRDA:193,16,0,4
BRDA:193,16,1,0
BRDA:202,17,0,4
BRDA:202,17,1,0
BRDA:210,18,0,4
BRDA:210,18,1,0
BRDA:213,19,0,3
BRDA:213,19,1,1
BRDA:213,20,0,1
BRDA:213,20,1,0
BRDA:214,21,0,3
BRDA:214,21,1,1
BRDA:216,22,0,4
BRDA:216,22,1,3
BRDA:216,22,2,3
BRF:42
BRH:25
end_of_record
TN:
SF:src\components\Header\EditItemModal.tsx
FN:29,EditItemModal
FN:42,(anonymous_1)
FN:54,(anonymous_2)
FN:61,(anonymous_3)
FN:65,(anonymous_4)
FN:82,(anonymous_5)
FN:89,(anonymous_6)
FN:96,(anonymous_7)
FN:122,(anonymous_8)
FN:132,(anonymous_9)
FN:137,(anonymous_10)
FN:146,(anonymous_11)
FN:152,(anonymous_12)
FN:204,(anonymous_13)
FN:219,(anonymous_14)
FN:249,(anonymous_15)
FN:263,(anonymous_16)
FN:268,(anonymous_17)
FN:269,(anonymous_18)
FNF:19
FNH:12
FNDA:12,EditItemModal
FNDA:4,(anonymous_1)
FNDA:8,(anonymous_2)
FNDA:0,(anonymous_3)
FNDA:0,(anonymous_4)
FNDA:0,(anonymous_5)
FNDA:0,(anonymous_6)
FNDA:1,(anonymous_7)
FNDA:0,(anonymous_8)
FNDA:0,(anonymous_9)
FNDA:2,(anonymous_10)
FNDA:1,(anonymous_11)
FNDA:1,(anonymous_12)
FNDA:1,(anonymous_13)
FNDA:1,(anonymous_14)
FNDA:1,(anonymous_15)
FNDA:0,(anonymous_16)
FNDA:36,(anonymous_17)
FNDA:36,(anonymous_18)
DA:1,2
DA:2,2
DA:3,2
DA:4,2
DA:5,2
DA:7,2
DA:8,2
DA:9,2
DA:10,2
DA:11,2
DA:13,2
DA:14,2
DA:16,2
DA:29,2
DA:30,12
DA:31,12
DA:32,12
DA:33,12
DA:34,12
DA:35,12
DA:36,12
DA:37,12
DA:38,12
DA:42,12
DA:43,4
DA:44,4
DA:45,4
DA:46,4
DA:47,4
DA:48,4
DA:49,4
DA:54,12
DA:55,8
DA:56,0
DA:61,12
DA:62,0
DA:65,12
DA:66,0
DA:67,0
DA:70,0
DA:71,0
DA:72,0
DA:76,0
DA:77,0
DA:78,0
DA:81,0
DA:82,0
DA:83,0
DA:84,0
DA:86,0
DA:89,12
DA:90,0
DA:91,0
DA:92,0
DA:96,12
DA:97,1
DA:100,1
DA:101,0
DA:102,0
DA:106,1
DA:118,1
DA:119,1
DA:122,12
DA:123,0
DA:124,0
DA:125,0
DA:126,0
DA:127,0
DA:128,0
DA:132,12
DA:133,0
DA:134,0
DA:137,12
DA:138,2
DA:140,2
DA:141,1
DA:142,1
DA:146,12
DA:148,1
DA:149,1
DA:152,12
DA:154,1
DA:155,1
DA:159,12
DA:161,12
DA:204,1
DA:219,1
DA:249,1
DA:263,0
DA:268,36
DA:269,36
LF:91
LH:62
BRDA:43,0,0,4
BRDA:46,1,0,4
BRDA:46,1,1,0
BRDA:47,2,0,4
BRDA:47,2,1,0
BRDA:48,3,0,4
BRDA:48,3,1,0
BRDA:49,4,0,4
BRDA:49,4,1,0
BRDA:55,5,0,0
BRDA:67,6,0,0
BRDA:70,7,0,0
BRDA:76,8,0,0
BRDA:91,9,0,0
BRDA:100,10,0,0
BRDA:107,11,0,1
BRDA:107,11,1,0
BRDA:111,12,0,1
BRDA:111,12,1,0
BRDA:112,13,0,1
BRDA:112,13,1,0
BRDA:127,14,0,0
BRDA:138,15,0,0
BRDA:140,16,0,1
BRDA:159,17,0,0
BRDA:171,18,0,8
BRDA:171,18,1,4
BRDA:173,19,0,8
BRDA:173,19,1,0
BRDA:209,20,0,12
BRDA:209,20,1,0
BRDA:224,21,0,12
BRDA:224,21,1,0
BRDA:239,22,0,12
BRDA:239,22,1,0
BRDA:254,23,0,12
BRDA:254,23,1,0
BRDA:270,24,0,12
BRDA:270,24,1,0
BRF:39
BRH:17
end_of_record
TN:
SF:src\components\Header\Header.tsx
FN:23,AppHeader
FN:29,(anonymous_1)
FN:36,(anonymous_2)
FN:41,(anonymous_3)
FN:47,(anonymous_4)
FN:51,(anonymous_5)
FN:72,(anonymous_6)
FN:73,(anonymous_7)
FN:79,(anonymous_8)
FN:80,(anonymous_9)
FN:81,(anonymous_10)
FN:92,(anonymous_11)
FNF:12
FNH:2
FNDA:5,AppHeader
FNDA:1,(anonymous_1)
FNDA:0,(anonymous_2)
FNDA:0,(anonymous_3)
FNDA:0,(anonymous_4)
FNDA:0,(anonymous_5)
FNDA:0,(anonymous_6)
FNDA:0,(anonymous_7)
FNDA:0,(anonymous_8)
FNDA:0,(anonymous_9)
FNDA:0,(anonymous_10)
FNDA:0,(anonymous_11)
DA:1,2
DA:2,2
DA:3,2
DA:4,2
DA:5,2
DA:6,2
DA:7,2
DA:10,2
DA:16,2
DA:23,2
DA:24,5
DA:25,5
DA:26,1
DA:29,1
DA:30,1
DA:33,0
DA:36,0
DA:39,1
DA:41,1
DA:42,0
DA:44,0
DA:47,1
DA:48,0
DA:51,1
DA:52,0
DA:53,0
DA:57,1
DA:72,0
DA:73,0
DA:79,0
DA:80,0
DA:81,0
DA:92,0
LF:33
LH:20
BRDA:30,0,0,1
BRDA:64,1,0,1
BRDA:64,1,1,0
BRF:3
BRH:2
end_of_record
TN:
SF:src\components\Header\NewItem.tsx
FN:26,NewCardModal
FN:37,(anonymous_1)
FN:41,(anonymous_2)
FN:58,(anonymous_3)
FN:65,(anonymous_4)
FN:72,(anonymous_5)
FN:97,(anonymous_6)
FN:108,(anonymous_7)
FN:113,(anonymous_8)
FN:118,(anonymous_9)
FN:167,(anonymous_10)
FN:182,(anonymous_11)
FN:209,(anonymous_12)
FN:222,(anonymous_13)
FN:226,(anonymous_14)
FN:227,(anonymous_15)
FNF:16
FNH:11
FNDA:14,NewCardModal
FNDA:0,(anonymous_1)
FNDA:0,(anonymous_2)
FNDA:0,(anonymous_3)
FNDA:0,(anonymous_4)
FNDA:1,(anonymous_5)
FNDA:2,(anonymous_6)
FNDA:1,(anonymous_7)
FNDA:2,(anonymous_8)
FNDA:2,(anonymous_9)
FNDA:2,(anonymous_10)
FNDA:2,(anonymous_11)
FNDA:1,(anonymous_12)
FNDA:0,(anonymous_13)
FNDA:42,(anonymous_14)
FNDA:42,(anonymous_15)
DA:1,2
DA:2,2
DA:3,2
DA:4,2
DA:5,2
DA:7,2
DA:8,2
DA:9,2
DA:10,2
DA:11,2
DA:13,2
DA:14,2
DA:15,2
DA:26,2
DA:27,14
DA:28,14
DA:29,14
DA:30,14
DA:31,14
DA:32,14
DA:33,14
DA:34,14
DA:35,14
DA:37,14
DA:38,0
DA:41,14
DA:42,0
DA:43,0
DA:46,0
DA:47,0
DA:48,0
DA:52,0
DA:53,0
DA:54,0
DA:57,0
DA:58,0
DA:59,0
DA:60,0
DA:62,0
DA:65,14
DA:66,0
DA:67,0
DA:68,0
DA:72,14
DA:73,1
DA:76,1
DA:77,0
DA:78,0
DA:82,1
DA:92,1
DA:93,1
DA:94,1
DA:97,14
DA:98,2
DA:99,2
DA:100,2
DA:101,2
DA:102,2
DA:103,2
DA:104,2
DA:108,14
DA:109,1
DA:110,1
DA:113,14
DA:115,2
DA:116,2
DA:118,14
DA:120,2
DA:121,2
DA:124,14
DA:167,2
DA:182,2
DA:209,1
DA:222,0
DA:226,42
DA:227,42
LF:76
LH:56
BRDA:43,0,0,0
BRDA:46,1,0,0
BRDA:52,2,0,0
BRDA:67,3,0,0
BRDA:76,4,0,0
BRDA:86,5,0,1
BRDA:86,5,1,1
BRDA:103,6,0,2
BRDA:134,7,0,0
BRDA:134,7,1,14
BRDA:136,8,0,0
BRDA:136,8,1,0
BRDA:172,9,0,14
BRDA:172,9,1,0
BRDA:187,10,0,14
BRDA:187,10,1,0
BRDA:200,11,0,14
BRDA:200,11,1,0
BRDA:228,12,0,14
BRDA:228,12,1,0
BRF:20
BRH:8
end_of_record
TN:
SF:src\components\Sidebar\Sidebar.tsx
FN:38,AppSidebar
FN:44,(anonymous_1)
FN:71,(anonymous_2)
FN:76,(anonymous_3)
FN:93,(anonymous_4)
FNF:5
FNH:0
FNDA:0,AppSidebar
FNDA:0,(anonymous_1)
FNDA:0,(anonymous_2)
FNDA:0,(anonymous_3)
FNDA:0,(anonymous_4)
DA:1,1
DA:2,1
DA:3,1
DA:4,1
DA:5,1
DA:6,1
DA:7,1
DA:8,1
DA:9,1
DA:10,1
DA:11,1
DA:12,1
DA:15,1
DA:38,1
DA:39,0
DA:40,0
DA:41,0
DA:44,0
DA:45,0
DA:46,0
DA:49,0
DA:72,0
LF:22
LH:14
BRDA:50,0,0,0
BRDA:50,0,1,0
BRDA:55,1,0,0
BRDA:55,1,1,0
BRDA:67,2,0,0
BRDA:67,2,1,0
BRDA:69,3,0,0
BRDA:69,3,1,0
BRDA:84,4,0,0
BRDA:84,4,1,0
BRDA:87,5,0,0
BRDA:87,5,1,0
BRF:12
BRH:0
end_of_record
TN:
SF:src\components\Sidebar\SidebarItem.tsx
FN:7,(anonymous_0)
FNF:1
FNH:1
FNDA:6,(anonymous_0)
DA:2,2
DA:3,2
DA:5,2
DA:7,2
DA:22,6
DA:23,6
DA:25,6
DA:42,2
LF:8
LH:8
BRDA:29,0,0,5
BRDA:29,0,1,1
BRDA:30,1,0,2
BRDA:30,1,1,4
BRDA:34,2,0,6
BRDA:34,2,1,5
BRF:6
BRH:6
end_of_record
TN:
SF:src\hooks\useHistoryStore.ts
FN:24,useHistory
FN:28,(anonymous_1)
FN:34,(anonymous_2)
FN:46,(anonymous_3)
FN:51,(anonymous_4)
FN:58,(anonymous_5)
FN:62,(anonymous_6)
FN:74,useHistoryLogger
FN:77,(anonymous_8)
FN:86,(anonymous_9)
FN:128,(anonymous_10)
FN:137,(anonymous_11)
FNF:12
FNH:0
FNDA:0,useHistory
FNDA:0,(anonymous_1)
FNDA:0,(anonymous_2)
FNDA:0,(anonymous_3)
FNDA:0,(anonymous_4)
FNDA:0,(anonymous_5)
FNDA:0,(anonymous_6)
FNDA:0,useHistoryLogger
FNDA:0,(anonymous_8)
FNDA:0,(anonymous_9)
FNDA:0,(anonymous_10)
FNDA:0,(anonymous_11)
DA:1,1
DA:2,1
DA:18,1
DA:24,1
DA:25,0
DA:28,0
DA:29,0
DA:30,0
DA:31,0
DA:32,0
DA:34,0
DA:38,0
DA:41,0
DA:46,0
DA:47,0
DA:51,0
DA:52,0
DA:58,0
DA:62,0
DA:63,0
DA:66,0
DA:74,1
DA:75,0
DA:77,0
DA:78,0
DA:86,0
DA:87,0
DA:89,0
DA:90,0
DA:93,0
DA:94,0
DA:99,0
DA:100,0
DA:103,0
DA:104,0
DA:107,0
DA:108,0
DA:111,0
DA:112,0
DA:115,0
DA:116,0
DA:119,0
DA:128,0
DA:129,0
DA:137,0
DA:138,0
DA:146,0
LF:47
LH:5
BRDA:31,0,0,0
BRDA:82,1,0,0
BRDA:82,1,1,0
BRDA:89,2,0,0
BRDA:93,3,0,0
BRDA:95,4,0,0
BRDA:95,4,1,0
BRDA:95,5,0,0
BRDA:95,5,1,0
BRDA:99,6,0,0
BRDA:103,7,0,0
BRDA:103,8,0,0
BRDA:103,8,1,0
BRDA:103,9,0,0
BRDA:103,9,1,0
BRDA:104,10,0,0
BRDA:104,10,1,0
BRDA:104,11,0,0
BRDA:104,11,1,0
BRDA:107,12,0,0
BRDA:107,13,0,0
BRDA:107,13,1,0
BRDA:107,14,0,0
BRDA:107,14,1,0
BRDA:108,15,0,0
BRDA:108,15,1,0
BRDA:108,16,0,0
BRDA:108,16,1,0
BRDA:111,17,0,0
BRDA:111,18,0,0
BRDA:111,18,1,0
BRDA:111,19,0,0
BRDA:111,19,1,0
BRDA:112,20,0,0
BRDA:112,20,1,0
BRDA:112,21,0,0
BRDA:112,21,1,0
BRDA:115,22,0,0
BRDA:142,23,0,0
BRDA:142,23,1,0
BRF:40
BRH:0
end_of_record
TN:
SF:src\hooks\useLocalStorage.ts
FN:3,(anonymous_0)
FN:4,(anonymous_1)
FN:18,(anonymous_2)
FNF:3
FNH:0
FNDA:0,(anonymous_0)
FNDA:0,(anonymous_1)
FNDA:0,(anonymous_2)
DA:1,1
DA:3,1
DA:4,0
DA:5,0
DA:6,0
DA:8,0
DA:9,0
DA:11,0
DA:13,0
DA:14,0
DA:18,0
DA:19,0
DA:20,0
DA:22,0
DA:23,0
DA:24,0
DA:27,0
DA:31,0
LF:18
LH:2
BRDA:5,0,0,0
BRDA:11,1,0,0
BRDA:11,1,1,0
BRDA:20,2,0,0
BRDA:20,2,1,0
BRDA:23,3,0,0
BRF:6
BRH:0
end_of_record
TN:
SF:src\hooks\useSales.ts
FN:15,(anonymous_0)
FN:21,(anonymous_1)
FN:33,(anonymous_2)
FN:36,(anonymous_3)
FN:38,(anonymous_4)
FN:49,(anonymous_5)
FN:52,(anonymous_6)
FN:57,(anonymous_7)
FN:64,(anonymous_8)
FNF:9
FNH:0
FNDA:0,(anonymous_0)
FNDA:0,(anonymous_1)
FNDA:0,(anonymous_2)
FNDA:0,(anonymous_3)
FNDA:0,(anonymous_4)
FNDA:0,(anonymous_5)
FNDA:0,(anonymous_6)
FNDA:0,(anonymous_7)
FNDA:0,(anonymous_8)
DA:1,0
DA:2,0
DA:5,0
DA:15,0
DA:16,0
DA:17,0
DA:18,0
DA:19,0
DA:21,0
DA:22,0
DA:25,0
DA:33,0
DA:36,0
DA:38,0
DA:39,0
DA:42,0
DA:49,0
DA:52,0
DA:53,0
DA:54,0
DA:57,0
DA:58,0
DA:61,0
DA:64,0
DA:67,0
DA:72,0
DA:75,0
LF:27
LH:0
BRDA:22,0,0,0
BRDA:39,1,0,0
BRDA:58,2,0,0
BRDA:58,2,1,0
BRDA:61,3,0,0
BRF:5
BRH:0
end_of_record
TN:
SF:src\hooks\__tests__\useHistoryStore.test.ts
FN:16,(anonymous_0)
FN:17,(anonymous_1)
FN:21,(anonymous_2)
FN:26,(anonymous_3)
FN:44,(anonymous_4)
FN:47,(anonymous_5)
FN:61,(anonymous_6)
FN:64,(anonymous_7)
FN:73,(anonymous_8)
FN:81,(anonymous_9)
FN:82,(anonymous_10)
FN:85,(anonymous_11)
FN:88,(anonymous_12)
FN:103,(anonymous_13)
FN:106,(anonymous_14)
FN:122,(anonymous_15)
FN:125,(anonymous_16)
FN:141,(anonymous_17)
FN:144,(anonymous_18)
FN:160,(anonymous_19)
FNF:20
FNH:0
FNDA:0,(anonymous_0)
FNDA:0,(anonymous_1)
FNDA:0,(anonymous_2)
FNDA:0,(anonymous_3)
FNDA:0,(anonymous_4)
FNDA:0,(anonymous_5)
FNDA:0,(anonymous_6)
FNDA:0,(anonymous_7)
FNDA:0,(anonymous_8)
FNDA:0,(anonymous_9)
FNDA:0,(anonymous_10)
FNDA:0,(anonymous_11)
FNDA:0,(anonymous_12)
FNDA:0,(anonymous_13)
FNDA:0,(anonymous_14)
FNDA:0,(anonymous_15)
FNDA:0,(anonymous_16)
FNDA:0,(anonymous_17)
FNDA:0,(anonymous_18)
FNDA:0,(anonymous_19)
DA:1,0
DA:2,0
DA:5,0
DA:16,0
DA:17,0
DA:18,0
DA:21,0
DA:22,0
DA:23,0
DA:26,0
DA:27,0
DA:37,0
DA:39,0
DA:40,0
DA:41,0
DA:44,0
DA:45,0
DA:47,0
DA:48,0
DA:56,0
DA:57,0
DA:58,0
DA:61,0
DA:62,0
DA:64,0
DA:65,0
DA:73,0
DA:74,0
DA:77,0
DA:81,0
DA:82,0
DA:83,0
DA:85,0
DA:86,0
DA:88,0
DA:89,0
DA:97,0
DA:98,0
DA:99,0
DA:100,0
DA:101,0
DA:103,0
DA:104,0
DA:106,0
DA:107,0
DA:115,0
DA:116,0
DA:117,0
DA:118,0
DA:119,0
DA:122,0
DA:123,0
DA:125,0
DA:126,0
DA:134,0
DA:135,0
DA:136,0
DA:137,0
DA:138,0
DA:141,0
DA:142,0
DA:144,0
DA:145,0
DA:153,0
DA:154,0
DA:155,0
DA:156,0
DA:157,0
DA:160,0
DA:161,0
DA:163,0
DA:164,0
LF:72
LH:0
BRDA:97,0,0,0
BRDA:97,0,1,0
BRDA:115,1,0,0
BRDA:115,1,1,0
BRDA:134,2,0,0
BRDA:134,2,1,0
BRDA:153,3,0,0
BRDA:153,3,1,0
BRF:8
BRH:0
end_of_record
TN:
SF:src\hooks\__tests__\useLocalStorage.test.ts
FN:4,(anonymous_0)
FN:8,(anonymous_1)
FN:13,(anonymous_2)
FN:14,(anonymous_3)
FN:19,(anonymous_4)
FN:23,(anonymous_5)
FN:28,(anonymous_6)
FN:29,(anonymous_7)
FN:31,(anonymous_8)
FN:39,(anonymous_9)
FN:42,(anonymous_10)
FN:47,(anonymous_11)
FN:48,(anonymous_12)
FN:50,(anonymous_13)
FN:51,(anonymous_14)
FN:57,(anonymous_15)
FN:62,(anonymous_16)
FNF:17
FNH:0
FNDA:0,(anonymous_0)
FNDA:0,(anonymous_1)
FNDA:0,(anonymous_2)
FNDA:0,(anonymous_3)
FNDA:0,(anonymous_4)
FNDA:0,(anonymous_5)
FNDA:0,(anonymous_6)
FNDA:0,(anonymous_7)
FNDA:0,(anonymous_8)
FNDA:0,(anonymous_9)
FNDA:0,(anonymous_10)
FNDA:0,(anonymous_11)
FNDA:0,(anonymous_12)
FNDA:0,(anonymous_13)
FNDA:0,(anonymous_14)
FNDA:0,(anonymous_15)
FNDA:0,(anonymous_16)
DA:1,0
DA:2,0
DA:4,0
DA:5,0
DA:6,0
DA:8,0
DA:10,0
DA:13,0
DA:14,0
DA:16,0
DA:19,0
DA:21,0
DA:23,0
DA:25,0
DA:28,0
DA:29,0
DA:31,0
DA:32,0
DA:35,0
DA:36,0
DA:39,0
DA:40,0
DA:42,0
DA:44,0
DA:47,0
DA:48,0
DA:50,0
DA:51,0
DA:54,0
DA:57,0
DA:58,0
DA:60,0
DA:62,0
DA:64,0
DA:67,0
LF:35
LH:0
BRDA:36,0,0,0
BRDA:36,0,1,0
BRF:2
BRH:0
end_of_record
TN:
SF:src\hooks\__tests__\useSales.test.ts
FN:7,(anonymous_0)
FN:8,(anonymous_1)
FN:9,(anonymous_2)
FN:21,(anonymous_3)
FN:27,(anonymous_4)
FN:40,(anonymous_5)
FN:41,(anonymous_6)
FN:53,(anonymous_7)
FN:58,(anonymous_8)
FN:65,(anonymous_9)
FN:66,(anonymous_10)
FN:79,(anonymous_11)
FNF:12
FNH:0
FNDA:0,(anonymous_0)
FNDA:0,(anonymous_1)
FNDA:0,(anonymous_2)
FNDA:0,(anonymous_3)
FNDA:0,(anonymous_4)
FNDA:0,(anonymous_5)
FNDA:0,(anonymous_6)
FNDA:0,(anonymous_7)
FNDA:0,(anonymous_8)
FNDA:0,(anonymous_9)
FNDA:0,(anonymous_10)
FNDA:0,(anonymous_11)
DA:1,0
DA:2,0
DA:3,0
DA:4,0
DA:5,0
DA:7,0
DA:8,0
DA:9,0
DA:11,0
DA:21,0
DA:22,0
DA:26,0
DA:27,0
DA:31,0
DA:32,0
DA:40,0
DA:41,0
DA:43,0
DA:53,0
DA:54,0
DA:57,0
DA:58,0
DA:62,0
DA:65,0
DA:66,0
DA:69,0
DA:79,0
DA:80,0
DA:81,0
DA:84,0
DA:85,0
LF:31
LH:0
BRF:0
BRH:0
end_of_record
TN:
SF:src\pages\AllItems.tsx
FN:17,(anonymous_0)
FN:35,(anonymous_1)
FN:38,(anonymous_2)
FN:43,(anonymous_3)
FN:49,(anonymous_4)
FN:64,(anonymous_5)
FN:65,(anonymous_6)
FN:65,(anonymous_7)
FN:68,(anonymous_8)
FN:70,(anonymous_9)
FN:77,(anonymous_10)
FN:79,(anonymous_11)
FN:81,(anonymous_12)
FN:81,(anonymous_13)
FN:88,(anonymous_14)
FN:90,(anonymous_15)
FN:92,(anonymous_16)
FN:92,(anonymous_17)
FN:100,(anonymous_18)
FN:107,(anonymous_19)
FN:112,(anonymous_20)
FN:122,(anonymous_21)
FN:126,(anonymous_22)
FN:135,(anonymous_23)
FN:163,(anonymous_24)
FN:190,(anonymous_25)
FN:204,(anonymous_26)
FN:209,(anonymous_27)
FN:211,(anonymous_28)
FN:223,(anonymous_29)
FN:223,(anonymous_30)
FN:271,(anonymous_31)
FN:275,(anonymous_32)
FN:285,(anonymous_33)
FN:298,(anonymous_34)
FN:329,markAsSold
FNF:36
FNH:0
FNDA:0,(anonymous_0)
FNDA:0,(anonymous_1)
FNDA:0,(anonymous_2)
FNDA:0,(anonymous_3)
FNDA:0,(anonymous_4)
FNDA:0,(anonymous_5)
FNDA:0,(anonymous_6)
FNDA:0,(anonymous_7)
FNDA:0,(anonymous_8)
FNDA:0,(anonymous_9)
FNDA:0,(anonymous_10)
FNDA:0,(anonymous_11)
FNDA:0,(anonymous_12)
FNDA:0,(anonymous_13)
FNDA:0,(anonymous_14)
FNDA:0,(anonymous_15)
FNDA:0,(anonymous_16)
FNDA:0,(anonymous_17)
FNDA:0,(anonymous_18)
FNDA:0,(anonymous_19)
FNDA:0,(anonymous_20)
FNDA:0,(anonymous_21)
FNDA:0,(anonymous_22)
FNDA:0,(anonymous_23)
FNDA:0,(anonymous_24)
FNDA:0,(anonymous_25)
FNDA:0,(anonymous_26)
FNDA:0,(anonymous_27)
FNDA:0,(anonymous_28)
FNDA:0,(anonymous_29)
FNDA:0,(anonymous_30)
FNDA:0,(anonymous_31)
FNDA:0,(anonymous_32)
FNDA:0,(anonymous_33)
FNDA:0,(anonymous_34)
FNDA:0,markAsSold
DA:1,1
DA:2,1
DA:3,1
DA:4,1
DA:5,1
DA:6,1
DA:7,1
DA:8,1
DA:9,1
DA:10,1
DA:11,1
DA:12,1
DA:13,1
DA:17,1
DA:18,0
DA:19,0
DA:20,0
DA:21,0
DA:22,0
DA:23,0
DA:24,0
DA:25,0
DA:28,0
DA:30,0
DA:31,0
DA:35,0
DA:36,0
DA:39,0
DA:40,0
DA:44,0
DA:45,0
DA:46,0
DA:50,0
DA:52,0
DA:54,0
DA:56,0
DA:58,0
DA:64,0
DA:65,0
DA:68,0
DA:69,0
DA:70,0
DA:73,0
DA:77,0
DA:79,0
DA:81,0
DA:83,0
DA:84,0
DA:88,0
DA:90,0
DA:92,0
DA:94,0
DA:95,0
DA:100,0
DA:101,0
DA:102,0
DA:107,0
DA:108,0
DA:112,0
DA:113,0
DA:114,0
DA:116,0
DA:117,0
DA:122,0
DA:123,0
DA:126,0
DA:127,0
DA:130,0
DA:136,0
DA:137,0
DA:146,0
DA:147,0
DA:155,0
DA:156,0
DA:158,0
DA:164,0
DA:165,0
DA:175,0
DA:176,0
DA:184,0
DA:185,0
DA:191,0
DA:192,0
DA:201,0
DA:204,0
DA:205,0
DA:209,0
DA:211,0
DA:213,0
DA:215,0
DA:223,0
DA:226,0
DA:229,0
DA:234,0
DA:271,0
DA:276,0
DA:286,0
DA:287,0
DA:299,0
DA:300,0
DA:330,0
LF:101
LH:14
BRDA:39,0,0,0
BRDA:44,1,0,0
BRDA:46,2,0,0
BRDA:46,2,1,0
BRDA:50,3,0,0
BRDA:50,3,1,0
BRDA:50,3,2,0
BRDA:50,3,3,0
BRDA:65,4,0,0
BRDA:65,4,1,0
BRDA:65,5,0,0
BRDA:65,5,1,0
BRDA:81,6,0,0
BRDA:81,6,1,0
BRDA:83,7,0,0
BRDA:94,8,0,0
BRDA:108,9,0,0
BRDA:108,9,1,0
BRDA:146,10,0,0
BRDA:156,11,0,0
BRDA:156,12,0,0
BRDA:156,12,1,0
BRDA:175,13,0,0
BRDA:184,14,0,0
BRDA:213,15,0,0
BRDA:213,16,0,0
BRDA:213,16,1,0
BRDA:213,16,2,0
BRDA:219,17,0,0
BRDA:219,17,1,0
BRDA:223,18,0,0
BRDA:223,18,1,0
BRDA:248,19,0,0
BRDA:248,19,1,0
BRDA:263,20,0,0
BRDA:263,20,1,0
BRDA:267,21,0,0
BRDA:267,21,1,0
BRDA:271,22,0,0
BRDA:271,22,1,0
BRDA:274,23,0,0
BRDA:274,23,1,0
BRDA:278,24,0,0
BRDA:278,24,1,0
BRDA:287,25,0,0
BRDA:289,26,0,0
BRDA:289,26,1,0
BRDA:300,27,0,0
BRDA:302,28,0,0
BRDA:302,28,1,0
BRDA:314,29,0,0
BRDA:314,29,1,0
BRF:52
BRH:0
end_of_record
TN:
SF:src\pages\Configuration.tsx
FN:14,(anonymous_0)
FN:20,(anonymous_1)
FN:30,(anonymous_2)
FN:34,(anonymous_3)
FN:38,(anonymous_4)
FN:70,(anonymous_5)
FN:71,(anonymous_6)
FN:91,(anonymous_7)
FN:96,(anonymous_8)
FN:101,(anonymous_9)
FNF:10
FNH:5
FNDA:13,(anonymous_0)
FNDA:6,(anonymous_1)
FNDA:10,(anonymous_2)
FNDA:0,(anonymous_3)
FNDA:0,(anonymous_4)
FNDA:0,(anonymous_5)
FNDA:1,(anonymous_6)
FNDA:1,(anonymous_7)
FNDA:0,(anonymous_8)
FNDA:0,(anonymous_9)
DA:1,1
DA:3,1
DA:4,1
DA:5,1
DA:6,1
DA:7,1
DA:8,1
DA:9,1
DA:10,1
DA:11,1
DA:12,1
DA:14,1
DA:15,13
DA:16,13
DA:17,13
DA:20,13
DA:21,6
DA:23,6
DA:24,6
DA:25,3
DA:30,13
DA:31,10
DA:34,13
DA:35,0
DA:38,13
DA:39,0
DA:43,13
DA:44,6
DA:47,7
DA:70,0
DA:71,1
LF:31
LH:28
BRDA:24,0,0,3
BRDA:43,1,0,6
BRF:2
BRH:2
end_of_record
TN:
SF:src\pages\Dashboard.tsx
FN:17,DashboardPage
FN:32,(anonymous_1)
FN:34,(anonymous_2)
FN:37,(anonymous_3)
FN:39,(anonymous_4)
FN:43,(anonymous_5)
FN:55,(anonymous_6)
FN:57,(anonymous_7)
FN:99,(anonymous_8)
FN:104,(anonymous_9)
FN:137,(anonymous_10)
FNF:11
FNH:0
FNDA:0,DashboardPage
FNDA:0,(anonymous_1)
FNDA:0,(anonymous_2)
FNDA:0,(anonymous_3)
FNDA:0,(anonymous_4)
FNDA:0,(anonymous_5)
FNDA:0,(anonymous_6)
FNDA:0,(anonymous_7)
FNDA:0,(anonymous_8)
FNDA:0,(anonymous_9)
FNDA:0,(anonymous_10)
DA:1,1
DA:2,1
DA:3,1
DA:4,1
DA:5,1
DA:6,1
DA:7,1
DA:9,1
DA:10,1
DA:11,1
DA:12,1
DA:15,1
DA:17,1
DA:18,0
DA:19,0
DA:20,0
DA:23,0
DA:24,0
DA:26,0
DA:30,0
DA:32,0
DA:34,0
DA:37,0
DA:38,0
DA:40,0
DA:41,0
DA:43,0
DA:44,0
DA:48,0
DA:55,0
DA:56,0
DA:57,0
DA:66,0
DA:69,0
DA:99,0
DA:104,0
DA:110,0
DA:137,0
DA:142,0
DA:143,0
DA:145,0
LF:41
LH:13
BRDA:34,0,0,0
BRDA:34,0,1,0
BRDA:56,1,0,0
BRDA:66,2,0,0
BRDA:66,2,1,0
BRDA:66,3,0,0
BRDA:66,3,1,0
BRDA:160,4,0,0
BRDA:160,4,1,0
BRDA:160,5,0,0
BRDA:160,5,1,0
BRDA:184,6,0,0
BRDA:184,6,1,0
BRDA:204,7,0,0
BRDA:204,7,1,0
BRF:15
BRH:0
end_of_record
TN:
SF:src\pages\History.tsx
FN:17,(anonymous_0)
FN:24,(anonymous_1)
FN:44,(anonymous_2)
FN:56,(anonymous_3)
FN:75,(anonymous_4)
FN:85,(anonymous_5)
FN:91,(anonymous_6)
FN:97,(anonymous_7)
FN:104,(anonymous_8)
FN:108,(anonymous_9)
FN:110,(anonymous_10)
FN:142,(anonymous_11)
FNF:12
FNH:0
FNDA:0,(anonymous_0)
FNDA:0,(anonymous_1)
FNDA:0,(anonymous_2)
FNDA:0,(anonymous_3)
FNDA:0,(anonymous_4)
FNDA:0,(anonymous_5)
FNDA:0,(anonymous_6)
FNDA:0,(anonymous_7)
FNDA:0,(anonymous_8)
FNDA:0,(anonymous_9)
FNDA:0,(anonymous_10)
FNDA:0,(anonymous_11)
DA:1,1
DA:2,1
DA:3,1
DA:4,1
DA:5,1
DA:6,1
DA:7,1
DA:8,1
DA:9,1
DA:10,1
DA:11,1
DA:13,1
DA:14,1
DA:15,1
DA:17,1
DA:18,0
DA:19,0
DA:20,0
DA:21,0
DA:24,0
DA:26,0
DA:27,0
DA:31,0
DA:32,0
DA:33,0
DA:40,0
DA:44,0
DA:45,0
DA:47,0
DA:49,0
DA:51,0
DA:56,0
DA:57,0
DA:60,0
DA:75,0
DA:85,0
DA:91,0
DA:97,0
DA:104,0
DA:108,0
DA:110,0
DA:143,0
DA:144,0
DA:146,0
LF:44
LH:15
BRDA:26,0,0,0
BRDA:26,1,0,0
BRDA:26,1,1,0
BRDA:31,2,0,0
BRDA:34,3,0,0
BRDA:34,3,1,0
BRDA:34,3,2,0
BRDA:45,4,0,0
BRDA:45,4,1,0
BRDA:45,4,2,0
BRDA:83,5,0,0
BRDA:83,5,1,0
BRDA:89,6,0,0
BRDA:89,6,1,0
BRDA:95,7,0,0
BRDA:95,7,1,0
BRDA:102,8,0,0
BRDA:102,8,1,0
BRDA:120,9,0,0
BRDA:120,9,1,0
BRDA:124,10,0,0
BRDA:124,10,1,0
BRF:22
BRH:0
end_of_record
TN:
SF:src\pages\Landing.tsx
FN:9,(anonymous_0)
FNF:1
FNH:0
FNDA:0,(anonymous_0)
DA:1,0
DA:2,0
DA:3,0
DA:4,0
DA:5,0
DA:6,0
DA:7,0
DA:9,0
DA:10,0
LF:9
LH:0
BRF:0
BRH:0
end_of_record
TN:
SF:src\pages\NotFoundPage.tsx
FN:3,(anonymous_0)
FNF:1
FNH:1
FNDA:3,(anonymous_0)
DA:1,1
DA:3,1
DA:5,3
DA:20,1
LF:4
LH:4
BRF:0
BRH:0
end_of_record
TN:
SF:src\store\salesAtoms.ts
FN:18,(anonymous_0)
FN:20,(anonymous_1)
FN:26,(anonymous_2)
FN:32,(anonymous_3)
FN:37,(anonymous_4)
FNF:5
FNH:0
FNDA:0,(anonymous_0)
FNDA:0,(anonymous_1)
FNDA:0,(anonymous_2)
FNDA:0,(anonymous_3)
FNDA:0,(anonymous_4)
DA:1,1
DA:11,1
DA:16,1
DA:19,0
DA:20,0
DA:24,1
DA:27,0
DA:28,0
DA:29,0
DA:32,0
DA:33,0
DA:37,0
DA:38,0
DA:39,0
DA:42,0
LF:15
LH:4
BRF:0
BRH:0
end_of_record
TN:
SF:src\utils\test-utils.tsx
FN:6,(anonymous_0)
FN:8,(anonymous_1)
FN:15,(anonymous_2)
FN:24,(anonymous_3)
FN:25,(anonymous_4)
FN:33,(anonymous_5)
FN:43,(anonymous_6)
FN:44,(anonymous_7)
FN:53,(anonymous_8)
FN:57,(anonymous_9)
FN:65,(anonymous_10)
FN:74,(anonymous_11)
FN:80,(anonymous_12)
FN:86,(anonymous_13)
FN:92,(anonymous_14)
FN:97,(anonymous_15)
FNF:16
FNH:3
FNDA:0,(anonymous_0)
FNDA:0,(anonymous_1)
FNDA:0,(anonymous_2)
FNDA:0,(anonymous_3)
FNDA:0,(anonymous_4)
FNDA:0,(anonymous_5)
FNDA:0,(anonymous_6)
FNDA:0,(anonymous_7)
FNDA:10,(anonymous_8)
FNDA:0,(anonymous_9)
FNDA:0,(anonymous_10)
FNDA:0,(anonymous_11)
FNDA:10,(anonymous_12)
FNDA:0,(anonymous_13)
FNDA:5,(anonymous_14)
FNDA:0,(anonymous_15)
DA:1,2
DA:2,2
DA:3,2
DA:6,2
DA:8,0
DA:15,2
DA:16,0
DA:17,0
DA:24,2
DA:25,0
DA:33,2
DA:43,2
DA:44,0
DA:53,2
DA:54,10
DA:57,10
DA:58,0
DA:59,0
DA:61,0
DA:65,10
DA:66,0
DA:67,0
DA:69,0
DA:74,2
DA:75,0
DA:76,0
DA:80,2
DA:81,10
DA:82,10
DA:86,2
DA:87,0
DA:88,0
DA:92,2
DA:93,5
DA:97,2
DA:98,0
LF:36
LH:20
BRDA:58,0,0,0
BRDA:59,1,0,0
BRDA:59,1,1,0
BRDA:66,2,0,0
BRF:4
BRH:0
end_of_record
